New Logon   
New Logon   
Heartbeat Message   
Heartbeat Message   
Heartbeat Message   
Heartbeat Message   
Heartbeat Message   
Heartbeat Message   
Heartbeat Message   
Heartbeat Message   
Heartbeat Message   
Heartbeat Message   
Heartbeat Message   
Heartbeat Message   
Heartbeat Message   
Heartbeat Message   
Heartbeat Message   
Heartbeat Message   
Heartbeat Message   
Heartbeat Message   
Heartbeat Message   
Heartbeat Message   
Heartbeat Message   
Heartbeat Message   
Heartbeat Message   
Heartbeat Message   
Heartbeat Message   
Heartbeat Message   
Heartbeat Message   
Heartbeat Message   
Heartbeat Message   
Heartbeat Message   
Heartbeat Message   
Heartbeat Message   
Heartbeat Message   
Heartbeat Message   
Heartbeat Message   
Heartbeat Message   
Heartbeat Message   
Heartbeat Message   
Heartbeat Message   
Heartbeat Message   
Heartbeat Message   
Heartbeat Message   
Heartbeat Message   
Heartbeat Message   
Heartbeat Message   
Heartbeat Message   
Heartbeat Message   
Heartbeat Message   
Heartbeat Message   
Heartbeat Message   
Heartbeat Message   
Heartbeat Message   
Heartbeat Message   
Heartbeat Message   
Heartbeat Message   
Heartbeat Message   
Heartbeat Message   
Heartbeat Message   
Heartbeat Message   
Heartbeat Message   
Heartbeat Message   
Heartbeat Message   
Heartbeat Message   
Heartbeat Message   
Heartbeat Message   
Heartbeat Message   
Heartbeat Message   
Heartbeat Message   
Heartbeat Message   
Heartbeat Message   
Heartbeat Message   
Heartbeat Message   
Heartbeat Message   
Heartbeat Message   
Heartbeat Message   
Heartbeat Message   
Heartbeat Message   
Heartbeat Message   
Heartbeat Message   
Heartbeat Message   
Heartbeat Message   
Heartbeat Message   
Heartbeat Message   
Heartbeat Message   
Heartbeat Message   
Heartbeat Message   
Heartbeat Message   
Heartbeat Message   
Heartbeat Message   
Heartbeat Message   
Heartbeat Message   
Heartbeat Message   
Heartbeat Message   
Heartbeat Message   
Heartbeat Message   
Heartbeat Message   
Heartbeat Message   
Heartbeat Message   
Heartbeat Message   
Heartbeat Message   
New buy order for ABM with Order ID algo20220414170426, at price 1276.37
Execution report: New Order for ABM with Order ID algo20220414170426, at price 1276.37
Execution report: Partial fill for ABM with Order ID algo20220414170426, at price 1276.37
Execution report: Partial fill for ABM with Order ID algo20220414170426, at price 1276.37
Execution report: Partial fill for ABM with Order ID algo20220414170426, at price 1276.37
Execution report: Fill for ABM with Order ID algo20220414170426, at price 1276.37
New buy order for ABM with Order ID algo20220414170430, at price 59.89
Execution report: New Order for ABM with Order ID algo20220414170430, at price 59.89
Cancel request for ABM with Order ID C_algo20220414170430, 20163 shares
Execution report: Pending Cancel for ABM with Order ID C_algo20220414170430, at price 59.89
Execution report: Cancelled for ABM with Order ID C_algo20220414170430, 20163 shares
New buy order for ABM with Order ID algo20220414170432, at price 133.47
Execution report: New Order for ABM with Order ID algo20220414170432, at price 133.47
Execution report: Partial fill for ABM with Order ID algo20220414170432, at price 133.47
Execution report: Partial fill for ABM with Order ID algo20220414170432, at price 133.47
Execution report: Fill for ABM with Order ID algo20220414170432, at price 133.47
New buy order for ABM with Order ID algo20220414170435, at price 430.62
Execution report: New Order for ABM with Order ID algo20220414170435, at price 430.62
Cancel request for ABM with Order ID C_algo20220414170435, 11019 shares
Execution report: Pending Cancel for ABM with Order ID C_algo20220414170435, at price 430.62
Execution report: Cancelled for ABM with Order ID C_algo20220414170435, 11019 shares
New buy order for ABM with Order ID algo20220414170437, at price 42.05
Execution report: New Order for ABM with Order ID algo20220414170437, at price 42.05
Execution report: Partial fill for ABM with Order ID algo20220414170437, at price 42.05
Execution report: Partial fill for ABM with Order ID algo20220414170437, at price 42.05
Cancel request for ABM with Order ID C_algo20220414170437, 21014 shares
Execution report: Pending Cancel for ABM with Order ID C_algo20220414170437, at price 42.05
Execution report: Cancelled for ABM with Order ID C_algo20220414170437, 21014 shares
New buy order for ABM with Order ID algo20220414170441, at price 289.20
Execution report: New Order for ABM with Order ID algo20220414170441, at price 289.20
Cancel request for ABM with Order ID C_algo20220414170441, 24165 shares
Execution report: Pending Cancel for ABM with Order ID C_algo20220414170441, at price 289.20
Execution report: Cancelled for ABM with Order ID C_algo20220414170441, 24165 shares
New buy order for ABM with Order ID algo20220414170443, at price 339.13
New buy order for ABM with Order ID algo20220414170443, at price 339.13
Execution report: Partial fill for ABM with Order ID algo20220414170443, at price 339.13
Execution report: Fill for ABM with Order ID algo20220414170443, at price 339.13
New buy order for ABM with Order ID algo20220414170445, at price 36.21
Execution report: New Order for ABM with Order ID algo20220414170445, at price 36.21
Cancel request for ABM with Order ID C_algo20220414170445, 28225 shares
Execution report: Pending Cancel for ABM with Order ID C_algo20220414170445, at price 36.21
Execution report: Cancelled for ABM with Order ID C_algo20220414170445, 28225 shares
New buy order for ABM with Order ID algo20220414170447, at price 306.71
Execution report: New Order for ABM with Order ID algo20220414170447, at price 306.71
Execution report: Fill for ABM with Order ID algo20220414170447, at price 306.71
New buy order for ABM with Order ID algo20220414170448, at price 233.73
Execution report: New Order for ABM with Order ID algo20220414170448, at price 233.73
Cancel request for ABM with Order ID C_algo20220414170448, 12721 shares
Execution report: Pending Cancel for ABM with Order ID C_algo20220414170448, at price 233.73
Execution report: Cancelled for ABM with Order ID C_algo20220414170448, 12721 shares
New buy order for ABM with Order ID algo20220414170450, at price 116.62
Execution report: New Order for ABM with Order ID algo20220414170450, at price 116.62
Cancel request for ABM with Order ID C_algo20220414170450, 22715 shares
Execution report: Pending Cancel for ABM with Order ID C_algo20220414170450, at price 116.62
Execution report: Cancelled for ABM with Order ID C_algo20220414170450, 22715 shares
New buy order for ABM with Order ID algo20220414170453, at price 723.61
Execution report: New Order for ABM with Order ID algo20220414170453, at price 723.61
Execution report: Partial fill for ABM with Order ID algo20220414170453, at price 723.61
Cancel request for ABM with Order ID C_algo20220414170453, 16781 shares
Execution report: Pending Cancel for ABM with Order ID C_algo20220414170453, at price 723.61
Execution report: Cancelled for ABM with Order ID C_algo20220414170453, 16781 shares
New buy order for ABM with Order ID algo20220414170456, at price 503.77
Execution report: New Order for ABM with Order ID algo20220414170456, at price 503.77
Execution report: Fill for ABM with Order ID algo20220414170456, at price 503.77
New buy order for ABM with Order ID algo20220414170457, at price 112.46
Execution report: New Order for ABM with Order ID algo20220414170457, at price 112.46
Execution report: Partial fill for ABM with Order ID algo20220414170457, at price 112.46
Execution report: Partial fill for ABM with Order ID algo20220414170457, at price 112.46
Execution report: Partial fill for ABM with Order ID algo20220414170457, at price 112.46
Cancel request for ABM with Order ID C_algo20220414170457, 20840 shares
Execution report: Pending Cancel for ABM with Order ID C_algo20220414170457, at price 112.46
Execution report: Cancelled for ABM with Order ID C_algo20220414170457, 20840 shares
New buy order for ABM with Order ID algo20220414170502, at price 262.99
Execution report: New Order for ABM with Order ID algo20220414170502, at price 262.99
Execution report: Fill for ABM with Order ID algo20220414170502, at price 262.99
New buy order for ABM with Order ID algo20220414170503, at price 82.91
Execution report: New Order for ABM with Order ID algo20220414170503, at price 82.91
Execution report: Partial fill for ABM with Order ID algo20220414170503, at price 82.91
Execution report: Partial fill for ABM with Order ID algo20220414170503, at price 82.91
Cancel request for ABM with Order ID C_algo20220414170503, 31260 shares
Execution report: Pending Cancel for ABM with Order ID C_algo20220414170503, at price 82.91
Execution report: Cancelled for ABM with Order ID C_algo20220414170503, 31260 shares
New buy order for ABM with Order ID algo20220414170507, at price 75.71
Execution report: New Order for ABM with Order ID algo20220414170507, at price 75.71
Cancel request for ABM with Order ID C_algo20220414170507, 14847 shares
Execution report: Pending Cancel for ABM with Order ID C_algo20220414170507, at price 75.71
Execution report: Cancelled for ABM with Order ID C_algo20220414170507, 14847 shares
New buy order for ABM with Order ID algo20220414170509, at price 75.47
Execution report: New Order for ABM with Order ID algo20220414170509, at price 75.47
Execution report: New Order for ABM with Order ID algo20220414170509, at price 75.47
Execution report: Fill for ABM with Order ID algo20220414170509, at price 75.47
New buy order for ABM with Order ID algo20220414170511, at price 90.74
Execution report: New Order for ABM with Order ID algo20220414170511, at price 90.74
Cancel request for ABM with Order ID C_algo20220414170511, 18907 shares
Execution report: Pending Cancel for ABM with Order ID C_algo20220414170511, at price 90.74
Execution report: Cancelled for ABM with Order ID C_algo20220414170511, 18907 shares
New buy order for ABM with Order ID algo20220414170513, at price 52.26
Execution report: New Order for ABM with Order ID algo20220414170513, at price 52.26
Execution report: Partial fill for ABM with Order ID algo20220414170513, at price 52.26
Execution report: Fill for ABM with Order ID algo20220414170513, at price 52.26
New buy order for ABM with Order ID algo20220414170515, at price 22.03
Execution report: New Order for ABM with Order ID algo20220414170515, at price 22.03
Cancel request for ABM with Order ID C_algo20220414170515, 22967 shares
Execution report: Pending Cancel for ABM with Order ID C_algo20220414170515, at price 22.03
Execution report: Cancelled for ABM with Order ID C_algo20220414170515, 22967 shares
New buy order for ABM with Order ID algo20220414170517, at price 8.01
Execution report: New Order for ABM with Order ID algo20220414170517, at price 8.01
Execution report: Partial fill for ABM with Order ID algo20220414170517, at price 8.01
Execution report: Partial fill for ABM with Order ID algo20220414170517, at price 8.01
Execution report: Fill for ABM with Order ID algo20220414170517, at price 8.01
New buy order for ABM with Order ID algo20220414170520, at price 146.98
Execution report: New Order for ABM with Order ID algo20220414170520, at price 146.98
Cancel request for ABM with Order ID C_algo20220414170520, 13823 shares
Execution report: Pending Cancel for ABM with Order ID C_algo20220414170520, at price 146.98
Execution report: Cancelled for ABM with Order ID C_algo20220414170520, 13823 shares
New buy order for ABM with Order ID algo20220414170522, at price 4.10
Execution report: New Order for ABM with Order ID algo20220414170522, at price 4.10
Execution report: Fill for ABM with Order ID algo20220414170522, at price 4.10
New buy order for ABM with Order ID algo20220414170524, at price 51.41
Execution report: New Order for ABM with Order ID algo20220414170524, at price 51.41
Cancel request for ABM with Order ID C_algo20220414170524, 31995 shares
Execution report: Pending Cancel for ABM with Order ID C_algo20220414170524, at price 51.41
Execution report: Cancelled for ABM with Order ID C_algo20220414170524, 31995 shares
New buy order for ABM with Order ID algo20220414170526, at price 17.03
Execution report: New Order for ABM with Order ID algo20220414170526, at price 17.03
Execution report: Partial fill for ABM with Order ID algo20220414170526, at price 17.03
