8=FIX4.4; 35=A; 34=1; 49=MTHREE; 56=MS; 52=2022-04-18-19:14:44; 108=30; 10=0015;
8=FIX4.4; 35=A; 34=1; 49=MS; 56=MTHREE; 52=2022-04-18-19:14:44; 108=30; 10=0016;
8=FIX4.4; 35=0; 34=2; 49=MTHREE; 56=MS; 52=2022-04-18-19:14:44; 108=30; 10=0015;
8=FIX4.4; 35=0; 34=2; 49=MS; 56=MTHREE; 52=2022-04-18-19:14:44; 108=30; 10=0015;
8=FIX4.4; 35=0; 34=3; 49=MTHREE; 56=MS; 52=2022-04-18-19:14:46; 108=30; 10=0015;
8=FIX4.4; 35=0; 34=3; 49=MS; 56=MTHREE; 52=2022-04-18-19:14:46; 108=30; 10=0015;
8=FIX4.4; 35=0; 34=4; 49=MTHREE; 56=MS; 52=2022-04-18-19:14:48; 108=30; 10=0015;
8=FIX4.4; 35=0; 34=4; 49=MS; 56=MTHREE; 52=2022-04-18-19:14:48; 108=30; 10=0015;
8=FIX4.4; 35=0; 34=5; 49=MTHREE; 56=MS; 52=2022-04-18-19:14:50; 108=30; 10=0015;
8=FIX4.4; 35=0; 34=5; 49=MS; 56=MTHREE; 52=2022-04-18-19:14:50; 108=30; 10=0015;
8=FIX4.4; 35=0; 34=6; 49=MTHREE; 56=MS; 52=2022-04-18-19:14:52; 108=30; 10=0015;
8=FIX4.4; 35=0; 34=6; 49=MS; 56=MTHREE; 52=2022-04-18-19:14:52; 108=30; 10=0015;
8=FIX4.4; 35=0; 34=7; 49=MTHREE; 56=MS; 52=2022-04-18-19:14:54; 108=30; 10=0015;
8=FIX4.4; 35=0; 34=7; 49=MS; 56=MTHREE; 52=2022-04-18-19:14:54; 108=30; 10=0015;
8=FIX4.4; 35=0; 34=8; 49=MTHREE; 56=MS; 52=2022-04-18-19:14:56; 108=30; 10=0015;
8=FIX4.4; 35=0; 34=8; 49=MS; 56=MTHREE; 52=2022-04-18-19:14:56; 108=30; 10=0015;
8=FIX4.4; 35=0; 34=9; 49=MTHREE; 56=MS; 52=2022-04-18-19:14:58; 108=30; 10=0015;
8=FIX4.4; 35=0; 34=9; 49=MS; 56=MTHREE; 52=2022-04-18-19:14:58; 108=30; 10=0015;
8=FIX4.4; 35=0; 34=10; 49=MTHREE; 56=MS; 52=2022-04-18-19:15:00; 108=30; 10=0015;
8=FIX4.4; 35=0; 34=10; 49=MS; 56=MTHREE; 52=2022-04-18-19:15:00; 108=30; 10=0015;
8=FIX4.4; 35=0; 34=11; 49=MTHREE; 56=MS; 52=2022-04-18-19:15:02; 108=30; 10=0015;
8=FIX4.4; 35=0; 34=11; 49=MS; 56=MTHREE; 52=2022-04-18-19:15:02; 108=30; 10=0015;
8=FIX4.4; 35=0; 34=12; 49=MTHREE; 56=MS; 52=2022-04-18-19:15:04; 108=30; 10=0015;
8=FIX4.4; 35=0; 34=12; 49=MS; 56=MTHREE; 52=2022-04-18-19:15:04; 108=30; 10=0015;
8=FIX4.4; 35=0; 34=13; 49=MTHREE; 56=MS; 52=2022-04-18-19:15:06; 108=30; 10=0015;
8=FIX4.4; 35=0; 34=13; 49=MS; 56=MTHREE; 52=2022-04-18-19:15:06; 108=30; 10=0015;
8=FIX4.4; 35=0; 34=14; 49=MTHREE; 56=MS; 52=2022-04-18-19:15:08; 108=30; 10=0015;
8=FIX4.4; 35=0; 34=14; 49=MS; 56=MTHREE; 52=2022-04-18-19:15:08; 108=30; 10=0015;
8=FIX4.4; 35=0; 34=15; 49=MTHREE; 56=MS; 52=2022-04-18-19:15:10; 108=30; 10=0015;
8=FIX4.4; 35=0; 34=15; 49=MS; 56=MTHREE; 52=2022-04-18-19:15:10; 108=30; 10=0015;
8=FIX4.4; 35=0; 34=16; 49=MTHREE; 56=MS; 52=2022-04-18-19:15:12; 108=30; 10=0015;
8=FIX4.4; 35=0; 34=16; 49=MS; 56=MTHREE; 52=2022-04-18-19:15:12; 108=30; 10=0015;
8=FIX4.4; 35=0; 34=17; 49=MTHREE; 56=MS; 52=2022-04-18-19:15:14; 108=30; 10=0015;
8=FIX4.4; 35=0; 34=17; 49=MS; 56=MTHREE; 52=2022-04-18-19:15:14; 108=30; 10=0015;
8=FIX4.4; 35=0; 34=18; 49=MTHREE; 56=MS; 52=2022-04-18-19:15:16; 108=30; 10=0015;
8=FIX4.4; 35=0; 34=18; 49=MS; 56=MTHREE; 52=2022-04-18-19:15:16; 108=30; 10=0015;
8=FIX4.4; 35=0; 34=19; 49=MTHREE; 56=MS; 52=2022-04-18-19:15:18; 108=30; 10=0015;
8=FIX4.4; 35=0; 34=19; 49=MS; 56=MTHREE; 52=2022-04-18-19:15:18; 108=30; 10=0015;
8=FIX4.4; 35=0; 34=20; 49=MTHREE; 56=MS; 52=2022-04-18-19:15:20; 108=30; 10=0015;
8=FIX4.4; 35=0; 34=20; 49=MS; 56=MTHREE; 52=2022-04-18-19:15:20; 108=30; 10=0015;
8=FIX4.4; 35=0; 34=21; 49=MTHREE; 56=MS; 52=2022-04-18-19:15:22; 108=30; 10=0015;
8=FIX4.4; 35=0; 34=21; 49=MS; 56=MTHREE; 52=2022-04-18-19:15:22; 108=30; 10=0015;
8=FIX4.4; 35=0; 34=22; 49=MTHREE; 56=MS; 52=2022-04-18-19:15:24; 108=30; 10=0015;
8=FIX4.4; 35=0; 34=22; 49=MS; 56=MTHREE; 52=2022-04-18-19:15:24; 108=30; 10=0015;
8=FIX4.4; 35=0; 34=23; 49=MTHREE; 56=MS; 52=2022-04-18-19:15:26; 108=30; 10=0015;
8=FIX4.4; 35=0; 34=23; 49=MS; 56=MTHREE; 52=2022-04-18-19:15:26; 108=30; 10=0015;
8=FIX4.4; 35=0; 34=24; 49=MTHREE; 56=MS; 52=2022-04-18-19:15:28; 108=30; 10=0015;
8=FIX4.4; 35=0; 34=24; 49=MS; 56=MTHREE; 52=2022-04-18-19:15:28; 108=30; 10=0015;
8=FIX4.4; 35=0; 34=25; 49=MTHREE; 56=MS; 52=2022-04-18-19:15:30; 108=30; 10=0015;
8=FIX4.4; 35=0; 34=25; 49=MS; 56=MTHREE; 52=2022-04-18-19:15:30; 108=30; 10=0015;
8=FIX4.4; 35=0; 34=26; 49=MTHREE; 56=MS; 52=2022-04-18-19:15:32; 108=30; 10=0015;
8=FIX4.4; 35=0; 34=26; 49=MS; 56=MTHREE; 52=2022-04-18-19:15:32; 108=30; 10=0015;
8=FIX4.4; 35=0; 34=27; 49=MTHREE; 56=MS; 52=2022-04-18-19:15:34; 108=30; 10=0015;
8=FIX4.4; 35=0; 34=27; 49=MS; 56=MTHREE; 52=2022-04-18-19:15:34; 108=30; 10=0015;
8=FIX4.4; 35=0; 34=28; 49=MTHREE; 56=MS; 52=2022-04-18-19:15:36; 108=30; 10=0015;
8=FIX4.4; 35=0; 34=28; 49=MS; 56=MTHREE; 52=2022-04-18-19:15:36; 108=30; 10=0015;
8=FIX4.4; 35=0; 34=29; 49=MTHREE; 56=MS; 52=2022-04-18-19:15:38; 108=30; 10=0015;
8=FIX4.4; 35=0; 34=29; 49=MS; 56=MTHREE; 52=2022-04-18-19:15:38; 108=30; 10=0015;
8=FIX4.4; 35=0; 34=30; 49=MTHREE; 56=MS; 52=2022-04-18-19:15:40; 108=30; 10=0015;
8=FIX4.4; 35=0; 34=30; 49=MS; 56=MTHREE; 52=2022-04-18-19:15:40; 108=30; 10=0015;
8=FIX4.4; 35=0; 34=31; 49=MTHREE; 56=MS; 52=2022-04-18-19:15:42; 108=30; 10=0015;
8=FIX4.4; 35=0; 34=31; 49=MS; 56=MTHREE; 52=2022-04-18-19:15:42; 108=30; 10=0015;
8=FIX4.4; 35=0; 34=32; 49=MTHREE; 56=MS; 52=2022-04-18-19:15:44; 108=30; 10=0015;
8=FIX4.4; 35=0; 34=32; 49=MS; 56=MTHREE; 52=2022-04-18-19:15:44; 108=30; 10=0015;
8=FIX4.4; 35=0; 34=33; 49=MTHREE; 56=MS; 52=2022-04-18-19:15:46; 108=30; 10=0015;
8=FIX4.4; 35=0; 34=33; 49=MS; 56=MTHREE; 52=2022-04-18-19:15:46; 108=30; 10=0015;
8=FIX4.4; 35=0; 34=34; 49=MTHREE; 56=MS; 52=2022-04-18-19:15:48; 108=30; 10=0015;
8=FIX4.4; 35=0; 34=34; 49=MS; 56=MTHREE; 52=2022-04-18-19:15:48; 108=30; 10=0015;
8=FIX4.4; 35=0; 34=35; 49=MTHREE; 56=MS; 52=2022-04-18-19:15:50; 108=30; 10=0015;
8=FIX4.4; 35=0; 34=35; 49=MS; 56=MTHREE; 52=2022-04-18-19:15:50; 108=30; 10=0015;
8=FIX4.4; 35=0; 34=36; 49=MTHREE; 56=MS; 52=2022-04-18-19:15:53; 108=30; 10=0015;
8=FIX4.4; 35=0; 34=36; 49=MS; 56=MTHREE; 52=2022-04-18-19:15:53; 108=30; 10=0015;
8=FIX4.4; 35=0; 34=37; 49=MTHREE; 56=MS; 52=2022-04-18-19:15:55; 108=30; 10=0015;
8=FIX4.4; 35=0; 34=37; 49=MS; 56=MTHREE; 52=2022-04-18-19:15:55; 108=30; 10=0015;
8=FIX4.4; 35=0; 34=38; 49=MTHREE; 56=MS; 52=2022-04-18-19:15:57; 108=30; 10=0015;
8=FIX4.4; 35=0; 34=38; 49=MS; 56=MTHREE; 52=2022-04-18-19:15:57; 108=30; 10=0015;
8=FIX4.4; 35=0; 34=39; 49=MTHREE; 56=MS; 52=2022-04-18-19:15:59; 108=30; 10=0015;
8=FIX4.4; 35=0; 34=39; 49=MS; 56=MTHREE; 52=2022-04-18-19:15:59; 108=30; 10=0015;
8=FIX4.4; 35=0; 34=40; 49=MTHREE; 56=MS; 52=2022-04-18-19:16:01; 108=30; 10=0015;
8=FIX4.4; 35=0; 34=40; 49=MS; 56=MTHREE; 52=2022-04-18-19:16:01; 108=30; 10=0015;
8=FIX4.4; 35=0; 34=41; 49=MTHREE; 56=MS; 52=2022-04-18-19:16:03; 108=30; 10=0015;
8=FIX4.4; 35=0; 34=41; 49=MS; 56=MTHREE; 52=2022-04-18-19:16:03; 108=30; 10=0015;
8=FIX4.4; 35=0; 34=42; 49=MTHREE; 56=MS; 52=2022-04-18-19:16:05; 108=30; 10=0015;
8=FIX4.4; 35=0; 34=42; 49=MS; 56=MTHREE; 52=2022-04-18-19:16:05; 108=30; 10=0015;
8=FIX4.4; 35=0; 34=43; 49=MTHREE; 56=MS; 52=2022-04-18-19:16:07; 108=30; 10=0015;
8=FIX4.4; 35=0; 34=43; 49=MS; 56=MTHREE; 52=2022-04-18-19:16:07; 108=30; 10=0015;
8=FIX4.4; 35=0; 34=44; 49=MTHREE; 56=MS; 52=2022-04-18-19:16:09; 108=30; 10=0015;
8=FIX4.4; 35=0; 34=44; 49=MS; 56=MTHREE; 52=2022-04-18-19:16:09; 108=30; 10=0015;
8=FIX4.4; 35=0; 34=45; 49=MTHREE; 56=MS; 52=2022-04-18-19:16:11; 108=30; 10=0015;
8=FIX4.4; 35=0; 34=45; 49=MS; 56=MTHREE; 52=2022-04-18-19:16:11; 108=30; 10=0015;
8=FIX4.4; 35=0; 34=46; 49=MTHREE; 56=MS; 52=2022-04-18-19:16:13; 108=30; 10=0015;
8=FIX4.4; 35=0; 34=46; 49=MS; 56=MTHREE; 52=2022-04-18-19:16:13; 108=30; 10=0015;
8=FIX4.4; 35=0; 34=47; 49=MTHREE; 56=MS; 52=2022-04-18-19:16:15; 108=30; 10=0015;
8=FIX4.4; 35=0; 34=47; 49=MS; 56=MTHREE; 52=2022-04-18-19:16:15; 108=30; 10=0015;
8=FIX4.4; 35=0; 34=48; 49=MTHREE; 56=MS; 52=2022-04-18-19:16:17; 108=30; 10=0015;
8=FIX4.4; 35=0; 34=48; 49=MS; 56=MTHREE; 52=2022-04-18-19:16:17; 108=30; 10=0015;
8=FIX4.4; 35=0; 34=49; 49=MTHREE; 56=MS; 52=2022-04-18-19:16:19; 108=30; 10=0015;
8=FIX4.4; 35=0; 34=49; 49=MS; 56=MTHREE; 52=2022-04-18-19:16:19; 108=30; 10=0015;
8=FIX4.4; 35=0; 34=50; 49=MTHREE; 56=MS; 52=2022-04-18-19:16:21; 108=30; 10=0015;
8=FIX4.4; 35=0; 34=50; 49=MS; 56=MTHREE; 52=2022-04-18-19:16:21; 108=30; 10=0015;
8=FIX4.4; 35=0; 34=51; 49=MTHREE; 56=MS; 52=2022-04-18-19:16:23; 108=30; 10=0015;
8=FIX4.4; 35=0; 34=51; 49=MS; 56=MTHREE; 52=2022-04-18-19:16:23; 108=30; 10=0015;
8=FIX4.4; 35=D; 34=52; 49=MTHREE; 56=MS; 52=2022-04-18-19:16:25; 55=AAPL; 40=2; 38=12987; 21=2; 11=algo20220418191625; 60=2022-04-18-19:16:25; 54=2; 44=1276.37; 10=0252;
8=FIX4.4; 35=8; 34=52; 49=MS; 56=MTHREE; 52=2022-04-18-19:16:25; 55=AAPL; 40=2; 11=algo20220418191625; 31=1276.37; 150=0; 39=0; 54=2; 44=1276.37; 32=0; 17=exec20220418191625; 38=12987; 60=2022-04-18-19:16:25; 6=0; 14=0; 37=algo20220418191625; 10=200;
8=FIX4.4; 35=F; 34=52; 49=MTHREE; 56=MS; 52=2022-04-18-19:16:25; 41=algo20220418191625; 55=AAPL; 38=12987; 11=C_algo20220418191625; 60=2022-04-18-19:16:25; 10=060;
8=FIX4.4; 35=8; 34=52; 49=MS; 56=MTHREE; 52=2022-04-18-19:16:25; 55=AAPL; 11=C_algo20220418191625; 31=0; 150=6; 39=6; 54=2; 44=1276.37; 17=exec20220418191625; 32=0; 41=algo20220418191625; 38=12987; 60=2022-04-18-19:16:25; 6=0.0; 14=0; 37=algo20220418191625; 10=252;
8=FIX4.4; 35=8; 34=53; 49=MS; 56=MTHREE; 52=2022-04-18-19:16:25; 151=6494; 55=AAPL; 11=C_algo20220418191625; 31=0; 150=4; 39=4; 54=2; 17=exec20220418191625; 32=0; 41=algo20220418191625; 38=12987; 60=2022-04-18-19:16:25; 6=0.0; 14=0; 37=algo20220418191625; 10=252;
8=FIX4.4; 35=D; 34=54; 49=MTHREE; 56=MS; 52=2022-04-18-19:16:27; 55=MSFT; 40=2; 38=22982; 21=2; 11=algo20220418191627; 60=2022-04-18-19:16:27; 54=2; 44=59.89; 10=0252;
8=FIX4.4; 35=8; 34=55; 49=MS; 56=MTHREE; 52=2022-04-18-19:16:27; 55=MSFT; 40=2; 11=algo20220418191627; 31=59.89; 150=0; 39=0; 54=2; 44=59.89; 32=0; 17=exec20220418191627; 38=22982; 60=2022-04-18-19:16:27; 6=0; 14=0; 37=algo20220418191627; 10=200;
8=FIX4.4; 35=8; 34=56; 49=MS; 56=MTHREE; 52=2022-04-18-19:16:28; 55=MSFT; 40=2; 11=algo20220418191627; 31=59.89; 150=2; 39=2; 54=2; 44=59.89; 32=22982; 17=exec20220418191628; 38=22982; 60=2022-04-18-19:16:28; 6=59.89; 14=22982; 37=algo20220418191627; 10=246;
8=FIX4.4; 35=D; 34=55; 49=MTHREE; 56=MS; 52=2022-04-18-19:16:28; 55=AMZN; 40=2; 38=30251; 21=2; 11=algo20220418191628; 60=2022-04-18-19:16:28; 54=1; 44=133.47; 10=0252;
8=FIX4.4; 35=8; 34=57; 49=MS; 56=MTHREE; 52=2022-04-18-19:16:28; 55=AMZN; 40=2; 11=algo20220418191628; 31=133.47; 150=0; 39=0; 54=1; 44=133.47; 32=0; 17=exec20220418191628; 38=30251; 60=2022-04-18-19:16:28; 6=0; 14=0; 37=algo20220418191628; 10=200;
8=FIX4.4; 35=8; 34=58; 49=MS; 56=MTHREE; 52=2022-04-18-19:16:28; 55=AMZN; 40=2; 11=algo20220418191628; 31=133.47; 150=1; 39=1; 54=1; 44=133.47; 32=6050; 17=exec20220418191628; 38=30251; 60=2022-04-18-19:16:28; 6=133.47; 14=6050; 37=algo20220418191628; 10=240;
8=FIX4.4; 35=F; 34=55; 49=MTHREE; 56=MS; 52=2022-04-18-19:16:29; 41=algo20220418191628; 55=AMZN; 38=30251; 11=C_algo20220418191628; 60=2022-04-18-19:16:29; 10=060;
8=FIX4.4; 35=8; 34=58; 49=MS; 56=MTHREE; 52=2022-04-18-19:16:29; 55=AMZN; 11=C_algo20220418191628; 31=0; 150=6; 39=6; 54=1; 44=133.47; 17=exec20220418191629; 32=0; 41=algo20220418191628; 38=30251; 60=2022-04-18-19:16:29; 6=0.0; 14=6050; 37=algo20220418191628; 10=252;
8=FIX4.4; 35=8; 34=59; 49=MS; 56=MTHREE; 52=2022-04-18-19:16:29; 151=18151; 55=AMZN; 11=C_algo20220418191628; 31=0; 150=4; 39=4; 54=1; 17=exec20220418191629; 32=0; 41=algo20220418191628; 38=30251; 60=2022-04-18-19:16:29; 6=0.0; 14=6050; 37=algo20220418191628; 10=252;
8=FIX4.4; 35=D; 34=57; 49=MTHREE; 56=MS; 52=2022-04-18-19:16:31; 55=FB; 40=2; 38=29767; 21=2; 11=algo20220418191631; 60=2022-04-18-19:16:31; 54=2; 44=430.62; 10=0252;
8=FIX4.4; 35=8; 34=61; 49=MS; 56=MTHREE; 52=2022-04-18-19:16:31; 55=FB; 40=2; 11=algo20220418191631; 31=430.62; 150=0; 39=0; 54=2; 44=430.62; 32=0; 17=exec20220418191631; 38=29767; 60=2022-04-18-19:16:31; 6=0; 14=0; 37=algo20220418191631; 10=200;
8=FIX4.4; 35=F; 34=57; 49=MTHREE; 56=MS; 52=2022-04-18-19:16:31; 41=algo20220418191631; 55=FB; 38=29767; 11=C_algo20220418191631; 60=2022-04-18-19:16:31; 10=060;
8=FIX4.4; 35=8; 34=61; 49=MS; 56=MTHREE; 52=2022-04-18-19:16:31; 55=FB; 11=C_algo20220418191631; 31=0; 150=6; 39=6; 54=2; 44=430.62; 17=exec20220418191631; 32=0; 41=algo20220418191631; 38=29767; 60=2022-04-18-19:16:31; 6=0.0; 14=0; 37=algo20220418191631; 10=252;
8=FIX4.4; 35=8; 34=62; 49=MS; 56=MTHREE; 52=2022-04-18-19:16:31; 151=14884; 55=FB; 11=C_algo20220418191631; 31=0; 150=4; 39=4; 54=2; 17=exec20220418191631; 32=0; 41=algo20220418191631; 38=29767; 60=2022-04-18-19:16:31; 6=0.0; 14=0; 37=algo20220418191631; 10=252;
8=FIX4.4; 35=D; 34=59; 49=MTHREE; 56=MS; 52=2022-04-18-19:16:33; 55=GOOG; 40=2; 38=6994; 21=2; 11=algo20220418191633; 60=2022-04-18-19:16:33; 54=1; 44=42.05; 10=0252;
8=FIX4.4; 35=8; 34=64; 49=MS; 56=MTHREE; 52=2022-04-18-19:16:33; 55=GOOG; 40=2; 11=algo20220418191633; 31=42.05; 150=0; 39=0; 54=1; 44=42.05; 32=0; 17=exec20220418191633; 38=6994; 60=2022-04-18-19:16:33; 6=0; 14=0; 37=algo20220418191633; 10=200;
8=FIX4.4; 35=8; 34=65; 49=MS; 56=MTHREE; 52=2022-04-18-19:16:33; 55=GOOG; 40=2; 11=algo20220418191633; 31=42.05; 150=1; 39=1; 54=1; 44=42.05; 32=1748; 17=exec20220418191633; 38=6994; 60=2022-04-18-19:16:33; 6=42.05; 14=1748; 37=algo20220418191633; 10=240;
8=FIX4.4; 35=8; 34=66; 49=MS; 56=MTHREE; 52=2022-04-18-19:16:34; 55=GOOG; 40=2; 11=algo20220418191633; 31=42.05; 150=1; 39=1; 54=1; 44=42.05; 32=1748; 17=exec20220418191634; 38=6994; 60=2022-04-18-19:16:34; 6=42.05; 14=3496; 37=algo20220418191633; 10=240;
8=FIX4.4; 35=8; 34=67; 49=MS; 56=MTHREE; 52=2022-04-18-19:16:35; 55=GOOG; 40=2; 11=algo20220418191633; 31=42.05; 150=1; 39=1; 54=1; 44=42.05; 32=1748; 17=exec20220418191635; 38=6994; 60=2022-04-18-19:16:35; 6=42.05; 14=5244; 37=algo20220418191633; 10=240;
8=FIX4.4; 35=8; 34=68; 49=MS; 56=MTHREE; 52=2022-04-18-19:16:37; 55=GOOG; 40=2; 11=algo20220418191633; 31=42.05; 150=2; 39=2; 54=1; 44=42.05; 32=1750; 17=exec20220418191637; 38=6994; 60=2022-04-18-19:16:37; 6=42.05; 14=6994; 37=algo20220418191633; 10=246;
8=FIX4.4; 35=D; 34=60; 49=MTHREE; 56=MS; 52=2022-04-18-19:16:37; 55=GOOGL; 40=2; 38=7419; 21=2; 11=algo20220418191637; 60=2022-04-18-19:16:37; 54=2; 44=289.20; 10=0252;
8=FIX4.4; 35=8; 34=69; 49=MS; 56=MTHREE; 52=2022-04-18-19:16:37; 55=GOOGL; 40=2; 11=algo20220418191637; 31=289.20; 150=0; 39=0; 54=2; 44=289.20; 32=0; 17=exec20220418191637; 38=7419; 60=2022-04-18-19:16:37; 6=0; 14=0; 37=algo20220418191637; 10=200;
8=FIX4.4; 35=F; 34=60; 49=MTHREE; 56=MS; 52=2022-04-18-19:16:37; 41=algo20220418191637; 55=GOOGL; 38=7419; 11=C_algo20220418191637; 60=2022-04-18-19:16:37; 10=060;
8=FIX4.4; 35=8; 34=69; 49=MS; 56=MTHREE; 52=2022-04-18-19:16:37; 55=GOOGL; 11=C_algo20220418191637; 31=0; 150=6; 39=6; 54=2; 44=289.20; 17=exec20220418191637; 32=0; 41=algo20220418191637; 38=7419; 60=2022-04-18-19:16:37; 6=0.0; 14=0; 37=algo20220418191637; 10=252;
8=FIX4.4; 35=8; 34=70; 49=MS; 56=MTHREE; 52=2022-04-18-19:16:37; 151=5565; 55=GOOGL; 11=C_algo20220418191637; 31=0; 150=4; 39=4; 54=2; 17=exec20220418191637; 32=0; 41=algo20220418191637; 38=7419; 60=2022-04-18-19:16:37; 6=0.0; 14=0; 37=algo20220418191637; 10=252;
8=FIX4.4; 35=D; 34=62; 49=MTHREE; 56=MS; 52=2022-04-18-19:16:39; 55=INTC; 40=2; 38=17414; 21=2; 11=algo20220418191639; 60=2022-04-18-19:16:39; 54=1; 44=339.13; 10=0252;
8=FIX4.4; 35=8; 34=72; 49=MS; 56=MTHREE; 52=2022-04-18-19:16:39; 55=INTC; 40=2; 11=algo20220418191639; 31=339.13; 150=0; 39=0; 54=1; 44=339.13; 32=0; 17=exec20220418191639; 38=17414; 60=2022-04-18-19:16:39; 6=0; 14=0; 37=algo20220418191639; 10=200;
8=FIX4.4; 35=8; 34=73; 49=MS; 56=MTHREE; 52=2022-04-18-19:16:39; 55=INTC; 40=2; 11=algo20220418191639; 31=339.13; 150=1; 39=1; 54=1; 44=339.13; 32=4353; 17=exec20220418191639; 38=17414; 60=2022-04-18-19:16:39; 6=339.13; 14=4353; 37=algo20220418191639; 10=240;
8=FIX4.4; 35=8; 34=74; 49=MS; 56=MTHREE; 52=2022-04-18-19:16:40; 55=INTC; 40=2; 11=algo20220418191639; 31=339.13; 150=1; 39=1; 54=1; 44=339.13; 32=4353; 17=exec20220418191640; 38=17414; 60=2022-04-18-19:16:40; 6=339.13; 14=8706; 37=algo20220418191639; 10=240;
8=FIX4.4; 35=8; 34=75; 49=MS; 56=MTHREE; 52=2022-04-18-19:16:41; 55=INTC; 40=2; 11=algo20220418191639; 31=339.13; 150=1; 39=1; 54=1; 44=339.13; 32=4353; 17=exec20220418191641; 38=17414; 60=2022-04-18-19:16:41; 6=339.13; 14=13059; 37=algo20220418191639; 10=240;
8=FIX4.4; 35=8; 34=76; 49=MS; 56=MTHREE; 52=2022-04-18-19:16:43; 55=INTC; 40=2; 11=algo20220418191639; 31=339.13; 150=2; 39=2; 54=1; 44=339.13; 32=4355; 17=exec20220418191643; 38=17414; 60=2022-04-18-19:16:43; 6=339.13; 14=17414; 37=algo20220418191639; 10=246;
8=FIX4.4; 35=D; 34=63; 49=MTHREE; 56=MS; 52=2022-04-18-19:16:44; 55=PEP; 40=2; 38=1910; 21=2; 11=algo20220418191644; 60=2022-04-18-19:16:44; 54=2; 44=36.21; 10=0252;
8=FIX4.4; 35=8; 34=77; 49=MS; 56=MTHREE; 52=2022-04-18-19:16:44; 55=PEP; 40=2; 11=algo20220418191644; 31=36.21; 150=0; 39=0; 54=2; 44=36.21; 32=0; 17=exec20220418191644; 38=1910; 60=2022-04-18-19:16:44; 6=0; 14=0; 37=algo20220418191644; 10=200;
8=FIX4.4; 35=8; 34=78; 49=MS; 56=MTHREE; 52=2022-04-18-19:16:44; 55=PEP; 40=2; 11=algo20220418191644; 31=36.21; 150=1; 39=1; 54=2; 44=36.21; 32=477; 17=exec20220418191644; 38=1910; 60=2022-04-18-19:16:44; 6=36.21; 14=477; 37=algo20220418191644; 10=240;
8=FIX4.4; 35=8; 34=79; 49=MS; 56=MTHREE; 52=2022-04-18-19:16:45; 55=PEP; 40=2; 11=algo20220418191644; 31=36.21; 150=1; 39=1; 54=2; 44=36.21; 32=477; 17=exec20220418191645; 38=1910; 60=2022-04-18-19:16:45; 6=36.21; 14=954; 37=algo20220418191644; 10=240;
8=FIX4.4; 35=8; 34=80; 49=MS; 56=MTHREE; 52=2022-04-18-19:16:46; 55=PEP; 40=2; 11=algo20220418191644; 31=36.21; 150=1; 39=1; 54=2; 44=36.21; 32=477; 17=exec20220418191646; 38=1910; 60=2022-04-18-19:16:46; 6=36.21; 14=1431; 37=algo20220418191644; 10=240;
8=FIX4.4; 35=8; 34=81; 49=MS; 56=MTHREE; 52=2022-04-18-19:16:48; 55=PEP; 40=2; 11=algo20220418191644; 31=36.21; 150=2; 39=2; 54=2; 44=36.21; 32=479; 17=exec20220418191648; 38=1910; 60=2022-04-18-19:16:48; 6=36.21; 14=1910; 37=algo20220418191644; 10=246;
8=FIX4.4; 35=D; 34=64; 49=MTHREE; 56=MS; 52=2022-04-18-19:16:48; 55=NFLX; 40=2; 38=2335; 21=2; 11=algo20220418191648; 60=2022-04-18-19:16:48; 54=2; 44=306.71; 10=0252;
8=FIX4.4; 35=8; 34=82; 49=MS; 56=MTHREE; 52=2022-04-18-19:16:48; 55=NFLX; 40=2; 11=algo20220418191648; 31=306.71; 150=0; 39=0; 54=2; 44=306.71; 32=0; 17=exec20220418191648; 38=2335; 60=2022-04-18-19:16:48; 6=0; 14=0; 37=algo20220418191648; 10=200;
8=FIX4.4; 35=F; 34=64; 49=MTHREE; 56=MS; 52=2022-04-18-19:16:48; 41=algo20220418191648; 55=NFLX; 38=2335; 11=C_algo20220418191648; 60=2022-04-18-19:16:48; 10=060;
8=FIX4.4; 35=8; 34=82; 49=MS; 56=MTHREE; 52=2022-04-18-19:16:48; 55=NFLX; 11=C_algo20220418191648; 31=0; 150=6; 39=6; 54=2; 44=306.71; 17=exec20220418191648; 32=0; 41=algo20220418191648; 38=2335; 60=2022-04-18-19:16:48; 6=0.0; 14=0; 37=algo20220418191648; 10=252;
8=FIX4.4; 35=8; 34=83; 49=MS; 56=MTHREE; 52=2022-04-18-19:16:48; 151=1868; 55=NFLX; 11=C_algo20220418191648; 31=0; 150=4; 39=4; 54=2; 17=exec20220418191648; 32=0; 41=algo20220418191648; 38=2335; 60=2022-04-18-19:16:48; 6=0.0; 14=0; 37=algo20220418191648; 10=252;
8=FIX4.4; 35=D; 34=66; 49=MTHREE; 56=MS; 52=2022-04-18-19:16:50; 55=CSCO; 40=2; 38=12330; 21=2; 11=algo20220418191650; 60=2022-04-18-19:16:50; 54=1; 44=233.73; 10=0252;
8=FIX4.4; 35=8; 34=85; 49=MS; 56=MTHREE; 52=2022-04-18-19:16:50; 55=CSCO; 40=2; 11=algo20220418191650; 31=233.73; 150=0; 39=0; 54=1; 44=233.73; 32=0; 17=exec20220418191650; 38=12330; 60=2022-04-18-19:16:50; 6=0; 14=0; 37=algo20220418191650; 10=200;
8=FIX4.4; 35=8; 34=86; 49=MS; 56=MTHREE; 52=2022-04-18-19:16:50; 55=CSCO; 40=2; 11=algo20220418191650; 31=233.73; 150=1; 39=1; 54=1; 44=233.73; 32=3082; 17=exec20220418191650; 38=12330; 60=2022-04-18-19:16:50; 6=233.73; 14=3082; 37=algo20220418191650; 10=240;
8=FIX4.4; 35=8; 34=87; 49=MS; 56=MTHREE; 52=2022-04-18-19:16:51; 55=CSCO; 40=2; 11=algo20220418191650; 31=233.73; 150=1; 39=1; 54=1; 44=233.73; 32=3082; 17=exec20220418191651; 38=12330; 60=2022-04-18-19:16:51; 6=233.73; 14=6164; 37=algo20220418191650; 10=240;
8=FIX4.4; 35=8; 34=88; 49=MS; 56=MTHREE; 52=2022-04-18-19:16:52; 55=CSCO; 40=2; 11=algo20220418191650; 31=233.73; 150=1; 39=1; 54=1; 44=233.73; 32=3082; 17=exec20220418191652; 38=12330; 60=2022-04-18-19:16:52; 6=233.73; 14=9246; 37=algo20220418191650; 10=240;
8=FIX4.4; 35=8; 34=89; 49=MS; 56=MTHREE; 52=2022-04-18-19:16:54; 55=CSCO; 40=2; 11=algo20220418191650; 31=233.73; 150=2; 39=2; 54=1; 44=233.73; 32=3084; 17=exec20220418191654; 38=12330; 60=2022-04-18-19:16:54; 6=233.73; 14=12330; 37=algo20220418191650; 10=246;
8=FIX4.4; 35=D; 34=67; 49=MTHREE; 56=MS; 52=2022-04-18-19:16:54; 55=AMGN; 40=2; 38=12755; 21=2; 11=algo20220418191654; 60=2022-04-18-19:16:54; 54=2; 44=116.62; 10=0252;
8=FIX4.4; 35=8; 34=90; 49=MS; 56=MTHREE; 52=2022-04-18-19:16:54; 55=AMGN; 40=2; 11=algo20220418191654; 31=116.62; 150=0; 39=0; 54=2; 44=116.62; 32=0; 17=exec20220418191654; 38=12755; 60=2022-04-18-19:16:54; 6=0; 14=0; 37=algo20220418191654; 10=200;
8=FIX4.4; 35=F; 34=67; 49=MTHREE; 56=MS; 52=2022-04-18-19:16:54; 41=algo20220418191654; 55=AMGN; 38=12755; 11=C_algo20220418191654; 60=2022-04-18-19:16:54; 10=060;
8=FIX4.4; 35=8; 34=90; 49=MS; 56=MTHREE; 52=2022-04-18-19:16:54; 55=AMGN; 11=C_algo20220418191654; 31=0; 150=6; 39=6; 54=2; 44=116.62; 17=exec20220418191654; 32=0; 41=algo20220418191654; 38=12755; 60=2022-04-18-19:16:54; 6=0.0; 14=0; 37=algo20220418191654; 10=252;
8=FIX4.4; 35=8; 34=91; 49=MS; 56=MTHREE; 52=2022-04-18-19:16:54; 151=10204; 55=AMGN; 11=C_algo20220418191654; 31=0; 150=4; 39=4; 54=2; 17=exec20220418191654; 32=0; 41=algo20220418191654; 38=12755; 60=2022-04-18-19:16:54; 6=0.0; 14=0; 37=algo20220418191654; 10=252;
8=FIX4.4; 35=D; 34=69; 49=MTHREE; 56=MS; 52=2022-04-18-19:16:56; 55=PYPL; 40=2; 38=22750; 21=2; 11=algo20220418191656; 60=2022-04-18-19:16:56; 54=1; 44=723.61; 10=0252;
8=FIX4.4; 35=8; 34=93; 49=MS; 56=MTHREE; 52=2022-04-18-19:16:56; 55=PYPL; 40=2; 11=algo20220418191656; 31=723.61; 150=0; 39=0; 54=1; 44=723.61; 32=0; 17=exec20220418191656; 38=22750; 60=2022-04-18-19:16:56; 6=0; 14=0; 37=algo20220418191656; 10=200;
8=FIX4.4; 35=8; 34=94; 49=MS; 56=MTHREE; 52=2022-04-18-19:16:56; 55=PYPL; 40=2; 11=algo20220418191656; 31=723.61; 150=1; 39=1; 54=1; 44=723.61; 32=4550; 17=exec20220418191656; 38=22750; 60=2022-04-18-19:16:56; 6=723.61; 14=4550; 37=algo20220418191656; 10=240;
8=FIX4.4; 35=8; 34=95; 49=MS; 56=MTHREE; 52=2022-04-18-19:16:57; 55=PYPL; 40=2; 11=algo20220418191656; 31=723.61; 150=1; 39=1; 54=1; 44=723.61; 32=4550; 17=exec20220418191657; 38=22750; 60=2022-04-18-19:16:57; 6=723.61; 14=9100; 37=algo20220418191656; 10=240;
8=FIX4.4; 35=8; 34=96; 49=MS; 56=MTHREE; 52=2022-04-18-19:16:58; 55=PYPL; 40=2; 11=algo20220418191656; 31=723.61; 150=1; 39=1; 54=1; 44=723.61; 32=4550; 17=exec20220418191658; 38=22750; 60=2022-04-18-19:16:58; 6=723.61; 14=13650; 37=algo20220418191656; 10=240;
8=FIX4.4; 35=8; 34=97; 49=MS; 56=MTHREE; 52=2022-04-18-19:16:59; 55=PYPL; 40=2; 11=algo20220418191656; 31=723.61; 150=1; 39=1; 54=1; 44=723.61; 32=4550; 17=exec20220418191659; 38=22750; 60=2022-04-18-19:16:59; 6=723.61; 14=18200; 37=algo20220418191656; 10=240;
8=FIX4.4; 35=8; 34=98; 49=MS; 56=MTHREE; 52=2022-04-18-19:17:01; 55=PYPL; 40=2; 11=algo20220418191656; 31=723.61; 150=2; 39=2; 54=1; 44=723.61; 32=4550; 17=exec20220418191701; 38=22750; 60=2022-04-18-19:17:01; 6=723.61; 14=22750; 37=algo20220418191656; 10=246;
8=FIX4.4; 35=D; 34=70; 49=MTHREE; 56=MS; 52=2022-04-18-19:17:01; 55=TSLA; 40=2; 38=9971; 21=2; 11=algo20220418191701; 60=2022-04-18-19:17:01; 54=2; 44=503.77; 10=0252;
8=FIX4.4; 35=8; 34=99; 49=MS; 56=MTHREE; 52=2022-04-18-19:17:01; 55=TSLA; 40=2; 11=algo20220418191701; 31=503.77; 150=0; 39=0; 54=2; 44=503.77; 32=0; 17=exec20220418191701; 38=9971; 60=2022-04-18-19:17:01; 6=0; 14=0; 37=algo20220418191701; 10=200;
8=FIX4.4; 35=8; 34=100; 49=MS; 56=MTHREE; 52=2022-04-18-19:17:02; 55=TSLA; 40=2; 11=algo20220418191701; 31=503.77; 150=2; 39=2; 54=2; 44=503.77; 32=9971; 17=exec20220418191702; 38=9971; 60=2022-04-18-19:17:02; 6=503.77; 14=9971; 37=algo20220418191701; 10=246;
8=FIX4.4; 35=D; 34=71; 49=MTHREE; 56=MS; 52=2022-04-18-19:17:02; 55=TXN; 40=2; 38=17240; 21=2; 11=algo20220418191702; 60=2022-04-18-19:17:02; 54=1; 44=112.46; 10=0252;
8=FIX4.4; 35=8; 34=101; 49=MS; 56=MTHREE; 52=2022-04-18-19:17:02; 55=TXN; 40=2; 11=algo20220418191702; 31=112.46; 150=0; 39=0; 54=1; 44=112.46; 32=0; 17=exec20220418191702; 38=17240; 60=2022-04-18-19:17:02; 6=0; 14=0; 37=algo20220418191702; 10=200;
8=FIX4.4; 35=8; 34=102; 49=MS; 56=MTHREE; 52=2022-04-18-19:17:02; 55=TXN; 40=2; 11=algo20220418191702; 31=112.46; 150=1; 39=1; 54=1; 44=112.46; 32=3448; 17=exec20220418191702; 38=17240; 60=2022-04-18-19:17:02; 6=112.46; 14=3448; 37=algo20220418191702; 10=240;
8=FIX4.4; 35=8; 34=103; 49=MS; 56=MTHREE; 52=2022-04-18-19:17:03; 55=TXN; 40=2; 11=algo20220418191702; 31=112.46; 150=1; 39=1; 54=1; 44=112.46; 32=3448; 17=exec20220418191703; 38=17240; 60=2022-04-18-19:17:03; 6=112.46; 14=6896; 37=algo20220418191702; 10=240;
8=FIX4.4; 35=8; 34=104; 49=MS; 56=MTHREE; 52=2022-04-18-19:17:04; 55=TXN; 40=2; 11=algo20220418191702; 31=112.46; 150=1; 39=1; 54=1; 44=112.46; 32=3448; 17=exec20220418191704; 38=17240; 60=2022-04-18-19:17:04; 6=112.46; 14=10344; 37=algo20220418191702; 10=240;
8=FIX4.4; 35=F; 34=71; 49=MTHREE; 56=MS; 52=2022-04-18-19:17:05; 41=algo20220418191702; 55=TXN; 38=17240; 11=C_algo20220418191702; 60=2022-04-18-19:17:05; 10=060;
8=FIX4.4; 35=8; 34=104; 49=MS; 56=MTHREE; 52=2022-04-18-19:17:05; 55=TXN; 11=C_algo20220418191702; 31=0; 150=6; 39=6; 54=1; 44=112.46; 17=exec20220418191705; 32=0; 41=algo20220418191702; 38=17240; 60=2022-04-18-19:17:05; 6=0.0; 14=10344; 37=algo20220418191702; 10=252;
8=FIX4.4; 35=8; 34=105; 49=MS; 56=MTHREE; 52=2022-04-18-19:17:05; 151=3448; 55=TXN; 11=C_algo20220418191702; 31=0; 150=4; 39=4; 54=1; 17=exec20220418191705; 32=0; 41=algo20220418191702; 38=17240; 60=2022-04-18-19:17:05; 6=0.0; 14=10344; 37=algo20220418191702; 10=252;
8=FIX4.4; 35=D; 34=73; 49=MTHREE; 56=MS; 52=2022-04-18-19:17:07; 55=AVGO; 40=2; 38=20391; 21=2; 11=algo20220418191707; 60=2022-04-18-19:17:07; 54=2; 44=262.99; 10=0252;
8=FIX4.4; 35=8; 34=107; 49=MS; 56=MTHREE; 52=2022-04-18-19:17:07; 55=AVGO; 40=2; 11=algo20220418191707; 31=262.99; 150=0; 39=0; 54=2; 44=262.99; 32=0; 17=exec20220418191707; 38=20391; 60=2022-04-18-19:17:07; 6=0; 14=0; 37=algo20220418191707; 10=200;
8=FIX4.4; 35=8; 34=108; 49=MS; 56=MTHREE; 52=2022-04-18-19:17:08; 55=AVGO; 40=2; 11=algo20220418191707; 31=262.99; 150=2; 39=2; 54=2; 44=262.99; 32=20391; 17=exec20220418191708; 38=20391; 60=2022-04-18-19:17:08; 6=262.99; 14=20391; 37=algo20220418191707; 10=246;
8=FIX4.4; 35=D; 34=74; 49=MTHREE; 56=MS; 52=2022-04-18-19:17:08; 55=GILD; 40=2; 38=14457; 21=2; 11=algo20220418191708; 60=2022-04-18-19:17:08; 54=1; 44=82.91; 10=0252;
8=FIX4.4; 35=8; 34=109; 49=MS; 56=MTHREE; 52=2022-04-18-19:17:08; 55=GILD; 40=2; 11=algo20220418191708; 31=82.91; 150=0; 39=0; 54=1; 44=82.91; 32=0; 17=exec20220418191708; 38=14457; 60=2022-04-18-19:17:08; 6=0; 14=0; 37=algo20220418191708; 10=200;
8=FIX4.4; 35=8; 34=110; 49=MS; 56=MTHREE; 52=2022-04-18-19:17:09; 55=GILD; 40=2; 11=algo20220418191708; 31=82.91; 150=2; 39=2; 54=1; 44=82.91; 32=14457; 17=exec20220418191709; 38=14457; 60=2022-04-18-19:17:09; 6=82.91; 14=14457; 37=algo20220418191708; 10=246;
8=FIX4.4; 35=D; 34=75; 49=MTHREE; 56=MS; 52=2022-04-18-19:17:10; 55=SBUX; 40=2; 38=6704; 21=2; 11=algo20220418191710; 60=2022-04-18-19:17:10; 54=1; 44=75.71; 10=0252;
8=FIX4.4; 35=8; 34=111; 49=MS; 56=MTHREE; 52=2022-04-18-19:17:10; 55=SBUX; 40=2; 11=algo20220418191710; 31=75.71; 150=0; 39=0; 54=1; 44=75.71; 32=0; 17=exec20220418191710; 38=6704; 60=2022-04-18-19:17:10; 6=0; 14=0; 37=algo20220418191710; 10=200;
8=FIX4.4; 35=8; 34=112; 49=MS; 56=MTHREE; 52=2022-04-18-19:17:10; 55=SBUX; 40=2; 11=algo20220418191710; 31=75.71; 150=1; 39=1; 54=1; 44=75.71; 32=1676; 17=exec20220418191710; 38=6704; 60=2022-04-18-19:17:10; 6=75.71; 14=1676; 37=algo20220418191710; 10=240;
8=FIX4.4; 35=F; 34=75; 49=MTHREE; 56=MS; 52=2022-04-18-19:17:11; 41=algo20220418191710; 55=SBUX; 38=6704; 11=C_algo20220418191710; 60=2022-04-18-19:17:11; 10=060;
8=FIX4.4; 35=8; 34=112; 49=MS; 56=MTHREE; 52=2022-04-18-19:17:11; 55=SBUX; 11=C_algo20220418191710; 31=0; 150=6; 39=6; 54=1; 44=75.71; 17=exec20220418191711; 32=0; 41=algo20220418191710; 38=6704; 60=2022-04-18-19:17:11; 6=0.0; 14=1676; 37=algo20220418191710; 10=252;
8=FIX4.4; 35=8; 34=113; 49=MS; 56=MTHREE; 52=2022-04-18-19:17:11; 151=3352; 55=SBUX; 11=C_algo20220418191710; 31=0; 150=4; 39=4; 54=1; 17=exec20220418191711; 32=0; 41=algo20220418191710; 38=6704; 60=2022-04-18-19:17:11; 6=0.0; 14=1676; 37=algo20220418191710; 10=252;
8=FIX4.4; 35=D; 34=77; 49=MTHREE; 56=MS; 52=2022-04-18-19:17:13; 55=QCOM; 40=2; 38=23059; 21=2; 11=algo20220418191713; 60=2022-04-18-19:17:13; 54=2; 44=75.47; 10=0252;
8=FIX4.4; 35=8; 34=115; 49=MS; 56=MTHREE; 52=2022-04-18-19:17:13; 55=QCOM; 40=2; 11=algo20220418191713; 31=75.47; 150=0; 39=0; 54=2; 44=75.47; 32=0; 17=exec20220418191713; 38=23059; 60=2022-04-18-19:17:13; 6=0; 14=0; 37=algo20220418191713; 10=200;
8=FIX4.4; 35=F; 34=77; 49=MTHREE; 56=MS; 52=2022-04-18-19:17:13; 41=algo20220418191713; 55=QCOM; 38=23059; 11=C_algo20220418191713; 60=2022-04-18-19:17:13; 10=060;
8=FIX4.4; 35=8; 34=115; 49=MS; 56=MTHREE; 52=2022-04-18-19:17:13; 55=QCOM; 11=C_algo20220418191713; 31=0; 150=6; 39=6; 54=2; 44=75.47; 17=exec20220418191713; 32=0; 41=algo20220418191713; 38=23059; 60=2022-04-18-19:17:13; 6=0.0; 14=0; 37=algo20220418191713; 10=252;
8=FIX4.4; 35=8; 34=116; 49=MS; 56=MTHREE; 52=2022-04-18-19:17:13; 151=17295; 55=QCOM; 11=C_algo20220418191713; 31=0; 150=4; 39=4; 54=2; 17=exec20220418191713; 32=0; 41=algo20220418191713; 38=23059; 60=2022-04-18-19:17:13; 6=0.0; 14=0; 37=algo20220418191713; 10=252;
8=FIX4.4; 35=D; 34=79; 49=MTHREE; 56=MS; 52=2022-04-18-19:17:15; 55=TMUS; 40=2; 38=3012; 21=2; 11=algo20220418191715; 60=2022-04-18-19:17:15; 54=1; 44=90.74; 10=0252;
8=FIX4.4; 35=8; 34=118; 49=MS; 56=MTHREE; 52=2022-04-18-19:17:15; 55=TMUS; 40=2; 11=algo20220418191715; 31=90.74; 150=0; 39=0; 54=1; 44=90.74; 32=0; 17=exec20220418191715; 38=3012; 60=2022-04-18-19:17:15; 6=0; 14=0; 37=algo20220418191715; 10=200;
8=FIX4.4; 35=8; 34=119; 49=MS; 56=MTHREE; 52=2022-04-18-19:17:15; 55=TMUS; 40=2; 11=algo20220418191715; 31=90.74; 150=1; 39=1; 54=1; 44=90.74; 32=1506; 17=exec20220418191715; 38=3012; 60=2022-04-18-19:17:15; 6=90.74; 14=1506; 37=algo20220418191715; 10=240;
8=FIX4.4; 35=8; 34=120; 49=MS; 56=MTHREE; 52=2022-04-18-19:17:17; 55=TMUS; 40=2; 11=algo20220418191715; 31=90.74; 150=2; 39=2; 54=1; 44=90.74; 32=1506; 17=exec20220418191717; 38=3012; 60=2022-04-18-19:17:17; 6=90.74; 14=3012; 37=algo20220418191715; 10=246;
8=FIX4.4; 35=D; 34=80; 49=MTHREE; 56=MS; 52=2022-04-18-19:17:17; 55=MDLZ; 40=2; 38=13915; 21=2; 11=algo20220418191717; 60=2022-04-18-19:17:17; 54=2; 44=52.26; 10=0252;
8=FIX4.4; 35=8; 34=121; 49=MS; 56=MTHREE; 52=2022-04-18-19:17:17; 55=MDLZ; 40=2; 11=algo20220418191717; 31=52.26; 150=0; 39=0; 54=2; 44=52.26; 32=0; 17=exec20220418191717; 38=13915; 60=2022-04-18-19:17:17; 6=0; 14=0; 37=algo20220418191717; 10=200;
8=FIX4.4; 35=F; 34=80; 49=MTHREE; 56=MS; 52=2022-04-18-19:17:17; 41=algo20220418191717; 55=MDLZ; 38=13915; 11=C_algo20220418191717; 60=2022-04-18-19:17:17; 10=060;
8=FIX4.4; 35=8; 34=121; 49=MS; 56=MTHREE; 52=2022-04-18-19:17:17; 55=MDLZ; 11=C_algo20220418191717; 31=0; 150=6; 39=6; 54=2; 44=52.26; 17=exec20220418191717; 32=0; 41=algo20220418191717; 38=13915; 60=2022-04-18-19:17:17; 6=0.0; 14=0; 37=algo20220418191717; 10=252;
8=FIX4.4; 35=8; 34=122; 49=MS; 56=MTHREE; 52=2022-04-18-19:17:17; 151=11132; 55=MDLZ; 11=C_algo20220418191717; 31=0; 150=4; 39=4; 54=2; 17=exec20220418191717; 32=0; 41=algo20220418191717; 38=13915; 60=2022-04-18-19:17:17; 6=0.0; 14=0; 37=algo20220418191717; 10=252;
8=FIX4.4; 35=D; 34=82; 49=MTHREE; 56=MS; 52=2022-04-18-19:17:19; 55=BAC; 40=2; 38=12523; 21=2; 11=algo20220418191719; 60=2022-04-18-19:17:19; 54=2; 44=22.03; 10=0252;
8=FIX4.4; 35=8; 34=124; 49=MS; 56=MTHREE; 52=2022-04-18-19:17:19; 55=BAC; 40=2; 11=algo20220418191719; 31=22.03; 150=0; 39=0; 54=2; 44=22.03; 32=0; 17=exec20220418191719; 38=12523; 60=2022-04-18-19:17:19; 6=0; 14=0; 37=algo20220418191719; 10=200;
8=FIX4.4; 35=F; 34=82; 49=MTHREE; 56=MS; 52=2022-04-18-19:17:19; 41=algo20220418191719; 55=BAC; 38=12523; 11=C_algo20220418191719; 60=2022-04-18-19:17:19; 10=060;
8=FIX4.4; 35=8; 34=124; 49=MS; 56=MTHREE; 52=2022-04-18-19:17:19; 55=BAC; 11=C_algo20220418191719; 31=0; 150=6; 39=6; 54=2; 44=22.03; 17=exec20220418191719; 32=0; 41=algo20220418191719; 38=12523; 60=2022-04-18-19:17:19; 6=0.0; 14=0; 37=algo20220418191719; 10=252;
8=FIX4.4; 35=8; 34=125; 49=MS; 56=MTHREE; 52=2022-04-18-19:17:19; 151=8349; 55=BAC; 11=C_algo20220418191719; 31=0; 150=4; 39=4; 54=2; 17=exec20220418191719; 32=0; 41=algo20220418191719; 38=12523; 60=2022-04-18-19:17:19; 6=0.0; 14=0; 37=algo20220418191719; 10=252;
8=FIX4.4; 35=D; 34=84; 49=MTHREE; 56=MS; 52=2022-04-18-19:17:21; 55=DDD; 40=2; 38=22518; 21=2; 11=algo20220418191721; 60=2022-04-18-19:17:21; 54=1; 44=8.01; 10=0252;
8=FIX4.4; 35=8; 34=127; 49=MS; 56=MTHREE; 52=2022-04-18-19:17:21; 55=DDD; 40=2; 11=algo20220418191721; 31=8.01; 150=0; 39=0; 54=1; 44=8.01; 32=0; 17=exec20220418191721; 38=22518; 60=2022-04-18-19:17:21; 6=0; 14=0; 37=algo20220418191721; 10=200;
8=FIX4.4; 35=8; 34=128; 49=MS; 56=MTHREE; 52=2022-04-18-19:17:21; 55=DDD; 40=2; 11=algo20220418191721; 31=8.01; 150=1; 39=1; 54=1; 44=8.01; 32=7506; 17=exec20220418191721; 38=22518; 60=2022-04-18-19:17:21; 6=8.01; 14=7506; 37=algo20220418191721; 10=240;
8=FIX4.4; 35=8; 34=129; 49=MS; 56=MTHREE; 52=2022-04-18-19:17:22; 55=DDD; 40=2; 11=algo20220418191721; 31=8.01; 150=1; 39=1; 54=1; 44=8.01; 32=7506; 17=exec20220418191722; 38=22518; 60=2022-04-18-19:17:22; 6=8.01; 14=15012; 37=algo20220418191721; 10=240;
8=FIX4.4; 35=8; 34=130; 49=MS; 56=MTHREE; 52=2022-04-18-19:17:24; 55=DDD; 40=2; 11=algo20220418191721; 31=8.01; 150=2; 39=2; 54=1; 44=8.01; 32=7506; 17=exec20220418191724; 38=22518; 60=2022-04-18-19:17:24; 6=8.01; 14=22518; 37=algo20220418191721; 10=246;
8=FIX4.4; 35=D; 34=85; 49=MTHREE; 56=MS; 52=2022-04-18-19:17:24; 55=MMM; 40=2; 38=6105; 21=2; 11=algo20220418191724; 60=2022-04-18-19:17:24; 54=2; 44=146.98; 10=0252;
8=FIX4.4; 35=8; 34=131; 49=MS; 56=MTHREE; 52=2022-04-18-19:17:24; 55=MMM; 40=2; 11=algo20220418191724; 31=146.98; 150=0; 39=0; 54=2; 44=146.98; 32=0; 17=exec20220418191724; 38=6105; 60=2022-04-18-19:17:24; 6=0; 14=0; 37=algo20220418191724; 10=200;
8=FIX4.4; 35=F; 34=85; 49=MTHREE; 56=MS; 52=2022-04-18-19:17:24; 41=algo20220418191724; 55=MMM; 38=6105; 11=C_algo20220418191724; 60=2022-04-18-19:17:24; 10=060;
8=FIX4.4; 35=8; 34=131; 49=MS; 56=MTHREE; 52=2022-04-18-19:17:24; 55=MMM; 11=C_algo20220418191724; 31=0; 150=6; 39=6; 54=2; 44=146.98; 17=exec20220418191724; 32=0; 41=algo20220418191724; 38=6105; 60=2022-04-18-19:17:24; 6=0.0; 14=0; 37=algo20220418191724; 10=252;
8=FIX4.4; 35=8; 34=132; 49=MS; 56=MTHREE; 52=2022-04-18-19:17:24; 151=4884; 55=MMM; 11=C_algo20220418191724; 31=0; 150=4; 39=4; 54=2; 17=exec20220418191724; 32=0; 41=algo20220418191724; 38=6105; 60=2022-04-18-19:17:24; 6=0.0; 14=0; 37=algo20220418191724; 10=252;
8=FIX4.4; 35=D; 34=87; 49=MTHREE; 56=MS; 52=2022-04-18-19:17:26; 55=WBAI; 40=2; 38=17917; 21=2; 11=algo20220418191726; 60=2022-04-18-19:17:26; 54=2; 44=4.10; 10=0252;
8=FIX4.4; 35=8; 34=134; 49=MS; 56=MTHREE; 52=2022-04-18-19:17:26; 55=WBAI; 40=2; 11=algo20220418191726; 31=4.10; 150=0; 39=0; 54=2; 44=4.10; 32=0; 17=exec20220418191726; 38=17917; 60=2022-04-18-19:17:26; 6=0; 14=0; 37=algo20220418191726; 10=200;
8=FIX4.4; 35=F; 34=87; 49=MTHREE; 56=MS; 52=2022-04-18-19:17:26; 41=algo20220418191726; 55=WBAI; 38=17917; 11=C_algo20220418191726; 60=2022-04-18-19:17:26; 10=060;
8=FIX4.4; 35=8; 34=134; 49=MS; 56=MTHREE; 52=2022-04-18-19:17:26; 55=WBAI; 11=C_algo20220418191726; 31=0; 150=6; 39=6; 54=2; 44=4.10; 17=exec20220418191726; 32=0; 41=algo20220418191726; 38=17917; 60=2022-04-18-19:17:26; 6=0.0; 14=0; 37=algo20220418191726; 10=252;
8=FIX4.4; 35=8; 34=135; 49=MS; 56=MTHREE; 52=2022-04-18-19:17:26; 151=8959; 55=WBAI; 11=C_algo20220418191726; 31=0; 150=4; 39=4; 54=2; 17=exec20220418191726; 32=0; 41=algo20220418191726; 38=17917; 60=2022-04-18-19:17:26; 6=0.0; 14=0; 37=algo20220418191726; 10=252;
8=FIX4.4; 35=D; 34=89; 49=MTHREE; 56=MS; 52=2022-04-18-19:17:28; 55=WUBA; 40=2; 38=30638; 21=2; 11=algo20220418191728; 60=2022-04-18-19:17:28; 54=2; 44=51.41; 10=0252;
8=FIX4.4; 35=8; 34=137; 49=MS; 56=MTHREE; 52=2022-04-18-19:17:28; 55=WUBA; 40=2; 11=algo20220418191728; 31=51.41; 150=0; 39=0; 54=2; 44=51.41; 32=0; 17=exec20220418191728; 38=30638; 60=2022-04-18-19:17:28; 6=0; 14=0; 37=algo20220418191728; 10=200;
8=FIX4.4; 35=8; 34=138; 49=MS; 56=MTHREE; 52=2022-04-18-19:17:28; 55=WUBA; 40=2; 11=algo20220418191728; 31=51.41; 150=1; 39=1; 54=2; 44=51.41; 32=10212; 17=exec20220418191728; 38=30638; 60=2022-04-18-19:17:28; 6=51.41; 14=10212; 37=algo20220418191728; 10=240;
8=FIX4.4; 35=F; 34=89; 49=MTHREE; 56=MS; 52=2022-04-18-19:17:29; 41=algo20220418191728; 55=WUBA; 38=30638; 11=C_algo20220418191728; 60=2022-04-18-19:17:29; 10=060;
8=FIX4.4; 35=8; 34=138; 49=MS; 56=MTHREE; 52=2022-04-18-19:17:30; 55=WUBA; 11=C_algo20220418191728; 31=0; 150=6; 39=6; 54=2; 44=51.41; 17=exec20220418191729; 32=0; 41=algo20220418191728; 38=30638; 60=2022-04-18-19:17:30; 6=0.0; 14=10212; 37=algo20220418191728; 10=252;
8=FIX4.4; 35=8; 34=139; 49=MS; 56=MTHREE; 52=2022-04-18-19:17:30; 151=10214; 55=WUBA; 11=C_algo20220418191728; 31=0; 150=4; 39=4; 54=2; 17=exec20220418191730; 32=0; 41=algo20220418191728; 38=30638; 60=2022-04-18-19:17:30; 6=0.0; 14=10212; 37=algo20220418191728; 10=252;
8=FIX4.4; 35=D; 34=91; 49=MTHREE; 56=MS; 52=2022-04-18-19:17:32; 55=EGHT; 40=2; 38=31972; 21=2; 11=algo20220418191732; 60=2022-04-18-19:17:32; 54=2; 44=17.03; 10=0252;
8=FIX4.4; 35=8; 34=141; 49=MS; 56=MTHREE; 52=2022-04-18-19:17:32; 55=EGHT; 40=2; 11=algo20220418191732; 31=17.03; 150=0; 39=0; 54=2; 44=17.03; 32=0; 17=exec20220418191732; 38=31972; 60=2022-04-18-19:17:32; 6=0; 14=0; 37=algo20220418191732; 10=200;
8=FIX4.4; 35=8; 34=142; 49=MS; 56=MTHREE; 52=2022-04-18-19:17:32; 55=EGHT; 40=2; 11=algo20220418191732; 31=17.03; 150=1; 39=1; 54=2; 44=17.03; 32=10657; 17=exec20220418191732; 38=31972; 60=2022-04-18-19:17:32; 6=17.03; 14=10657; 37=algo20220418191732; 10=240;
8=FIX4.4; 35=8; 34=143; 49=MS; 56=MTHREE; 52=2022-04-18-19:17:33; 55=EGHT; 40=2; 11=algo20220418191732; 31=17.03; 150=1; 39=1; 54=2; 44=17.03; 32=10657; 17=exec20220418191733; 38=31972; 60=2022-04-18-19:17:33; 6=17.03; 14=21314; 37=algo20220418191732; 10=240;
8=FIX4.4; 35=8; 34=144; 49=MS; 56=MTHREE; 52=2022-04-18-19:17:35; 55=EGHT; 40=2; 11=algo20220418191732; 31=17.03; 150=2; 39=2; 54=2; 44=17.03; 32=10658; 17=exec20220418191735; 38=31972; 60=2022-04-18-19:17:35; 6=17.03; 14=31972; 37=algo20220418191732; 10=246;
8=FIX4.4; 35=D; 34=92; 49=MTHREE; 56=MS; 52=2022-04-18-19:17:35; 55=AHC; 40=2; 38=1446; 21=2; 11=algo20220418191735; 60=2022-04-18-19:17:35; 54=1; 44=1.40; 10=0252;
8=FIX4.4; 35=8; 34=145; 49=MS; 56=MTHREE; 52=2022-04-18-19:17:35; 55=AHC; 40=2; 11=algo20220418191735; 31=1.40; 150=0; 39=0; 54=1; 44=1.40; 32=0; 17=exec20220418191735; 38=1446; 60=2022-04-18-19:17:35; 6=0; 14=0; 37=algo20220418191735; 10=200;
8=FIX4.4; 35=8; 34=146; 49=MS; 56=MTHREE; 52=2022-04-18-19:17:36; 55=AHC; 40=2; 11=algo20220418191735; 31=1.40; 150=2; 39=2; 54=1; 44=1.40; 32=1446; 17=exec20220418191736; 38=1446; 60=2022-04-18-19:17:36; 6=1.40; 14=1446; 37=algo20220418191735; 10=246;
8=FIX4.4; 35=D; 34=93; 49=MTHREE; 56=MS; 52=2022-04-18-19:17:36; 55=AOS; 40=2; 38=27371; 21=2; 11=algo20220418191736; 60=2022-04-18-19:17:36; 54=1; 44=40.38; 10=0252;
8=FIX4.4; 35=8; 34=147; 49=MS; 56=MTHREE; 52=2022-04-18-19:17:36; 55=AOS; 40=2; 11=algo20220418191736; 31=40.38; 150=0; 39=0; 54=1; 44=40.38; 32=0; 17=exec20220418191736; 38=27371; 60=2022-04-18-19:17:36; 6=0; 14=0; 37=algo20220418191736; 10=200;
8=FIX4.4; 35=8; 34=148; 49=MS; 56=MTHREE; 52=2022-04-18-19:17:36; 55=AOS; 40=2; 11=algo20220418191736; 31=40.38; 150=1; 39=1; 54=1; 44=40.38; 32=5474; 17=exec20220418191736; 38=27371; 60=2022-04-18-19:17:36; 6=40.38; 14=5474; 37=algo20220418191736; 10=240;
8=FIX4.4; 35=F; 34=93; 49=MTHREE; 56=MS; 52=2022-04-18-19:17:37; 41=algo20220418191736; 55=AOS; 38=27371; 11=C_algo20220418191736; 60=2022-04-18-19:17:37; 10=060;
8=FIX4.4; 35=8; 34=148; 49=MS; 56=MTHREE; 52=2022-04-18-19:17:37; 55=AOS; 11=C_algo20220418191736; 31=0; 150=6; 39=6; 54=1; 44=40.38; 17=exec20220418191737; 32=0; 41=algo20220418191736; 38=27371; 60=2022-04-18-19:17:37; 6=0.0; 14=5474; 37=algo20220418191736; 10=252;
8=FIX4.4; 35=8; 34=149; 49=MS; 56=MTHREE; 52=2022-04-18-19:17:37; 151=16423; 55=AOS; 11=C_algo20220418191736; 31=0; 150=4; 39=4; 54=1; 17=exec20220418191737; 32=0; 41=algo20220418191736; 38=27371; 60=2022-04-18-19:17:37; 6=0.0; 14=5474; 37=algo20220418191736; 10=252;
8=FIX4.4; 35=D; 34=95; 49=MTHREE; 56=MS; 52=2022-04-18-19:17:39; 55=ATEN; 40=2; 38=26887; 21=2; 11=algo20220418191739; 60=2022-04-18-19:17:39; 54=2; 44=6.45; 10=0252;
8=FIX4.4; 35=8; 34=151; 49=MS; 56=MTHREE; 52=2022-04-18-19:17:39; 55=ATEN; 40=2; 11=algo20220418191739; 31=6.45; 150=0; 39=0; 54=2; 44=6.45; 32=0; 17=exec20220418191739; 38=26887; 60=2022-04-18-19:17:39; 6=0; 14=0; 37=algo20220418191739; 10=200;
8=FIX4.4; 35=F; 34=95; 49=MTHREE; 56=MS; 52=2022-04-18-19:17:39; 41=algo20220418191739; 55=ATEN; 38=26887; 11=C_algo20220418191739; 60=2022-04-18-19:17:39; 10=060;
8=FIX4.4; 35=8; 34=151; 49=MS; 56=MTHREE; 52=2022-04-18-19:17:39; 55=ATEN; 11=C_algo20220418191739; 31=0; 150=6; 39=6; 54=2; 44=6.45; 17=exec20220418191739; 32=0; 41=algo20220418191739; 38=26887; 60=2022-04-18-19:17:39; 6=0.0; 14=0; 37=algo20220418191739; 10=252;
8=FIX4.4; 35=8; 34=152; 49=MS; 56=MTHREE; 52=2022-04-18-19:17:39; 151=13444; 55=ATEN; 11=C_algo20220418191739; 31=0; 150=4; 39=4; 54=2; 17=exec20220418191739; 32=0; 41=algo20220418191739; 38=26887; 60=2022-04-18-19:17:39; 6=0.0; 14=0; 37=algo20220418191739; 10=252;
8=FIX4.4; 35=D; 34=97; 49=MTHREE; 56=MS; 52=2022-04-18-19:17:41; 55=AIR; 40=2; 38=4114; 21=2; 11=algo20220418191741; 60=2022-04-18-19:17:41; 54=1; 44=16.31; 10=0252;
8=FIX4.4; 35=8; 34=154; 49=MS; 56=MTHREE; 52=2022-04-18-19:17:41; 55=AIR; 40=2; 11=algo20220418191741; 31=16.31; 150=0; 39=0; 54=1; 44=16.31; 32=0; 17=exec20220418191741; 38=4114; 60=2022-04-18-19:17:41; 6=0; 14=0; 37=algo20220418191741; 10=200;
8=FIX4.4; 35=8; 34=155; 49=MS; 56=MTHREE; 52=2022-04-18-19:17:41; 55=AIR; 40=2; 11=algo20220418191741; 31=16.31; 150=1; 39=1; 54=1; 44=16.31; 32=1028; 17=exec20220418191741; 38=4114; 60=2022-04-18-19:17:41; 6=16.31; 14=1028; 37=algo20220418191741; 10=240;
8=FIX4.4; 35=8; 34=156; 49=MS; 56=MTHREE; 52=2022-04-18-19:17:42; 55=AIR; 40=2; 11=algo20220418191741; 31=16.31; 150=1; 39=1; 54=1; 44=16.31; 32=1028; 17=exec20220418191742; 38=4114; 60=2022-04-18-19:17:42; 6=16.31; 14=2056; 37=algo20220418191741; 10=240;
8=FIX4.4; 35=8; 34=157; 49=MS; 56=MTHREE; 52=2022-04-18-19:17:43; 55=AIR; 40=2; 11=algo20220418191741; 31=16.31; 150=1; 39=1; 54=1; 44=16.31; 32=1028; 17=exec20220418191743; 38=4114; 60=2022-04-18-19:17:43; 6=16.31; 14=3084; 37=algo20220418191741; 10=240;
8=FIX4.4; 35=8; 34=158; 49=MS; 56=MTHREE; 52=2022-04-18-19:17:45; 55=AIR; 40=2; 11=algo20220418191741; 31=16.31; 150=2; 39=2; 54=1; 44=16.31; 32=1030; 17=exec20220418191745; 38=4114; 60=2022-04-18-19:17:45; 6=16.31; 14=4114; 37=algo20220418191741; 10=246;
8=FIX4.4; 35=D; 34=98; 49=MTHREE; 56=MS; 52=2022-04-18-19:17:45; 55=AAN; 40=2; 38=24104; 21=2; 11=algo20220418191745; 60=2022-04-18-19:17:45; 54=2; 44=25.68; 10=0252;
8=FIX4.4; 35=8; 34=159; 49=MS; 56=MTHREE; 52=2022-04-18-19:17:45; 55=AAN; 40=2; 11=algo20220418191745; 31=25.68; 150=0; 39=0; 54=2; 44=25.68; 32=0; 17=exec20220418191745; 38=24104; 60=2022-04-18-19:17:45; 6=0; 14=0; 37=algo20220418191745; 10=200;
8=FIX4.4; 35=F; 34=98; 49=MTHREE; 56=MS; 52=2022-04-18-19:17:45; 41=algo20220418191745; 55=AAN; 38=24104; 11=C_algo20220418191745; 60=2022-04-18-19:17:45; 10=060;
8=FIX4.4; 35=8; 34=159; 49=MS; 56=MTHREE; 52=2022-04-18-19:17:45; 55=AAN; 11=C_algo20220418191745; 31=0; 150=6; 39=6; 54=2; 44=25.68; 17=exec20220418191745; 32=0; 41=algo20220418191745; 38=24104; 60=2022-04-18-19:17:45; 6=0.0; 14=0; 37=algo20220418191745; 10=252;
8=FIX4.4; 35=8; 34=160; 49=MS; 56=MTHREE; 52=2022-04-18-19:17:45; 151=16070; 55=AAN; 11=C_algo20220418191745; 31=0; 150=4; 39=4; 54=2; 17=exec20220418191745; 32=0; 41=algo20220418191745; 38=24104; 60=2022-04-18-19:17:45; 6=0.0; 14=0; 37=algo20220418191745; 10=252;
8=FIX4.4; 35=D; 34=100; 49=MTHREE; 56=MS; 52=2022-04-18-19:17:47; 55=ABB; 40=2; 38=1330; 21=2; 11=algo20220418191747; 60=2022-04-18-19:17:47; 54=1; 44=17.42; 10=0252;
8=FIX4.4; 35=8; 34=162; 49=MS; 56=MTHREE; 52=2022-04-18-19:17:47; 55=ABB; 40=2; 11=algo20220418191747; 31=17.42; 150=0; 39=0; 54=1; 44=17.42; 32=0; 17=exec20220418191747; 38=1330; 60=2022-04-18-19:17:47; 6=0; 14=0; 37=algo20220418191747; 10=200;
8=FIX4.4; 35=8; 34=163; 49=MS; 56=MTHREE; 52=2022-04-18-19:17:47; 55=ABB; 40=2; 11=algo20220418191747; 31=17.42; 150=1; 39=1; 54=1; 44=17.42; 32=266; 17=exec20220418191747; 38=1330; 60=2022-04-18-19:17:47; 6=17.42; 14=266; 37=algo20220418191747; 10=240;
8=FIX4.4; 35=8; 34=164; 49=MS; 56=MTHREE; 52=2022-04-18-19:17:48; 55=ABB; 40=2; 11=algo20220418191747; 31=17.42; 150=1; 39=1; 54=1; 44=17.42; 32=266; 17=exec20220418191748; 38=1330; 60=2022-04-18-19:17:48; 6=17.42; 14=532; 37=algo20220418191747; 10=240;
8=FIX4.4; 35=8; 34=165; 49=MS; 56=MTHREE; 52=2022-04-18-19:17:49; 55=ABB; 40=2; 11=algo20220418191747; 31=17.42; 150=1; 39=1; 54=1; 44=17.42; 32=266; 17=exec20220418191749; 38=1330; 60=2022-04-18-19:17:49; 6=17.42; 14=798; 37=algo20220418191747; 10=240;
8=FIX4.4; 35=8; 34=166; 49=MS; 56=MTHREE; 52=2022-04-18-19:17:50; 55=ABB; 40=2; 11=algo20220418191747; 31=17.42; 150=1; 39=1; 54=1; 44=17.42; 32=266; 17=exec20220418191750; 38=1330; 60=2022-04-18-19:17:50; 6=17.42; 14=1064; 37=algo20220418191747; 10=240;
8=FIX4.4; 35=8; 34=167; 49=MS; 56=MTHREE; 52=2022-04-18-19:17:52; 55=ABB; 40=2; 11=algo20220418191747; 31=17.42; 150=2; 39=2; 54=1; 44=17.42; 32=266; 17=exec20220418191752; 38=1330; 60=2022-04-18-19:17:52; 6=17.42; 14=1330; 37=algo20220418191747; 10=246;
8=FIX4.4; 35=D; 34=101; 49=MTHREE; 56=MS; 52=2022-04-18-19:17:52; 55=ABT; 40=2; 38=9025; 21=2; 11=algo20220418191752; 60=2022-04-18-19:17:52; 54=1; 44=94.04; 10=0252;
8=FIX4.4; 35=8; 34=168; 49=MS; 56=MTHREE; 52=2022-04-18-19:17:52; 55=ABT; 40=2; 11=algo20220418191752; 31=94.04; 150=0; 39=0; 54=1; 44=94.04; 32=0; 17=exec20220418191752; 38=9025; 60=2022-04-18-19:17:52; 6=0; 14=0; 37=algo20220418191752; 10=200;
8=FIX4.4; 35=8; 34=169; 49=MS; 56=MTHREE; 52=2022-04-18-19:17:52; 55=ABT; 40=2; 11=algo20220418191752; 31=94.04; 150=1; 39=1; 54=1; 44=94.04; 32=2256; 17=exec20220418191752; 38=9025; 60=2022-04-18-19:17:52; 6=94.04; 14=2256; 37=algo20220418191752; 10=240;
8=FIX4.4; 35=F; 34=101; 49=MTHREE; 56=MS; 52=2022-04-18-19:17:53; 41=algo20220418191752; 55=ABT; 38=9025; 11=C_algo20220418191752; 60=2022-04-18-19:17:53; 10=060;
8=FIX4.4; 35=8; 34=169; 49=MS; 56=MTHREE; 52=2022-04-18-19:17:53; 55=ABT; 11=C_algo20220418191752; 31=0; 150=6; 39=6; 54=1; 44=94.04; 17=exec20220418191753; 32=0; 41=algo20220418191752; 38=9025; 60=2022-04-18-19:17:53; 6=0.0; 14=2256; 37=algo20220418191752; 10=252;
8=FIX4.4; 35=8; 34=170; 49=MS; 56=MTHREE; 52=2022-04-18-19:17:53; 151=4513; 55=ABT; 11=C_algo20220418191752; 31=0; 150=4; 39=4; 54=1; 17=exec20220418191753; 32=0; 41=algo20220418191752; 38=9025; 60=2022-04-18-19:17:53; 6=0.0; 14=2256; 37=algo20220418191752; 10=252;
8=FIX4.4; 35=D; 34=103; 49=MTHREE; 56=MS; 52=2022-04-18-19:17:55; 55=ABBV; 40=2; 38=8541; 21=2; 11=algo20220418191755; 60=2022-04-18-19:17:55; 54=2; 44=83.60; 10=0252;
8=FIX4.4; 35=8; 34=172; 49=MS; 56=MTHREE; 52=2022-04-18-19:17:55; 55=ABBV; 40=2; 11=algo20220418191755; 31=83.60; 150=0; 39=0; 54=2; 44=83.60; 32=0; 17=exec20220418191755; 38=8541; 60=2022-04-18-19:17:55; 6=0; 14=0; 37=algo20220418191755; 10=200;
8=FIX4.4; 35=8; 34=173; 49=MS; 56=MTHREE; 52=2022-04-18-19:17:56; 55=ABBV; 40=2; 11=algo20220418191755; 31=83.60; 150=2; 39=2; 54=2; 44=83.60; 32=8541; 17=exec20220418191756; 38=8541; 60=2022-04-18-19:17:56; 6=83.60; 14=8541; 37=algo20220418191755; 10=246;
8=FIX4.4; 35=D; 34=104; 49=MTHREE; 56=MS; 52=2022-04-18-19:17:56; 55=ANF; 40=2; 38=15810; 21=2; 11=algo20220418191756; 60=2022-04-18-19:17:56; 54=1; 44=9.10; 10=0252;
8=FIX4.4; 35=8; 34=174; 49=MS; 56=MTHREE; 52=2022-04-18-19:17:56; 55=ANF; 40=2; 11=algo20220418191756; 31=9.10; 150=0; 39=0; 54=1; 44=9.10; 32=0; 17=exec20220418191756; 38=15810; 60=2022-04-18-19:17:56; 6=0; 14=0; 37=algo20220418191756; 10=200;
8=FIX4.4; 35=8; 34=175; 49=MS; 56=MTHREE; 52=2022-04-18-19:17:56; 55=ANF; 40=2; 11=algo20220418191756; 31=9.10; 150=1; 39=1; 54=1; 44=9.10; 32=3162; 17=exec20220418191756; 38=15810; 60=2022-04-18-19:17:56; 6=9.10; 14=3162; 37=algo20220418191756; 10=240;
8=FIX4.4; 35=8; 34=176; 49=MS; 56=MTHREE; 52=2022-04-18-19:17:57; 55=ANF; 40=2; 11=algo20220418191756; 31=9.10; 150=1; 39=1; 54=1; 44=9.10; 32=3162; 17=exec20220418191757; 38=15810; 60=2022-04-18-19:17:57; 6=9.10; 14=6324; 37=algo20220418191756; 10=240;
8=FIX4.4; 35=F; 34=104; 49=MTHREE; 56=MS; 52=2022-04-18-19:17:58; 41=algo20220418191756; 55=ANF; 38=15810; 11=C_algo20220418191756; 60=2022-04-18-19:17:58; 10=060;
8=FIX4.4; 35=8; 34=176; 49=MS; 56=MTHREE; 52=2022-04-18-19:17:58; 55=ANF; 11=C_algo20220418191756; 31=0; 150=6; 39=6; 54=1; 44=9.10; 17=exec20220418191758; 32=0; 41=algo20220418191756; 38=15810; 60=2022-04-18-19:17:58; 6=0.0; 14=6324; 37=algo20220418191756; 10=252;
8=FIX4.4; 35=8; 34=177; 49=MS; 56=MTHREE; 52=2022-04-18-19:17:58; 151=6324; 55=ANF; 11=C_algo20220418191756; 31=0; 150=4; 39=4; 54=1; 17=exec20220418191758; 32=0; 41=algo20220418191756; 38=15810; 60=2022-04-18-19:17:58; 6=0.0; 14=6324; 37=algo20220418191756; 10=252;
8=FIX4.4; 35=D; 34=106; 49=MTHREE; 56=MS; 52=2022-04-18-19:18:00; 55=ABM; 40=2; 38=18961; 21=2; 11=algo20220418191800; 60=2022-04-18-19:18:00; 54=2; 44=31.64; 10=0252;
8=FIX4.4; 35=8; 34=179; 49=MS; 56=MTHREE; 52=2022-04-18-19:18:00; 55=ABM; 40=2; 11=algo20220418191800; 31=31.64; 150=0; 39=0; 54=2; 44=31.64; 32=0; 17=exec20220418191800; 38=18961; 60=2022-04-18-19:18:00; 6=0; 14=0; 37=algo20220418191800; 10=200;
8=FIX4.4; 35=8; 34=180; 49=MS; 56=MTHREE; 52=2022-04-18-19:18:02; 55=ABM; 40=2; 11=algo20220418191800; 31=31.64; 150=2; 39=2; 54=2; 44=31.64; 32=18961; 17=exec20220418191802; 38=18961; 60=2022-04-18-19:18:02; 6=31.64; 14=18961; 37=algo20220418191800; 10=246;
8=FIX4.4; 35=D; 34=107; 49=MTHREE; 56=MS; 52=2022-04-18-19:18:02; 55=AAPL; 40=2; 38=27139; 21=2; 11=algo20220418191802; 60=2022-04-18-19:18:02; 54=2; 44=284.65; 10=0252;
8=FIX4.4; 35=8; 34=181; 49=MS; 56=MTHREE; 52=2022-04-18-19:18:02; 55=AAPL; 40=2; 11=algo20220418191802; 31=284.65; 150=0; 39=0; 54=2; 44=284.65; 32=0; 17=exec20220418191802; 38=27139; 60=2022-04-18-19:18:02; 6=0; 14=0; 37=algo20220418191802; 10=200;
8=FIX4.4; 35=F; 34=107; 49=MTHREE; 56=MS; 52=2022-04-18-19:18:02; 41=algo20220418191802; 55=AAPL; 38=27139; 11=C_algo20220418191802; 60=2022-04-18-19:18:02; 10=060;
8=FIX4.4; 35=8; 34=181; 49=MS; 56=MTHREE; 52=2022-04-18-19:18:02; 55=AAPL; 11=C_algo20220418191802; 31=0; 150=6; 39=6; 54=2; 44=284.65; 17=exec20220418191802; 32=0; 41=algo20220418191802; 38=27139; 60=2022-04-18-19:18:02; 6=0.0; 14=0; 37=algo20220418191802; 10=252;
8=FIX4.4; 35=8; 34=182; 49=MS; 56=MTHREE; 52=2022-04-18-19:18:02; 151=18093; 55=AAPL; 11=C_algo20220418191802; 31=0; 150=4; 39=4; 54=2; 17=exec20220418191802; 32=0; 41=algo20220418191802; 38=27139; 60=2022-04-18-19:18:02; 6=0.0; 14=0; 37=algo20220418191802; 10=252;
8=FIX4.4; 35=D; 34=109; 49=MTHREE; 56=MS; 52=2022-04-18-19:18:04; 55=PEP; 40=2; 38=4366; 21=2; 11=algo20220418191804; 60=2022-04-18-19:18:04; 54=2; 44=45.43; 10=0252;
8=FIX4.4; 35=8; 34=184; 49=MS; 56=MTHREE; 52=2022-04-18-19:18:04; 55=PEP; 40=2; 11=algo20220418191804; 31=45.43; 150=0; 39=0; 54=2; 44=45.43; 32=0; 17=exec20220418191804; 38=4366; 60=2022-04-18-19:18:04; 6=0; 14=0; 37=algo20220418191804; 10=200;
8=FIX4.4; 35=F; 34=109; 49=MTHREE; 56=MS; 52=2022-04-18-19:18:04; 41=algo20220418191804; 55=PEP; 38=4366; 11=C_algo20220418191804; 60=2022-04-18-19:18:04; 10=060;
8=FIX4.4; 35=8; 34=184; 49=MS; 56=MTHREE; 52=2022-04-18-19:18:04; 55=PEP; 11=C_algo20220418191804; 31=0; 150=6; 39=6; 54=2; 44=45.43; 17=exec20220418191804; 32=0; 41=algo20220418191804; 38=4366; 60=2022-04-18-19:18:04; 6=0.0; 14=0; 37=algo20220418191804; 10=252;
8=FIX4.4; 35=8; 34=185; 49=MS; 56=MTHREE; 52=2022-04-18-19:18:04; 151=3493; 55=PEP; 11=C_algo20220418191804; 31=0; 150=4; 39=4; 54=2; 17=exec20220418191804; 32=0; 41=algo20220418191804; 38=4366; 60=2022-04-18-19:18:04; 6=0.0; 14=0; 37=algo20220418191804; 10=252;
8=FIX4.4; 35=D; 34=111; 49=MTHREE; 56=MS; 52=2022-04-18-19:18:06; 55=; 40=2; 38=17086; 21=2; 11=algo20220418191806; 60=2022-04-18-19:18:06; 54=1; 44=; 10=0252;
8=FIX4.4; 35=8; 34=187; 49=MS; 56=MTHREE; 52=2022-04-18-19:18:06; 55=; 40=2; 11=algo20220418191806; 31=; 150=0; 39=0; 54=1; 44=; 32=0; 17=exec20220418191806; 38=17086; 60=2022-04-18-19:18:06; 6=0; 14=0; 37=algo20220418191806; 10=200;
8=FIX4.4; 35=8; 34=188; 49=MS; 56=MTHREE; 52=2022-04-18-19:18:07; 55=; 40=2; 11=algo20220418191806; 31=; 150=2; 39=2; 54=1; 44=; 32=17086; 17=exec20220418191807; 38=17086; 60=2022-04-18-19:18:07; 6=; 14=17086; 37=algo20220418191806; 10=246;
