8=FIX4.4; 35=A; 34=1; 49=MTHREE; 56=MS; 52=2022-04-19-13:44:19; 108=30; 10=0015;
8=FIX4.4; 35=A; 34=1; 49=MS; 56=MTHREE; 52=2022-04-19-13:44:19; 108=30; 10=0016;
8=FIX4.4; 35=0; 34=2; 49=MTHREE; 56=MS; 52=2022-04-19-13:44:19; 108=30; 10=0015;
8=FIX4.4; 35=0; 34=2; 49=MS; 56=MTHREE; 52=2022-04-19-13:44:19; 108=30; 10=0015;
8=FIX4.4; 35=0; 34=3; 49=MTHREE; 56=MS; 52=2022-04-19-13:44:21; 108=30; 10=0015;
8=FIX4.4; 35=0; 34=3; 49=MS; 56=MTHREE; 52=2022-04-19-13:44:21; 108=30; 10=0015;
8=FIX4.4; 35=0; 34=4; 49=MTHREE; 56=MS; 52=2022-04-19-13:44:23; 108=30; 10=0015;
8=FIX4.4; 35=0; 34=4; 49=MS; 56=MTHREE; 52=2022-04-19-13:44:23; 108=30; 10=0015;
8=FIX4.4; 35=0; 34=5; 49=MTHREE; 56=MS; 52=2022-04-19-13:44:25; 108=30; 10=0015;
8=FIX4.4; 35=0; 34=5; 49=MS; 56=MTHREE; 52=2022-04-19-13:44:25; 108=30; 10=0015;
8=FIX4.4; 35=0; 34=6; 49=MTHREE; 56=MS; 52=2022-04-19-13:44:27; 108=30; 10=0015;
8=FIX4.4; 35=0; 34=6; 49=MS; 56=MTHREE; 52=2022-04-19-13:44:27; 108=30; 10=0015;
8=FIX4.4; 35=0; 34=7; 49=MTHREE; 56=MS; 52=2022-04-19-13:44:29; 108=30; 10=0015;
8=FIX4.4; 35=0; 34=7; 49=MS; 56=MTHREE; 52=2022-04-19-13:44:29; 108=30; 10=0015;
8=FIX4.4; 35=0; 34=8; 49=MTHREE; 56=MS; 52=2022-04-19-13:44:31; 108=30; 10=0015;
8=FIX4.4; 35=0; 34=8; 49=MS; 56=MTHREE; 52=2022-04-19-13:44:31; 108=30; 10=0015;
8=FIX4.4; 35=0; 34=9; 49=MTHREE; 56=MS; 52=2022-04-19-13:44:33; 108=30; 10=0015;
8=FIX4.4; 35=0; 34=9; 49=MS; 56=MTHREE; 52=2022-04-19-13:44:33; 108=30; 10=0015;
8=FIX4.4; 35=0; 34=10; 49=MTHREE; 56=MS; 52=2022-04-19-13:44:35; 108=30; 10=0015;
8=FIX4.4; 35=0; 34=10; 49=MS; 56=MTHREE; 52=2022-04-19-13:44:35; 108=30; 10=0015;
8=FIX4.4; 35=0; 34=11; 49=MTHREE; 56=MS; 52=2022-04-19-13:44:37; 108=30; 10=0015;
8=FIX4.4; 35=0; 34=11; 49=MS; 56=MTHREE; 52=2022-04-19-13:44:37; 108=30; 10=0015;
8=FIX4.4; 35=0; 34=12; 49=MTHREE; 56=MS; 52=2022-04-19-13:44:39; 108=30; 10=0015;
8=FIX4.4; 35=0; 34=12; 49=MS; 56=MTHREE; 52=2022-04-19-13:44:39; 108=30; 10=0015;
8=FIX4.4; 35=0; 34=13; 49=MTHREE; 56=MS; 52=2022-04-19-13:44:41; 108=30; 10=0015;
8=FIX4.4; 35=0; 34=13; 49=MS; 56=MTHREE; 52=2022-04-19-13:44:41; 108=30; 10=0015;
8=FIX4.4; 35=0; 34=14; 49=MTHREE; 56=MS; 52=2022-04-19-13:44:43; 108=30; 10=0015;
8=FIX4.4; 35=0; 34=14; 49=MS; 56=MTHREE; 52=2022-04-19-13:44:43; 108=30; 10=0015;
8=FIX4.4; 35=0; 34=15; 49=MTHREE; 56=MS; 52=2022-04-19-13:44:45; 108=30; 10=0015;
8=FIX4.4; 35=0; 34=15; 49=MS; 56=MTHREE; 52=2022-04-19-13:44:45; 108=30; 10=0015;
8=FIX4.4; 35=0; 34=16; 49=MTHREE; 56=MS; 52=2022-04-19-13:44:47; 108=30; 10=0015;
8=FIX4.4; 35=0; 34=16; 49=MS; 56=MTHREE; 52=2022-04-19-13:44:47; 108=30; 10=0015;
8=FIX4.4; 35=0; 34=17; 49=MTHREE; 56=MS; 52=2022-04-19-13:44:49; 108=30; 10=0015;
8=FIX4.4; 35=0; 34=17; 49=MS; 56=MTHREE; 52=2022-04-19-13:44:49; 108=30; 10=0015;
8=FIX4.4; 35=0; 34=18; 49=MTHREE; 56=MS; 52=2022-04-19-13:44:51; 108=30; 10=0015;
8=FIX4.4; 35=0; 34=18; 49=MS; 56=MTHREE; 52=2022-04-19-13:44:51; 108=30; 10=0015;
8=FIX4.4; 35=0; 34=19; 49=MTHREE; 56=MS; 52=2022-04-19-13:44:53; 108=30; 10=0015;
8=FIX4.4; 35=0; 34=19; 49=MS; 56=MTHREE; 52=2022-04-19-13:44:53; 108=30; 10=0015;
8=FIX4.4; 35=0; 34=20; 49=MTHREE; 56=MS; 52=2022-04-19-13:44:55; 108=30; 10=0015;
8=FIX4.4; 35=0; 34=20; 49=MS; 56=MTHREE; 52=2022-04-19-13:44:55; 108=30; 10=0015;
8=FIX4.4; 35=0; 34=21; 49=MTHREE; 56=MS; 52=2022-04-19-13:44:57; 108=30; 10=0015;
8=FIX4.4; 35=0; 34=21; 49=MS; 56=MTHREE; 52=2022-04-19-13:44:57; 108=30; 10=0015;
8=FIX4.4; 35=0; 34=22; 49=MTHREE; 56=MS; 52=2022-04-19-13:44:59; 108=30; 10=0015;
8=FIX4.4; 35=0; 34=22; 49=MS; 56=MTHREE; 52=2022-04-19-13:44:59; 108=30; 10=0015;
8=FIX4.4; 35=0; 34=23; 49=MTHREE; 56=MS; 52=2022-04-19-13:45:01; 108=30; 10=0015;
8=FIX4.4; 35=0; 34=23; 49=MS; 56=MTHREE; 52=2022-04-19-13:45:01; 108=30; 10=0015;
8=FIX4.4; 35=0; 34=24; 49=MTHREE; 56=MS; 52=2022-04-19-13:45:03; 108=30; 10=0015;
8=FIX4.4; 35=0; 34=24; 49=MS; 56=MTHREE; 52=2022-04-19-13:45:03; 108=30; 10=0015;
8=FIX4.4; 35=0; 34=25; 49=MTHREE; 56=MS; 52=2022-04-19-13:45:05; 108=30; 10=0015;
8=FIX4.4; 35=0; 34=25; 49=MS; 56=MTHREE; 52=2022-04-19-13:45:05; 108=30; 10=0015;
8=FIX4.4; 35=0; 34=26; 49=MTHREE; 56=MS; 52=2022-04-19-13:45:07; 108=30; 10=0015;
8=FIX4.4; 35=0; 34=26; 49=MS; 56=MTHREE; 52=2022-04-19-13:45:07; 108=30; 10=0015;
8=FIX4.4; 35=0; 34=27; 49=MTHREE; 56=MS; 52=2022-04-19-13:45:09; 108=30; 10=0015;
8=FIX4.4; 35=0; 34=27; 49=MS; 56=MTHREE; 52=2022-04-19-13:45:09; 108=30; 10=0015;
8=FIX4.4; 35=0; 34=28; 49=MTHREE; 56=MS; 52=2022-04-19-13:45:11; 108=30; 10=0015;
8=FIX4.4; 35=0; 34=28; 49=MS; 56=MTHREE; 52=2022-04-19-13:45:11; 108=30; 10=0015;
8=FIX4.4; 35=0; 34=29; 49=MTHREE; 56=MS; 52=2022-04-19-13:45:13; 108=30; 10=0015;
8=FIX4.4; 35=0; 34=29; 49=MS; 56=MTHREE; 52=2022-04-19-13:45:13; 108=30; 10=0015;
8=FIX4.4; 35=0; 34=30; 49=MTHREE; 56=MS; 52=2022-04-19-13:45:15; 108=30; 10=0015;
8=FIX4.4; 35=0; 34=30; 49=MS; 56=MTHREE; 52=2022-04-19-13:45:15; 108=30; 10=0015;
8=FIX4.4; 35=0; 34=31; 49=MTHREE; 56=MS; 52=2022-04-19-13:45:17; 108=30; 10=0015;
8=FIX4.4; 35=0; 34=31; 49=MS; 56=MTHREE; 52=2022-04-19-13:45:17; 108=30; 10=0015;
8=FIX4.4; 35=0; 34=32; 49=MTHREE; 56=MS; 52=2022-04-19-13:45:19; 108=30; 10=0015;
8=FIX4.4; 35=0; 34=32; 49=MS; 56=MTHREE; 52=2022-04-19-13:45:19; 108=30; 10=0015;
8=FIX4.4; 35=0; 34=33; 49=MTHREE; 56=MS; 52=2022-04-19-13:45:21; 108=30; 10=0015;
8=FIX4.4; 35=0; 34=33; 49=MS; 56=MTHREE; 52=2022-04-19-13:45:21; 108=30; 10=0015;
8=FIX4.4; 35=0; 34=34; 49=MTHREE; 56=MS; 52=2022-04-19-13:45:23; 108=30; 10=0015;
8=FIX4.4; 35=0; 34=34; 49=MS; 56=MTHREE; 52=2022-04-19-13:45:23; 108=30; 10=0015;
8=FIX4.4; 35=0; 34=35; 49=MTHREE; 56=MS; 52=2022-04-19-13:45:25; 108=30; 10=0015;
8=FIX4.4; 35=0; 34=35; 49=MS; 56=MTHREE; 52=2022-04-19-13:45:25; 108=30; 10=0015;
8=FIX4.4; 35=0; 34=36; 49=MTHREE; 56=MS; 52=2022-04-19-13:45:27; 108=30; 10=0015;
8=FIX4.4; 35=0; 34=36; 49=MS; 56=MTHREE; 52=2022-04-19-13:45:27; 108=30; 10=0015;
8=FIX4.4; 35=0; 34=37; 49=MTHREE; 56=MS; 52=2022-04-19-13:45:29; 108=30; 10=0015;
8=FIX4.4; 35=0; 34=37; 49=MS; 56=MTHREE; 52=2022-04-19-13:45:29; 108=30; 10=0015;
8=FIX4.4; 35=0; 34=38; 49=MTHREE; 56=MS; 52=2022-04-19-13:45:31; 108=30; 10=0015;
8=FIX4.4; 35=0; 34=38; 49=MS; 56=MTHREE; 52=2022-04-19-13:45:31; 108=30; 10=0015;
8=FIX4.4; 35=0; 34=39; 49=MTHREE; 56=MS; 52=2022-04-19-13:45:33; 108=30; 10=0015;
8=FIX4.4; 35=0; 34=39; 49=MS; 56=MTHREE; 52=2022-04-19-13:45:33; 108=30; 10=0015;
8=FIX4.4; 35=0; 34=40; 49=MTHREE; 56=MS; 52=2022-04-19-13:45:35; 108=30; 10=0015;
8=FIX4.4; 35=0; 34=40; 49=MS; 56=MTHREE; 52=2022-04-19-13:45:35; 108=30; 10=0015;
8=FIX4.4; 35=0; 34=41; 49=MTHREE; 56=MS; 52=2022-04-19-13:45:37; 108=30; 10=0015;
8=FIX4.4; 35=0; 34=41; 49=MS; 56=MTHREE; 52=2022-04-19-13:45:37; 108=30; 10=0015;
8=FIX4.4; 35=0; 34=42; 49=MTHREE; 56=MS; 52=2022-04-19-13:45:39; 108=30; 10=0015;
8=FIX4.4; 35=0; 34=42; 49=MS; 56=MTHREE; 52=2022-04-19-13:45:39; 108=30; 10=0015;
8=FIX4.4; 35=0; 34=43; 49=MTHREE; 56=MS; 52=2022-04-19-13:45:41; 108=30; 10=0015;
8=FIX4.4; 35=0; 34=43; 49=MS; 56=MTHREE; 52=2022-04-19-13:45:41; 108=30; 10=0015;
8=FIX4.4; 35=0; 34=44; 49=MTHREE; 56=MS; 52=2022-04-19-13:45:43; 108=30; 10=0015;
8=FIX4.4; 35=0; 34=44; 49=MS; 56=MTHREE; 52=2022-04-19-13:45:43; 108=30; 10=0015;
8=FIX4.4; 35=0; 34=45; 49=MTHREE; 56=MS; 52=2022-04-19-13:45:45; 108=30; 10=0015;
8=FIX4.4; 35=0; 34=45; 49=MS; 56=MTHREE; 52=2022-04-19-13:45:45; 108=30; 10=0015;
8=FIX4.4; 35=0; 34=46; 49=MTHREE; 56=MS; 52=2022-04-19-13:45:47; 108=30; 10=0015;
8=FIX4.4; 35=0; 34=46; 49=MS; 56=MTHREE; 52=2022-04-19-13:45:47; 108=30; 10=0015;
8=FIX4.4; 35=0; 34=47; 49=MTHREE; 56=MS; 52=2022-04-19-13:45:49; 108=30; 10=0015;
8=FIX4.4; 35=0; 34=47; 49=MS; 56=MTHREE; 52=2022-04-19-13:45:49; 108=30; 10=0015;
8=FIX4.4; 35=0; 34=48; 49=MTHREE; 56=MS; 52=2022-04-19-13:45:51; 108=30; 10=0015;
8=FIX4.4; 35=0; 34=48; 49=MS; 56=MTHREE; 52=2022-04-19-13:45:51; 108=30; 10=0015;
8=FIX4.4; 35=0; 34=49; 49=MTHREE; 56=MS; 52=2022-04-19-13:45:53; 108=30; 10=0015;
8=FIX4.4; 35=0; 34=49; 49=MS; 56=MTHREE; 52=2022-04-19-13:45:53; 108=30; 10=0015;
8=FIX4.4; 35=0; 34=50; 49=MTHREE; 56=MS; 52=2022-04-19-13:45:55; 108=30; 10=0015;
8=FIX4.4; 35=0; 34=50; 49=MS; 56=MTHREE; 52=2022-04-19-13:45:55; 108=30; 10=0015;
8=FIX4.4; 35=0; 34=51; 49=MTHREE; 56=MS; 52=2022-04-19-13:45:57; 108=30; 10=0015;
8=FIX4.4; 35=0; 34=51; 49=MS; 56=MTHREE; 52=2022-04-19-13:45:57; 108=30; 10=0015;
8=FIX4.4; 35=D; 34=52; 49=MTHREE; 56=MS; 52=2022-04-19-13:45:59; 55=AAPL; 40=2; 38=29742; 21=2; 11=algo20220419134559; 60=2022-04-19-13:45:59; 54=1; 44=1276.37; 10=0252;
8=FIX4.4; 35=8; 34=52; 49=MS; 56=MTHREE; 52=2022-04-19-13:45:59; 55=AAPL; 40=2; 11=algo20220419134559; 31=1276.37; 150=0; 39=0; 54=1; 44=1276.37; 32=0; 17=exec20220419134559; 38=29742; 60=2022-04-19-13:45:59; 6=0; 14=0; 37=algo20220419134559; 10=200;
8=FIX4.4; 35=8; 34=53; 49=MS; 56=MTHREE; 52=2022-04-19-13:46:00; 55=AAPL; 40=2; 11=algo20220419134559; 31=1276.37; 150=2; 39=2; 54=1; 44=1276.37; 32=29742; 17=exec20220419134600; 38=29742; 60=2022-04-19-13:46:00; 6=1276.37; 14=29742; 37=algo20220419134559; 10=246;
8=FIX4.4; 35=D; 34=53; 49=MTHREE; 56=MS; 52=2022-04-19-13:46:00; 55=MSFT; 40=2; 38=31815; 21=2; 11=algo20220419134600; 60=2022-04-19-13:46:00; 54=1; 44=59.89; 10=0252;
8=FIX4.4; 35=8; 34=54; 49=MS; 56=MTHREE; 52=2022-04-19-13:46:00; 55=MSFT; 40=2; 11=algo20220419134600; 31=59.89; 150=0; 39=0; 54=1; 44=59.89; 32=0; 17=exec20220419134600; 38=31815; 60=2022-04-19-13:46:00; 6=0; 14=0; 37=algo20220419134600; 10=200;
8=FIX4.4; 35=F; 34=53; 49=MTHREE; 56=MS; 52=2022-04-19-13:46:00; 41=algo20220419134600; 55=MSFT; 38=31815; 11=C_algo20220419134600; 60=2022-04-19-13:46:00; 10=060;
8=FIX4.4; 35=8; 34=54; 49=MS; 56=MTHREE; 52=2022-04-19-13:46:00; 55=MSFT; 11=C_algo20220419134600; 31=0; 150=6; 39=6; 54=1; 44=59.89; 17=exec20220419134600; 32=0; 41=algo20220419134600; 38=31815; 60=2022-04-19-13:46:00; 6=0.0; 14=0; 37=algo20220419134600; 10=252;
8=FIX4.4; 35=8; 34=55; 49=MS; 56=MTHREE; 52=2022-04-19-13:46:00; 151=15908; 55=MSFT; 11=C_algo20220419134600; 31=0; 150=4; 39=4; 54=1; 17=exec20220419134600; 32=0; 41=algo20220419134600; 38=31815; 60=2022-04-19-13:46:00; 6=0.0; 14=0; 37=algo20220419134600; 10=252;
8=FIX4.4; 35=D; 34=55; 49=MTHREE; 56=MS; 52=2022-04-19-13:46:02; 55=AMZN; 40=2; 38=21118; 21=2; 11=algo20220419134602; 60=2022-04-19-13:46:02; 54=2; 44=133.47; 10=0252;
8=FIX4.4; 35=8; 34=57; 49=MS; 56=MTHREE; 52=2022-04-19-13:46:02; 55=AMZN; 40=2; 11=algo20220419134602; 31=133.47; 150=0; 39=0; 54=2; 44=133.47; 32=0; 17=exec20220419134602; 38=21118; 60=2022-04-19-13:46:02; 6=0; 14=0; 37=algo20220419134602; 10=200;
8=FIX4.4; 35=8; 34=58; 49=MS; 56=MTHREE; 52=2022-04-19-13:46:02; 55=AMZN; 40=2; 11=algo20220419134602; 31=133.47; 150=1; 39=1; 54=2; 44=133.47; 32=10559; 17=exec20220419134602; 38=21118; 60=2022-04-19-13:46:02; 6=133.47; 14=10559; 37=algo20220419134602; 10=240;
8=FIX4.4; 35=8; 34=59; 49=MS; 56=MTHREE; 52=2022-04-19-13:46:04; 55=AMZN; 40=2; 11=algo20220419134602; 31=133.47; 150=2; 39=2; 54=2; 44=133.47; 32=10559; 17=exec20220419134604; 38=21118; 60=2022-04-19-13:46:04; 6=133.47; 14=21118; 37=algo20220419134602; 10=246;
8=FIX4.4; 35=D; 34=56; 49=MTHREE; 56=MS; 52=2022-04-19-13:46:04; 55=FB; 40=2; 38=31036; 21=2; 11=algo20220419134604; 60=2022-04-19-13:46:04; 54=2; 44=430.62; 10=0252;
8=FIX4.4; 35=8; 34=60; 49=MS; 56=MTHREE; 52=2022-04-19-13:46:04; 55=FB; 40=2; 11=algo20220419134604; 31=430.62; 150=0; 39=0; 54=2; 44=430.62; 32=0; 17=exec20220419134604; 38=31036; 60=2022-04-19-13:46:04; 6=0; 14=0; 37=algo20220419134604; 10=200;
8=FIX4.4; 35=8; 34=61; 49=MS; 56=MTHREE; 52=2022-04-19-13:46:05; 55=FB; 40=2; 11=algo20220419134604; 31=430.62; 150=2; 39=2; 54=2; 44=430.62; 32=31036; 17=exec20220419134605; 38=31036; 60=2022-04-19-13:46:05; 6=430.62; 14=31036; 37=algo20220419134604; 10=246;
8=FIX4.4; 35=D; 34=57; 49=MTHREE; 56=MS; 52=2022-04-19-13:46:05; 55=GOOG; 40=2; 38=4290; 21=2; 11=algo20220419134605; 60=2022-04-19-13:46:05; 54=1; 44=42.05; 10=0252;
8=FIX4.4; 35=8; 34=62; 49=MS; 56=MTHREE; 52=2022-04-19-13:46:05; 55=GOOG; 40=2; 11=algo20220419134605; 31=42.05; 150=0; 39=0; 54=1; 44=42.05; 32=0; 17=exec20220419134605; 38=4290; 60=2022-04-19-13:46:05; 6=0; 14=0; 37=algo20220419134605; 10=200;
8=FIX4.4; 35=8; 34=63; 49=MS; 56=MTHREE; 52=2022-04-19-13:46:05; 55=GOOG; 40=2; 11=algo20220419134605; 31=42.05; 150=1; 39=1; 54=1; 44=42.05; 32=858; 17=exec20220419134605; 38=4290; 60=2022-04-19-13:46:05; 6=42.05; 14=858; 37=algo20220419134605; 10=240;
8=FIX4.4; 35=8; 34=64; 49=MS; 56=MTHREE; 52=2022-04-19-13:46:06; 55=GOOG; 40=2; 11=algo20220419134605; 31=42.05; 150=1; 39=1; 54=1; 44=42.05; 32=858; 17=exec20220419134606; 38=4290; 60=2022-04-19-13:46:06; 6=42.05; 14=1716; 37=algo20220419134605; 10=240;
8=FIX4.4; 35=8; 34=65; 49=MS; 56=MTHREE; 52=2022-04-19-13:46:07; 55=GOOG; 40=2; 11=algo20220419134605; 31=42.05; 150=1; 39=1; 54=1; 44=42.05; 32=858; 17=exec20220419134607; 38=4290; 60=2022-04-19-13:46:07; 6=42.05; 14=2574; 37=algo20220419134605; 10=240;
8=FIX4.4; 35=8; 34=66; 49=MS; 56=MTHREE; 52=2022-04-19-13:46:08; 55=GOOG; 40=2; 11=algo20220419134605; 31=42.05; 150=1; 39=1; 54=1; 44=42.05; 32=858; 17=exec20220419134608; 38=4290; 60=2022-04-19-13:46:08; 6=42.05; 14=3432; 37=algo20220419134605; 10=240;
8=FIX4.4; 35=8; 34=67; 49=MS; 56=MTHREE; 52=2022-04-19-13:46:10; 55=GOOG; 40=2; 11=algo20220419134605; 31=42.05; 150=2; 39=2; 54=1; 44=42.05; 32=858; 17=exec20220419134610; 38=4290; 60=2022-04-19-13:46:10; 6=42.05; 14=4290; 37=algo20220419134605; 10=246;
8=FIX4.4; 35=D; 34=58; 49=MTHREE; 56=MS; 52=2022-04-19-13:46:10; 55=GOOGL; 40=2; 38=21049; 21=2; 11=algo20220419134610; 60=2022-04-19-13:46:10; 54=2; 44=289.20; 10=0252;
8=FIX4.4; 35=8; 34=68; 49=MS; 56=MTHREE; 52=2022-04-19-13:46:10; 55=GOOGL; 40=2; 11=algo20220419134610; 31=289.20; 150=0; 39=0; 54=2; 44=289.20; 32=0; 17=exec20220419134610; 38=21049; 60=2022-04-19-13:46:10; 6=0; 14=0; 37=algo20220419134610; 10=200;
8=FIX4.4; 35=F; 34=58; 49=MTHREE; 56=MS; 52=2022-04-19-13:46:10; 41=algo20220419134610; 55=GOOGL; 38=21049; 11=C_algo20220419134610; 60=2022-04-19-13:46:10; 10=060;
8=FIX4.4; 35=8; 34=68; 49=MS; 56=MTHREE; 52=2022-04-19-13:46:10; 55=GOOGL; 11=C_algo20220419134610; 31=0; 150=6; 39=6; 54=2; 44=289.20; 17=exec20220419134610; 32=0; 41=algo20220419134610; 38=21049; 60=2022-04-19-13:46:10; 6=0.0; 14=0; 37=algo20220419134610; 10=252;
8=FIX4.4; 35=8; 34=69; 49=MS; 56=MTHREE; 52=2022-04-19-13:46:10; 151=15787; 55=GOOGL; 11=C_algo20220419134610; 31=0; 150=4; 39=4; 54=2; 17=exec20220419134610; 32=0; 41=algo20220419134610; 38=21049; 60=2022-04-19-13:46:10; 6=0.0; 14=0; 37=algo20220419134610; 10=252;
8=FIX4.4; 35=D; 34=60; 49=MTHREE; 56=MS; 52=2022-04-19-13:46:12; 55=INTC; 40=2; 38=15994; 21=2; 11=algo20220419134612; 60=2022-04-19-13:46:12; 54=2; 44=339.13; 10=0252;
8=FIX4.4; 35=8; 34=71; 49=MS; 56=MTHREE; 52=2022-04-19-13:46:12; 55=INTC; 40=2; 11=algo20220419134612; 31=339.13; 150=0; 39=0; 54=2; 44=339.13; 32=0; 17=exec20220419134612; 38=15994; 60=2022-04-19-13:46:12; 6=0; 14=0; 37=algo20220419134612; 10=200;
8=FIX4.4; 35=8; 34=72; 49=MS; 56=MTHREE; 52=2022-04-19-13:46:13; 55=INTC; 40=2; 11=algo20220419134612; 31=339.13; 150=2; 39=2; 54=2; 44=339.13; 32=15994; 17=exec20220419134613; 38=15994; 60=2022-04-19-13:46:13; 6=339.13; 14=15994; 37=algo20220419134612; 10=246;
8=FIX4.4; 35=D; 34=61; 49=MTHREE; 56=MS; 52=2022-04-19-13:46:13; 55=PEP; 40=2; 38=23088; 21=2; 11=algo20220419134613; 60=2022-04-19-13:46:13; 54=1; 44=36.21; 10=0252;
8=FIX4.4; 35=8; 34=73; 49=MS; 56=MTHREE; 52=2022-04-19-13:46:13; 55=PEP; 40=2; 11=algo20220419134613; 31=36.21; 150=0; 39=0; 54=1; 44=36.21; 32=0; 17=exec20220419134613; 38=23088; 60=2022-04-19-13:46:13; 6=0; 14=0; 37=algo20220419134613; 10=200;
8=FIX4.4; 35=8; 34=74; 49=MS; 56=MTHREE; 52=2022-04-19-13:46:13; 55=PEP; 40=2; 11=algo20220419134613; 31=36.21; 150=1; 39=1; 54=1; 44=36.21; 32=7696; 17=exec20220419134613; 38=23088; 60=2022-04-19-13:46:13; 6=36.21; 14=7696; 37=algo20220419134613; 10=240;
8=FIX4.4; 35=8; 34=75; 49=MS; 56=MTHREE; 52=2022-04-19-13:46:14; 55=PEP; 40=2; 11=algo20220419134613; 31=36.21; 150=1; 39=1; 54=1; 44=36.21; 32=7696; 17=exec20220419134614; 38=23088; 60=2022-04-19-13:46:14; 6=36.21; 14=15392; 37=algo20220419134613; 10=240;
8=FIX4.4; 35=8; 34=76; 49=MS; 56=MTHREE; 52=2022-04-19-13:46:16; 55=PEP; 40=2; 11=algo20220419134613; 31=36.21; 150=2; 39=2; 54=1; 44=36.21; 32=7696; 17=exec20220419134616; 38=23088; 60=2022-04-19-13:46:16; 6=36.21; 14=23088; 37=algo20220419134613; 10=246;
8=FIX4.4; 35=D; 34=62; 49=MTHREE; 56=MS; 52=2022-04-19-13:46:16; 55=NFLX; 40=2; 38=31351; 21=2; 11=algo20220419134616; 60=2022-04-19-13:46:16; 54=2; 44=306.71; 10=0252;
8=FIX4.4; 35=8; 34=77; 49=MS; 56=MTHREE; 52=2022-04-19-13:46:16; 55=NFLX; 40=2; 11=algo20220419134616; 31=306.71; 150=0; 39=0; 54=2; 44=306.71; 32=0; 17=exec20220419134616; 38=31351; 60=2022-04-19-13:46:16; 6=0; 14=0; 37=algo20220419134616; 10=200;
8=FIX4.4; 35=8; 34=78; 49=MS; 56=MTHREE; 52=2022-04-19-13:46:17; 55=NFLX; 40=2; 11=algo20220419134616; 31=306.71; 150=2; 39=2; 54=2; 44=306.71; 32=31351; 17=exec20220419134617; 38=31351; 60=2022-04-19-13:46:17; 6=306.71; 14=31351; 37=algo20220419134616; 10=246;
8=FIX4.4; 35=D; 34=63; 49=MTHREE; 56=MS; 52=2022-04-19-13:46:17; 55=CSCO; 40=2; 38=1670; 21=2; 11=algo20220419134617; 60=2022-04-19-13:46:17; 54=2; 44=233.73; 10=0252;
8=FIX4.4; 35=8; 34=79; 49=MS; 56=MTHREE; 52=2022-04-19-13:46:17; 55=CSCO; 40=2; 11=algo20220419134617; 31=233.73; 150=0; 39=0; 54=2; 44=233.73; 32=0; 17=exec20220419134617; 38=1670; 60=2022-04-19-13:46:17; 6=0; 14=0; 37=algo20220419134617; 10=200;
8=FIX4.4; 35=F; 34=63; 49=MTHREE; 56=MS; 52=2022-04-19-13:46:17; 41=algo20220419134617; 55=CSCO; 38=1670; 11=C_algo20220419134617; 60=2022-04-19-13:46:17; 10=060;
8=FIX4.4; 35=8; 34=79; 49=MS; 56=MTHREE; 52=2022-04-19-13:46:17; 55=CSCO; 11=C_algo20220419134617; 31=0; 150=6; 39=6; 54=2; 44=233.73; 17=exec20220419134617; 32=0; 41=algo20220419134617; 38=1670; 60=2022-04-19-13:46:17; 6=0.0; 14=0; 37=algo20220419134617; 10=252;
8=FIX4.4; 35=8; 34=80; 49=MS; 56=MTHREE; 52=2022-04-19-13:46:17; 151=1336; 55=CSCO; 11=C_algo20220419134617; 31=0; 150=4; 39=4; 54=2; 17=exec20220419134617; 32=0; 41=algo20220419134617; 38=1670; 60=2022-04-19-13:46:17; 6=0.0; 14=0; 37=algo20220419134617; 10=252;
8=FIX4.4; 35=D; 34=65; 49=MTHREE; 56=MS; 52=2022-04-19-13:46:19; 55=AMGN; 40=2; 38=27546; 21=2; 11=algo20220419134619; 60=2022-04-19-13:46:19; 54=2; 44=116.62; 10=0252;
8=FIX4.4; 35=8; 34=82; 49=MS; 56=MTHREE; 52=2022-04-19-13:46:19; 55=AMGN; 40=2; 11=algo20220419134619; 31=116.62; 150=0; 39=0; 54=2; 44=116.62; 32=0; 17=exec20220419134619; 38=27546; 60=2022-04-19-13:46:19; 6=0; 14=0; 37=algo20220419134619; 10=200;
8=FIX4.4; 35=8; 34=83; 49=MS; 56=MTHREE; 52=2022-04-19-13:46:19; 55=AMGN; 40=2; 11=algo20220419134619; 31=116.62; 150=1; 39=1; 54=2; 44=116.62; 32=9182; 17=exec20220419134619; 38=27546; 60=2022-04-19-13:46:19; 6=116.62; 14=9182; 37=algo20220419134619; 10=240;
8=FIX4.4; 35=F; 34=65; 49=MTHREE; 56=MS; 52=2022-04-19-13:46:20; 41=algo20220419134619; 55=AMGN; 38=27546; 11=C_algo20220419134619; 60=2022-04-19-13:46:20; 10=060;
8=FIX4.4; 35=8; 34=83; 49=MS; 56=MTHREE; 52=2022-04-19-13:46:20; 55=AMGN; 11=C_algo20220419134619; 31=0; 150=6; 39=6; 54=2; 44=116.62; 17=exec20220419134620; 32=0; 41=algo20220419134619; 38=27546; 60=2022-04-19-13:46:20; 6=0.0; 14=9182; 37=algo20220419134619; 10=252;
8=FIX4.4; 35=8; 34=84; 49=MS; 56=MTHREE; 52=2022-04-19-13:46:20; 151=9182; 55=AMGN; 11=C_algo20220419134619; 31=0; 150=4; 39=4; 54=2; 17=exec20220419134620; 32=0; 41=algo20220419134619; 38=27546; 60=2022-04-19-13:46:20; 6=0.0; 14=9182; 37=algo20220419134619; 10=252;
8=FIX4.4; 35=D; 34=67; 49=MTHREE; 56=MS; 52=2022-04-19-13:46:22; 55=PYPL; 40=2; 38=19732; 21=2; 11=algo20220419134622; 60=2022-04-19-13:46:22; 54=1; 44=723.61; 10=0252;
8=FIX4.4; 35=8; 34=86; 49=MS; 56=MTHREE; 52=2022-04-19-13:46:22; 55=PYPL; 40=2; 11=algo20220419134622; 31=723.61; 150=0; 39=0; 54=1; 44=723.61; 32=0; 17=exec20220419134622; 38=19732; 60=2022-04-19-13:46:22; 6=0; 14=0; 37=algo20220419134622; 10=200;
8=FIX4.4; 35=F; 34=67; 49=MTHREE; 56=MS; 52=2022-04-19-13:46:22; 41=algo20220419134622; 55=PYPL; 38=19732; 11=C_algo20220419134622; 60=2022-04-19-13:46:22; 10=060;
8=FIX4.4; 35=8; 34=86; 49=MS; 56=MTHREE; 52=2022-04-19-13:46:22; 55=PYPL; 11=C_algo20220419134622; 31=0; 150=6; 39=6; 54=1; 44=723.61; 17=exec20220419134622; 32=0; 41=algo20220419134622; 38=19732; 60=2022-04-19-13:46:22; 6=0.0; 14=0; 37=algo20220419134622; 10=252;
8=FIX4.4; 35=8; 34=87; 49=MS; 56=MTHREE; 52=2022-04-19-13:46:22; 151=15786; 55=PYPL; 11=C_algo20220419134622; 31=0; 150=4; 39=4; 54=1; 17=exec20220419134622; 32=0; 41=algo20220419134622; 38=19732; 60=2022-04-19-13:46:22; 6=0.0; 14=0; 37=algo20220419134622; 10=252;
8=FIX4.4; 35=D; 34=69; 49=MTHREE; 56=MS; 52=2022-04-19-13:46:24; 55=TSLA; 40=2; 38=25258; 21=2; 11=algo20220419134624; 60=2022-04-19-13:46:24; 54=2; 44=503.77; 10=0252;
8=FIX4.4; 35=8; 34=89; 49=MS; 56=MTHREE; 52=2022-04-19-13:46:24; 55=TSLA; 40=2; 11=algo20220419134624; 31=503.77; 150=0; 39=0; 54=2; 44=503.77; 32=0; 17=exec20220419134624; 38=25258; 60=2022-04-19-13:46:24; 6=0; 14=0; 37=algo20220419134624; 10=200;
8=FIX4.4; 35=8; 34=90; 49=MS; 56=MTHREE; 52=2022-04-19-13:46:24; 55=TSLA; 40=2; 11=algo20220419134624; 31=503.77; 150=1; 39=1; 54=2; 44=503.77; 32=12629; 17=exec20220419134624; 38=25258; 60=2022-04-19-13:46:24; 6=503.77; 14=12629; 37=algo20220419134624; 10=240;
8=FIX4.4; 35=8; 34=91; 49=MS; 56=MTHREE; 52=2022-04-19-13:46:26; 55=TSLA; 40=2; 11=algo20220419134624; 31=503.77; 150=2; 39=2; 54=2; 44=503.77; 32=12629; 17=exec20220419134626; 38=25258; 60=2022-04-19-13:46:26; 6=503.77; 14=25258; 37=algo20220419134624; 10=246;
8=FIX4.4; 35=D; 34=70; 49=MTHREE; 56=MS; 52=2022-04-19-13:46:26; 55=TXN; 40=2; 38=25114; 21=2; 11=algo20220419134626; 60=2022-04-19-13:46:26; 54=2; 44=112.46; 10=0252;
8=FIX4.4; 35=8; 34=92; 49=MS; 56=MTHREE; 52=2022-04-19-13:46:26; 55=TXN; 40=2; 11=algo20220419134626; 31=112.46; 150=0; 39=0; 54=2; 44=112.46; 32=0; 17=exec20220419134626; 38=25114; 60=2022-04-19-13:46:26; 6=0; 14=0; 37=algo20220419134626; 10=200;
8=FIX4.4; 35=8; 34=93; 49=MS; 56=MTHREE; 52=2022-04-19-13:46:26; 55=TXN; 40=2; 11=algo20220419134626; 31=112.46; 150=1; 39=1; 54=2; 44=112.46; 32=8371; 17=exec20220419134626; 38=25114; 60=2022-04-19-13:46:26; 6=112.46; 14=8371; 37=algo20220419134626; 10=240;
8=FIX4.4; 35=F; 34=70; 49=MTHREE; 56=MS; 52=2022-04-19-13:46:27; 41=algo20220419134626; 55=TXN; 38=25114; 11=C_algo20220419134626; 60=2022-04-19-13:46:27; 10=060;
8=FIX4.4; 35=8; 34=93; 49=MS; 56=MTHREE; 52=2022-04-19-13:46:27; 55=TXN; 11=C_algo20220419134626; 31=0; 150=6; 39=6; 54=2; 44=112.46; 17=exec20220419134627; 32=0; 41=algo20220419134626; 38=25114; 60=2022-04-19-13:46:27; 6=0.0; 14=8371; 37=algo20220419134626; 10=252;
8=FIX4.4; 35=8; 34=94; 49=MS; 56=MTHREE; 52=2022-04-19-13:46:27; 151=8372; 55=TXN; 11=C_algo20220419134626; 31=0; 150=4; 39=4; 54=2; 17=exec20220419134627; 32=0; 41=algo20220419134626; 38=25114; 60=2022-04-19-13:46:27; 6=0.0; 14=8371; 37=algo20220419134626; 10=252;
8=FIX4.4; 35=D; 34=72; 49=MTHREE; 56=MS; 52=2022-04-19-13:46:29; 55=AVGO; 40=2; 38=23232; 21=2; 11=algo20220419134629; 60=2022-04-19-13:46:29; 54=2; 44=262.99; 10=0252;
8=FIX4.4; 35=8; 34=96; 49=MS; 56=MTHREE; 52=2022-04-19-13:46:29; 55=AVGO; 40=2; 11=algo20220419134629; 31=262.99; 150=0; 39=0; 54=2; 44=262.99; 32=0; 17=exec20220419134629; 38=23232; 60=2022-04-19-13:46:29; 6=0; 14=0; 37=algo20220419134629; 10=200;
8=FIX4.4; 35=8; 34=97; 49=MS; 56=MTHREE; 52=2022-04-19-13:46:29; 55=AVGO; 40=2; 11=algo20220419134629; 31=262.99; 150=1; 39=1; 54=2; 44=262.99; 32=4646; 17=exec20220419134629; 38=23232; 60=2022-04-19-13:46:29; 6=262.99; 14=4646; 37=algo20220419134629; 10=240;
8=FIX4.4; 35=F; 34=72; 49=MTHREE; 56=MS; 52=2022-04-19-13:46:30; 41=algo20220419134629; 55=AVGO; 38=23232; 11=C_algo20220419134629; 60=2022-04-19-13:46:30; 10=060;
8=FIX4.4; 35=8; 34=97; 49=MS; 56=MTHREE; 52=2022-04-19-13:46:30; 55=AVGO; 11=C_algo20220419134629; 31=0; 150=6; 39=6; 54=2; 44=262.99; 17=exec20220419134630; 32=0; 41=algo20220419134629; 38=23232; 60=2022-04-19-13:46:30; 6=0.0; 14=4646; 37=algo20220419134629; 10=252;
8=FIX4.4; 35=8; 34=98; 49=MS; 56=MTHREE; 52=2022-04-19-13:46:30; 151=13940; 55=AVGO; 11=C_algo20220419134629; 31=0; 150=4; 39=4; 54=2; 17=exec20220419134630; 32=0; 41=algo20220419134629; 38=23232; 60=2022-04-19-13:46:30; 6=0.0; 14=4646; 37=algo20220419134629; 10=252;
8=FIX4.4; 35=D; 34=74; 49=MTHREE; 56=MS; 52=2022-04-19-13:46:32; 55=GILD; 40=2; 38=12941; 21=2; 11=algo20220419134632; 60=2022-04-19-13:46:32; 54=1; 44=82.91; 10=0252;
8=FIX4.4; 35=8; 34=100; 49=MS; 56=MTHREE; 52=2022-04-19-13:46:32; 55=GILD; 40=2; 11=algo20220419134632; 31=82.91; 150=0; 39=0; 54=1; 44=82.91; 32=0; 17=exec20220419134632; 38=12941; 60=2022-04-19-13:46:32; 6=0; 14=0; 37=algo20220419134632; 10=200;
8=FIX4.4; 35=F; 34=74; 49=MTHREE; 56=MS; 52=2022-04-19-13:46:32; 41=algo20220419134632; 55=GILD; 38=12941; 11=C_algo20220419134632; 60=2022-04-19-13:46:32; 10=060;
8=FIX4.4; 35=8; 34=100; 49=MS; 56=MTHREE; 52=2022-04-19-13:46:32; 55=GILD; 11=C_algo20220419134632; 31=0; 150=6; 39=6; 54=1; 44=82.91; 17=exec20220419134632; 32=0; 41=algo20220419134632; 38=12941; 60=2022-04-19-13:46:32; 6=0.0; 14=0; 37=algo20220419134632; 10=252;
8=FIX4.4; 35=8; 34=101; 49=MS; 56=MTHREE; 52=2022-04-19-13:46:32; 151=8628; 55=GILD; 11=C_algo20220419134632; 31=0; 150=4; 39=4; 54=1; 17=exec20220419134632; 32=0; 41=algo20220419134632; 38=12941; 60=2022-04-19-13:46:32; 6=0.0; 14=0; 37=algo20220419134632; 10=252;
8=FIX4.4; 35=D; 34=76; 49=MTHREE; 56=MS; 52=2022-04-19-13:46:34; 55=SBUX; 40=2; 38=14018; 21=2; 11=algo20220419134634; 60=2022-04-19-13:46:34; 54=1; 44=75.71; 10=0252;
8=FIX4.4; 35=8; 34=103; 49=MS; 56=MTHREE; 52=2022-04-19-13:46:34; 55=SBUX; 40=2; 11=algo20220419134634; 31=75.71; 150=0; 39=0; 54=1; 44=75.71; 32=0; 17=exec20220419134634; 38=14018; 60=2022-04-19-13:46:34; 6=0; 14=0; 37=algo20220419134634; 10=200;
8=FIX4.4; 35=8; 34=104; 49=MS; 56=MTHREE; 52=2022-04-19-13:46:34; 55=SBUX; 40=2; 11=algo20220419134634; 31=75.71; 150=1; 39=1; 54=1; 44=75.71; 32=3504; 17=exec20220419134634; 38=14018; 60=2022-04-19-13:46:34; 6=75.71; 14=3504; 37=algo20220419134634; 10=240;
8=FIX4.4; 35=F; 34=76; 49=MTHREE; 56=MS; 52=2022-04-19-13:46:35; 41=algo20220419134634; 55=SBUX; 38=14018; 11=C_algo20220419134634; 60=2022-04-19-13:46:35; 10=060;
8=FIX4.4; 35=8; 34=104; 49=MS; 56=MTHREE; 52=2022-04-19-13:46:35; 55=SBUX; 11=C_algo20220419134634; 31=0; 150=6; 39=6; 54=1; 44=75.71; 17=exec20220419134635; 32=0; 41=algo20220419134634; 38=14018; 60=2022-04-19-13:46:35; 6=0.0; 14=3504; 37=algo20220419134634; 10=252;
8=FIX4.4; 35=8; 34=105; 49=MS; 56=MTHREE; 52=2022-04-19-13:46:35; 151=7010; 55=SBUX; 11=C_algo20220419134634; 31=0; 150=4; 39=4; 54=1; 17=exec20220419134635; 32=0; 41=algo20220419134634; 38=14018; 60=2022-04-19-13:46:35; 6=0.0; 14=3504; 37=algo20220419134634; 10=252;
8=FIX4.4; 35=D; 34=78; 49=MTHREE; 56=MS; 52=2022-04-19-13:46:37; 55=QCOM; 40=2; 38=1018; 21=2; 11=algo20220419134637; 60=2022-04-19-13:46:37; 54=2; 44=75.47; 10=0252;
8=FIX4.4; 35=8; 34=107; 49=MS; 56=MTHREE; 52=2022-04-19-13:46:37; 55=QCOM; 40=2; 11=algo20220419134637; 31=75.47; 150=0; 39=0; 54=2; 44=75.47; 32=0; 17=exec20220419134637; 38=1018; 60=2022-04-19-13:46:37; 6=0; 14=0; 37=algo20220419134637; 10=200;
8=FIX4.4; 35=8; 34=108; 49=MS; 56=MTHREE; 52=2022-04-19-13:46:37; 55=QCOM; 40=2; 11=algo20220419134637; 31=75.47; 150=1; 39=1; 54=2; 44=75.47; 32=509; 17=exec20220419134637; 38=1018; 60=2022-04-19-13:46:37; 6=75.47; 14=509; 37=algo20220419134637; 10=240;
8=FIX4.4; 35=8; 34=109; 49=MS; 56=MTHREE; 52=2022-04-19-13:46:39; 55=QCOM; 40=2; 11=algo20220419134637; 31=75.47; 150=2; 39=2; 54=2; 44=75.47; 32=509; 17=exec20220419134639; 38=1018; 60=2022-04-19-13:46:39; 6=75.47; 14=1018; 37=algo20220419134637; 10=246;
8=FIX4.4; 35=D; 34=79; 49=MTHREE; 56=MS; 52=2022-04-19-13:46:39; 55=TMUS; 40=2; 38=20200; 21=2; 11=algo20220419134639; 60=2022-04-19-13:46:39; 54=1; 44=90.74; 10=0252;
8=FIX4.4; 35=8; 34=110; 49=MS; 56=MTHREE; 52=2022-04-19-13:46:39; 55=TMUS; 40=2; 11=algo20220419134639; 31=90.74; 150=0; 39=0; 54=1; 44=90.74; 32=0; 17=exec20220419134639; 38=20200; 60=2022-04-19-13:46:39; 6=0; 14=0; 37=algo20220419134639; 10=200;
8=FIX4.4; 35=8; 34=111; 49=MS; 56=MTHREE; 52=2022-04-19-13:46:39; 55=TMUS; 40=2; 11=algo20220419134639; 31=90.74; 150=1; 39=1; 54=1; 44=90.74; 32=4040; 17=exec20220419134639; 38=20200; 60=2022-04-19-13:46:39; 6=90.74; 14=4040; 37=algo20220419134639; 10=240;
8=FIX4.4; 35=8; 34=112; 49=MS; 56=MTHREE; 52=2022-04-19-13:46:40; 55=TMUS; 40=2; 11=algo20220419134639; 31=90.74; 150=1; 39=1; 54=1; 44=90.74; 32=4040; 17=exec20220419134640; 38=20200; 60=2022-04-19-13:46:40; 6=90.74; 14=8080; 37=algo20220419134639; 10=240;
8=FIX4.4; 35=8; 34=113; 49=MS; 56=MTHREE; 52=2022-04-19-13:46:41; 55=TMUS; 40=2; 11=algo20220419134639; 31=90.74; 150=1; 39=1; 54=1; 44=90.74; 32=4040; 17=exec20220419134641; 38=20200; 60=2022-04-19-13:46:41; 6=90.74; 14=12120; 37=algo20220419134639; 10=240;
