8=FIX4.4; 35=A; 34=1; 49=MTHREE; 56=MS; 52=2022-04-14-17:05:40; 108=30; 10=0015;
8=FIX4.4; 35=A; 34=1; 49=MS; 56=MTHREE; 52=2022-04-14-17:05:40; 108=30; 10=0016;
8=FIX4.4; 35=0; 34=2; 49=MTHREE; 56=MS; 52=2022-04-14-17:05:40; 108=30; 10=0015;
8=FIX4.4; 35=0; 34=2; 49=MS; 56=MTHREE; 52=2022-04-14-17:05:40; 108=30; 10=0015;
8=FIX4.4; 35=0; 34=3; 49=MTHREE; 56=MS; 52=2022-04-14-17:05:42; 108=30; 10=0015;
8=FIX4.4; 35=0; 34=3; 49=MS; 56=MTHREE; 52=2022-04-14-17:05:42; 108=30; 10=0015;
8=FIX4.4; 35=0; 34=4; 49=MTHREE; 56=MS; 52=2022-04-14-17:05:44; 108=30; 10=0015;
8=FIX4.4; 35=0; 34=4; 49=MS; 56=MTHREE; 52=2022-04-14-17:05:44; 108=30; 10=0015;
8=FIX4.4; 35=0; 34=5; 49=MTHREE; 56=MS; 52=2022-04-14-17:05:46; 108=30; 10=0015;
8=FIX4.4; 35=0; 34=5; 49=MS; 56=MTHREE; 52=2022-04-14-17:05:46; 108=30; 10=0015;
8=FIX4.4; 35=0; 34=6; 49=MTHREE; 56=MS; 52=2022-04-14-17:05:48; 108=30; 10=0015;
8=FIX4.4; 35=0; 34=6; 49=MS; 56=MTHREE; 52=2022-04-14-17:05:48; 108=30; 10=0015;
8=FIX4.4; 35=0; 34=7; 49=MTHREE; 56=MS; 52=2022-04-14-17:05:50; 108=30; 10=0015;
8=FIX4.4; 35=0; 34=7; 49=MS; 56=MTHREE; 52=2022-04-14-17:05:50; 108=30; 10=0015;
8=FIX4.4; 35=0; 34=8; 49=MTHREE; 56=MS; 52=2022-04-14-17:05:52; 108=30; 10=0015;
8=FIX4.4; 35=0; 34=8; 49=MS; 56=MTHREE; 52=2022-04-14-17:05:52; 108=30; 10=0015;
8=FIX4.4; 35=0; 34=9; 49=MTHREE; 56=MS; 52=2022-04-14-17:05:54; 108=30; 10=0015;
8=FIX4.4; 35=0; 34=9; 49=MS; 56=MTHREE; 52=2022-04-14-17:05:54; 108=30; 10=0015;
8=FIX4.4; 35=0; 34=10; 49=MTHREE; 56=MS; 52=2022-04-14-17:05:56; 108=30; 10=0015;
8=FIX4.4; 35=0; 34=10; 49=MS; 56=MTHREE; 52=2022-04-14-17:05:56; 108=30; 10=0015;
8=FIX4.4; 35=0; 34=11; 49=MTHREE; 56=MS; 52=2022-04-14-17:05:58; 108=30; 10=0015;
8=FIX4.4; 35=0; 34=11; 49=MS; 56=MTHREE; 52=2022-04-14-17:05:58; 108=30; 10=0015;
8=FIX4.4; 35=0; 34=12; 49=MTHREE; 56=MS; 52=2022-04-14-17:06:00; 108=30; 10=0015;
8=FIX4.4; 35=0; 34=12; 49=MS; 56=MTHREE; 52=2022-04-14-17:06:00; 108=30; 10=0015;
8=FIX4.4; 35=0; 34=13; 49=MTHREE; 56=MS; 52=2022-04-14-17:06:02; 108=30; 10=0015;
8=FIX4.4; 35=0; 34=13; 49=MS; 56=MTHREE; 52=2022-04-14-17:06:02; 108=30; 10=0015;
8=FIX4.4; 35=0; 34=14; 49=MTHREE; 56=MS; 52=2022-04-14-17:06:04; 108=30; 10=0015;
8=FIX4.4; 35=0; 34=14; 49=MS; 56=MTHREE; 52=2022-04-14-17:06:04; 108=30; 10=0015;
8=FIX4.4; 35=0; 34=15; 49=MTHREE; 56=MS; 52=2022-04-14-17:06:06; 108=30; 10=0015;
8=FIX4.4; 35=0; 34=15; 49=MS; 56=MTHREE; 52=2022-04-14-17:06:06; 108=30; 10=0015;
8=FIX4.4; 35=0; 34=16; 49=MTHREE; 56=MS; 52=2022-04-14-17:06:08; 108=30; 10=0015;
8=FIX4.4; 35=0; 34=16; 49=MS; 56=MTHREE; 52=2022-04-14-17:06:08; 108=30; 10=0015;
8=FIX4.4; 35=0; 34=17; 49=MTHREE; 56=MS; 52=2022-04-14-17:06:10; 108=30; 10=0015;
8=FIX4.4; 35=0; 34=17; 49=MS; 56=MTHREE; 52=2022-04-14-17:06:10; 108=30; 10=0015;
8=FIX4.4; 35=0; 34=18; 49=MTHREE; 56=MS; 52=2022-04-14-17:06:12; 108=30; 10=0015;
8=FIX4.4; 35=0; 34=18; 49=MS; 56=MTHREE; 52=2022-04-14-17:06:12; 108=30; 10=0015;
8=FIX4.4; 35=0; 34=19; 49=MTHREE; 56=MS; 52=2022-04-14-17:06:14; 108=30; 10=0015;
8=FIX4.4; 35=0; 34=19; 49=MS; 56=MTHREE; 52=2022-04-14-17:06:14; 108=30; 10=0015;
8=FIX4.4; 35=0; 34=20; 49=MTHREE; 56=MS; 52=2022-04-14-17:06:16; 108=30; 10=0015;
8=FIX4.4; 35=0; 34=20; 49=MS; 56=MTHREE; 52=2022-04-14-17:06:16; 108=30; 10=0015;
8=FIX4.4; 35=0; 34=21; 49=MTHREE; 56=MS; 52=2022-04-14-17:06:18; 108=30; 10=0015;
8=FIX4.4; 35=0; 34=21; 49=MS; 56=MTHREE; 52=2022-04-14-17:06:18; 108=30; 10=0015;
8=FIX4.4; 35=0; 34=22; 49=MTHREE; 56=MS; 52=2022-04-14-17:06:20; 108=30; 10=0015;
8=FIX4.4; 35=0; 34=22; 49=MS; 56=MTHREE; 52=2022-04-14-17:06:20; 108=30; 10=0015;
8=FIX4.4; 35=0; 34=23; 49=MTHREE; 56=MS; 52=2022-04-14-17:06:22; 108=30; 10=0015;
8=FIX4.4; 35=0; 34=23; 49=MS; 56=MTHREE; 52=2022-04-14-17:06:22; 108=30; 10=0015;
8=FIX4.4; 35=0; 34=24; 49=MTHREE; 56=MS; 52=2022-04-14-17:06:24; 108=30; 10=0015;
8=FIX4.4; 35=0; 34=24; 49=MS; 56=MTHREE; 52=2022-04-14-17:06:24; 108=30; 10=0015;
8=FIX4.4; 35=0; 34=25; 49=MTHREE; 56=MS; 52=2022-04-14-17:06:26; 108=30; 10=0015;
8=FIX4.4; 35=0; 34=25; 49=MS; 56=MTHREE; 52=2022-04-14-17:06:26; 108=30; 10=0015;
8=FIX4.4; 35=0; 34=26; 49=MTHREE; 56=MS; 52=2022-04-14-17:06:28; 108=30; 10=0015;
8=FIX4.4; 35=0; 34=26; 49=MS; 56=MTHREE; 52=2022-04-14-17:06:28; 108=30; 10=0015;
8=FIX4.4; 35=0; 34=27; 49=MTHREE; 56=MS; 52=2022-04-14-17:06:30; 108=30; 10=0015;
8=FIX4.4; 35=0; 34=27; 49=MS; 56=MTHREE; 52=2022-04-14-17:06:30; 108=30; 10=0015;
8=FIX4.4; 35=0; 34=28; 49=MTHREE; 56=MS; 52=2022-04-14-17:06:32; 108=30; 10=0015;
8=FIX4.4; 35=0; 34=28; 49=MS; 56=MTHREE; 52=2022-04-14-17:06:32; 108=30; 10=0015;
8=FIX4.4; 35=0; 34=29; 49=MTHREE; 56=MS; 52=2022-04-14-17:06:34; 108=30; 10=0015;
8=FIX4.4; 35=0; 34=29; 49=MS; 56=MTHREE; 52=2022-04-14-17:06:34; 108=30; 10=0015;
8=FIX4.4; 35=0; 34=30; 49=MTHREE; 56=MS; 52=2022-04-14-17:06:36; 108=30; 10=0015;
8=FIX4.4; 35=0; 34=30; 49=MS; 56=MTHREE; 52=2022-04-14-17:06:36; 108=30; 10=0015;
8=FIX4.4; 35=0; 34=31; 49=MTHREE; 56=MS; 52=2022-04-14-17:06:38; 108=30; 10=0015;
8=FIX4.4; 35=0; 34=31; 49=MS; 56=MTHREE; 52=2022-04-14-17:06:38; 108=30; 10=0015;
8=FIX4.4; 35=0; 34=32; 49=MTHREE; 56=MS; 52=2022-04-14-17:06:40; 108=30; 10=0015;
8=FIX4.4; 35=0; 34=32; 49=MS; 56=MTHREE; 52=2022-04-14-17:06:40; 108=30; 10=0015;
8=FIX4.4; 35=0; 34=33; 49=MTHREE; 56=MS; 52=2022-04-14-17:06:42; 108=30; 10=0015;
8=FIX4.4; 35=0; 34=33; 49=MS; 56=MTHREE; 52=2022-04-14-17:06:42; 108=30; 10=0015;
8=FIX4.4; 35=0; 34=34; 49=MTHREE; 56=MS; 52=2022-04-14-17:06:44; 108=30; 10=0015;
8=FIX4.4; 35=0; 34=34; 49=MS; 56=MTHREE; 52=2022-04-14-17:06:44; 108=30; 10=0015;
8=FIX4.4; 35=0; 34=35; 49=MTHREE; 56=MS; 52=2022-04-14-17:06:46; 108=30; 10=0015;
8=FIX4.4; 35=0; 34=35; 49=MS; 56=MTHREE; 52=2022-04-14-17:06:46; 108=30; 10=0015;
8=FIX4.4; 35=0; 34=36; 49=MTHREE; 56=MS; 52=2022-04-14-17:06:48; 108=30; 10=0015;
8=FIX4.4; 35=0; 34=36; 49=MS; 56=MTHREE; 52=2022-04-14-17:06:48; 108=30; 10=0015;
8=FIX4.4; 35=0; 34=37; 49=MTHREE; 56=MS; 52=2022-04-14-17:06:50; 108=30; 10=0015;
8=FIX4.4; 35=0; 34=37; 49=MS; 56=MTHREE; 52=2022-04-14-17:06:50; 108=30; 10=0015;
8=FIX4.4; 35=0; 34=38; 49=MTHREE; 56=MS; 52=2022-04-14-17:06:52; 108=30; 10=0015;
8=FIX4.4; 35=0; 34=38; 49=MS; 56=MTHREE; 52=2022-04-14-17:06:52; 108=30; 10=0015;
8=FIX4.4; 35=0; 34=39; 49=MTHREE; 56=MS; 52=2022-04-14-17:06:54; 108=30; 10=0015;
8=FIX4.4; 35=0; 34=39; 49=MS; 56=MTHREE; 52=2022-04-14-17:06:54; 108=30; 10=0015;
8=FIX4.4; 35=0; 34=40; 49=MTHREE; 56=MS; 52=2022-04-14-17:06:57; 108=30; 10=0015;
8=FIX4.4; 35=0; 34=40; 49=MS; 56=MTHREE; 52=2022-04-14-17:06:57; 108=30; 10=0015;
8=FIX4.4; 35=0; 34=41; 49=MTHREE; 56=MS; 52=2022-04-14-17:06:59; 108=30; 10=0015;
8=FIX4.4; 35=0; 34=41; 49=MS; 56=MTHREE; 52=2022-04-14-17:06:59; 108=30; 10=0015;
8=FIX4.4; 35=0; 34=42; 49=MTHREE; 56=MS; 52=2022-04-14-17:07:01; 108=30; 10=0015;
8=FIX4.4; 35=0; 34=42; 49=MS; 56=MTHREE; 52=2022-04-14-17:07:01; 108=30; 10=0015;
8=FIX4.4; 35=0; 34=43; 49=MTHREE; 56=MS; 52=2022-04-14-17:07:03; 108=30; 10=0015;
8=FIX4.4; 35=0; 34=43; 49=MS; 56=MTHREE; 52=2022-04-14-17:07:03; 108=30; 10=0015;
8=FIX4.4; 35=0; 34=44; 49=MTHREE; 56=MS; 52=2022-04-14-17:07:05; 108=30; 10=0015;
8=FIX4.4; 35=0; 34=44; 49=MS; 56=MTHREE; 52=2022-04-14-17:07:05; 108=30; 10=0015;
8=FIX4.4; 35=0; 34=45; 49=MTHREE; 56=MS; 52=2022-04-14-17:07:07; 108=30; 10=0015;
8=FIX4.4; 35=0; 34=45; 49=MS; 56=MTHREE; 52=2022-04-14-17:07:07; 108=30; 10=0015;
8=FIX4.4; 35=0; 34=46; 49=MTHREE; 56=MS; 52=2022-04-14-17:07:09; 108=30; 10=0015;
8=FIX4.4; 35=0; 34=46; 49=MS; 56=MTHREE; 52=2022-04-14-17:07:09; 108=30; 10=0015;
8=FIX4.4; 35=0; 34=47; 49=MTHREE; 56=MS; 52=2022-04-14-17:07:11; 108=30; 10=0015;
8=FIX4.4; 35=0; 34=47; 49=MS; 56=MTHREE; 52=2022-04-14-17:07:11; 108=30; 10=0015;
8=FIX4.4; 35=0; 34=48; 49=MTHREE; 56=MS; 52=2022-04-14-17:07:13; 108=30; 10=0015;
8=FIX4.4; 35=0; 34=48; 49=MS; 56=MTHREE; 52=2022-04-14-17:07:13; 108=30; 10=0015;
8=FIX4.4; 35=0; 34=49; 49=MTHREE; 56=MS; 52=2022-04-14-17:07:15; 108=30; 10=0015;
8=FIX4.4; 35=0; 34=49; 49=MS; 56=MTHREE; 52=2022-04-14-17:07:15; 108=30; 10=0015;
8=FIX4.4; 35=0; 34=50; 49=MTHREE; 56=MS; 52=2022-04-14-17:07:17; 108=30; 10=0015;
8=FIX4.4; 35=0; 34=50; 49=MS; 56=MTHREE; 52=2022-04-14-17:07:17; 108=30; 10=0015;
8=FIX4.4; 35=0; 34=51; 49=MTHREE; 56=MS; 52=2022-04-14-17:07:19; 108=30; 10=0015;
8=FIX4.4; 35=0; 34=51; 49=MS; 56=MTHREE; 52=2022-04-14-17:07:19; 108=30; 10=0015;
8=FIX4.4; 35=D; 34=52; 49=MTHREE; 56=MS; 52=2022-04-14-17:07:21; 55=AAPL; 40=2; 38=7812; 21=2; 11=algo20220414170721; 60=2022-04-14-17:07:21; 54=2; 44=1276.37; 10=0252;
8=FIX4.4; 35=8; 34=52; 49=MS; 56=MTHREE; 52=2022-04-14-17:07:21; 55=AAPL; 40=2; 11=algo20220414170721; 31=1276.37; 150=0; 39=0; 54=2; 44=1276.37; 32=0; 17=exec20220414170721; 38=7812; 60=2022-04-14-17:07:21; 6=0; 14=0; 37=algo20220414170721; 10=200;
8=FIX4.4; 35=8; 34=53; 49=MS; 56=MTHREE; 52=2022-04-14-17:07:22; 55=AAPL; 40=2; 11=algo20220414170721; 31=1276.37; 150=2; 39=2; 54=2; 44=1276.37; 32=7812; 17=exec20220414170722; 38=7812; 60=2022-04-14-17:07:22; 6=1276.37; 14=7812; 37=algo20220414170721; 10=246;
8=FIX4.4; 35=D; 34=53; 49=MTHREE; 56=MS; 52=2022-04-14-17:07:22; 55=MSFT; 40=2; 38=15080; 21=2; 11=algo20220414170722; 60=2022-04-14-17:07:22; 54=1; 44=59.89; 10=0252;
8=FIX4.4; 35=8; 34=54; 49=MS; 56=MTHREE; 52=2022-04-14-17:07:22; 55=MSFT; 40=2; 11=algo20220414170722; 31=59.89; 150=0; 39=0; 54=1; 44=59.89; 32=0; 17=exec20220414170722; 38=15080; 60=2022-04-14-17:07:22; 6=0; 14=0; 37=algo20220414170722; 10=200;
8=FIX4.4; 35=8; 34=55; 49=MS; 56=MTHREE; 52=2022-04-14-17:07:22; 55=MSFT; 40=2; 11=algo20220414170722; 31=59.89; 150=1; 39=1; 54=1; 44=59.89; 32=3016; 17=exec20220414170722; 38=15080; 60=2022-04-14-17:07:22; 6=59.89; 14=3016; 37=algo20220414170722; 10=240;
8=FIX4.4; 35=8; 34=56; 49=MS; 56=MTHREE; 52=2022-04-14-17:07:23; 55=MSFT; 40=2; 11=algo20220414170722; 31=59.89; 150=1; 39=1; 54=1; 44=59.89; 32=3016; 17=exec20220414170723; 38=15080; 60=2022-04-14-17:07:23; 6=59.89; 14=6032; 37=algo20220414170722; 10=240;
8=FIX4.4; 35=F; 34=53; 49=MTHREE; 56=MS; 52=2022-04-14-17:07:24; 41=algo20220414170722; 55=MSFT; 38=15080; 11=C_algo20220414170722; 60=2022-04-14-17:07:24; 10=060;
8=FIX4.4; 35=8; 34=56; 49=MS; 56=MTHREE; 52=2022-04-14-17:07:24; 55=MSFT; 11=C_algo20220414170722; 31=0; 150=6; 39=6; 54=1; 44=59.89; 17=exec20220414170724; 32=0; 41=algo20220414170722; 38=15080; 60=2022-04-14-17:07:24; 6=0.0; 14=6032; 37=algo20220414170722; 10=252;
8=FIX4.4; 35=8; 34=57; 49=MS; 56=MTHREE; 52=2022-04-14-17:07:24; 151=6032; 55=MSFT; 11=C_algo20220414170722; 31=0; 150=4; 39=4; 54=1; 17=exec20220414170724; 32=0; 41=algo20220414170722; 38=15080; 60=2022-04-14-17:07:24; 6=0.0; 14=6032; 37=algo20220414170722; 10=252;
8=FIX4.4; 35=D; 34=55; 49=MTHREE; 56=MS; 52=2022-04-14-17:07:26; 55=AMZN; 40=2; 38=15506; 21=2; 11=algo20220414170726; 60=2022-04-14-17:07:26; 54=2; 44=133.47; 10=0252;
8=FIX4.4; 35=8; 34=59; 49=MS; 56=MTHREE; 52=2022-04-14-17:07:26; 55=AMZN; 40=2; 11=algo20220414170726; 31=133.47; 150=0; 39=0; 54=2; 44=133.47; 32=0; 17=exec20220414170726; 38=15506; 60=2022-04-14-17:07:26; 6=0; 14=0; 37=algo20220414170726; 10=200;
8=FIX4.4; 35=8; 34=60; 49=MS; 56=MTHREE; 52=2022-04-14-17:07:26; 55=AMZN; 40=2; 11=algo20220414170726; 31=133.47; 150=1; 39=1; 54=2; 44=133.47; 32=3101; 17=exec20220414170726; 38=15506; 60=2022-04-14-17:07:26; 6=133.47; 14=3101; 37=algo20220414170726; 10=240;
8=FIX4.4; 35=8; 34=61; 49=MS; 56=MTHREE; 52=2022-04-14-17:07:27; 55=AMZN; 40=2; 11=algo20220414170726; 31=133.47; 150=1; 39=1; 54=2; 44=133.47; 32=3101; 17=exec20220414170727; 38=15506; 60=2022-04-14-17:07:27; 6=133.47; 14=6202; 37=algo20220414170726; 10=240;
8=FIX4.4; 35=8; 34=62; 49=MS; 56=MTHREE; 52=2022-04-14-17:07:28; 55=AMZN; 40=2; 11=algo20220414170726; 31=133.47; 150=1; 39=1; 54=2; 44=133.47; 32=3101; 17=exec20220414170728; 38=15506; 60=2022-04-14-17:07:28; 6=133.47; 14=9303; 37=algo20220414170726; 10=240;
8=FIX4.4; 35=8; 34=63; 49=MS; 56=MTHREE; 52=2022-04-14-17:07:29; 55=AMZN; 40=2; 11=algo20220414170726; 31=133.47; 150=1; 39=1; 54=2; 44=133.47; 32=3101; 17=exec20220414170729; 38=15506; 60=2022-04-14-17:07:29; 6=133.47; 14=12404; 37=algo20220414170726; 10=240;
8=FIX4.4; 35=8; 34=64; 49=MS; 56=MTHREE; 52=2022-04-14-17:07:31; 55=AMZN; 40=2; 11=algo20220414170726; 31=133.47; 150=2; 39=2; 54=2; 44=133.47; 32=3102; 17=exec20220414170731; 38=15506; 60=2022-04-14-17:07:31; 6=133.47; 14=15506; 37=algo20220414170726; 10=246;
8=FIX4.4; 35=D; 34=56; 49=MTHREE; 56=MS; 52=2022-04-14-17:07:31; 55=FB; 40=2; 38=19566; 21=2; 11=algo20220414170731; 60=2022-04-14-17:07:31; 54=2; 44=430.62; 10=0252;
8=FIX4.4; 35=8; 34=65; 49=MS; 56=MTHREE; 52=2022-04-14-17:07:31; 55=FB; 40=2; 11=algo20220414170731; 31=430.62; 150=0; 39=0; 54=2; 44=430.62; 32=0; 17=exec20220414170731; 38=19566; 60=2022-04-14-17:07:31; 6=0; 14=0; 37=algo20220414170731; 10=200;
8=FIX4.4; 35=F; 34=56; 49=MTHREE; 56=MS; 52=2022-04-14-17:07:31; 41=algo20220414170731; 55=FB; 38=19566; 11=C_algo20220414170731; 60=2022-04-14-17:07:31; 10=060;
8=FIX4.4; 35=8; 34=65; 49=MS; 56=MTHREE; 52=2022-04-14-17:07:31; 55=FB; 11=C_algo20220414170731; 31=0; 150=6; 39=6; 54=2; 44=430.62; 17=exec20220414170731; 32=0; 41=algo20220414170731; 38=19566; 60=2022-04-14-17:07:31; 6=0.0; 14=0; 37=algo20220414170731; 10=252;
8=FIX4.4; 35=8; 34=66; 49=MS; 56=MTHREE; 52=2022-04-14-17:07:31; 151=15653; 55=FB; 11=C_algo20220414170731; 31=0; 150=4; 39=4; 54=2; 17=exec20220414170731; 32=0; 41=algo20220414170731; 38=19566; 60=2022-04-14-17:07:31; 6=0.0; 14=0; 37=algo20220414170731; 10=252;
8=FIX4.4; 35=D; 34=58; 49=MTHREE; 56=MS; 52=2022-04-14-17:07:33; 55=GOOG; 40=2; 38=29560; 21=2; 11=algo20220414170733; 60=2022-04-14-17:07:33; 54=1; 44=42.05; 10=0252;
8=FIX4.4; 35=8; 34=68; 49=MS; 56=MTHREE; 52=2022-04-14-17:07:33; 55=GOOG; 40=2; 11=algo20220414170733; 31=42.05; 150=0; 39=0; 54=1; 44=42.05; 32=0; 17=exec20220414170733; 38=29560; 60=2022-04-14-17:07:33; 6=0; 14=0; 37=algo20220414170733; 10=200;
8=FIX4.4; 35=8; 34=69; 49=MS; 56=MTHREE; 52=2022-04-14-17:07:33; 55=GOOG; 40=2; 11=algo20220414170733; 31=42.05; 150=1; 39=1; 54=1; 44=42.05; 32=5912; 17=exec20220414170733; 38=29560; 60=2022-04-14-17:07:33; 6=42.05; 14=5912; 37=algo20220414170733; 10=240;
8=FIX4.4; 35=8; 34=70; 49=MS; 56=MTHREE; 52=2022-04-14-17:07:34; 55=GOOG; 40=2; 11=algo20220414170733; 31=42.05; 150=1; 39=1; 54=1; 44=42.05; 32=5912; 17=exec20220414170734; 38=29560; 60=2022-04-14-17:07:34; 6=42.05; 14=11824; 37=algo20220414170733; 10=240;
8=FIX4.4; 35=8; 34=71; 49=MS; 56=MTHREE; 52=2022-04-14-17:07:35; 55=GOOG; 40=2; 11=algo20220414170733; 31=42.05; 150=1; 39=1; 54=1; 44=42.05; 32=5912; 17=exec20220414170735; 38=29560; 60=2022-04-14-17:07:35; 6=42.05; 14=17736; 37=algo20220414170733; 10=240;
8=FIX4.4; 35=F; 34=58; 49=MTHREE; 56=MS; 52=2022-04-14-17:07:36; 41=algo20220414170733; 55=GOOG; 38=29560; 11=C_algo20220414170733; 60=2022-04-14-17:07:36; 10=060;
8=FIX4.4; 35=8; 34=71; 49=MS; 56=MTHREE; 52=2022-04-14-17:07:36; 55=GOOG; 11=C_algo20220414170733; 31=0; 150=6; 39=6; 54=1; 44=42.05; 17=exec20220414170736; 32=0; 41=algo20220414170733; 38=29560; 60=2022-04-14-17:07:36; 6=0.0; 14=17736; 37=algo20220414170733; 10=252;
8=FIX4.4; 35=8; 34=72; 49=MS; 56=MTHREE; 52=2022-04-14-17:07:36; 151=5912; 55=GOOG; 11=C_algo20220414170733; 31=0; 150=4; 39=4; 54=1; 17=exec20220414170736; 32=0; 41=algo20220414170733; 38=29560; 60=2022-04-14-17:07:36; 6=0.0; 14=17736; 37=algo20220414170733; 10=252;
8=FIX4.4; 35=D; 34=60; 49=MTHREE; 56=MS; 52=2022-04-14-17:07:38; 55=GOOGL; 40=2; 38=32711; 21=2; 11=algo20220414170738; 60=2022-04-14-17:07:38; 54=2; 44=289.20; 10=0252;
8=FIX4.4; 35=8; 34=74; 49=MS; 56=MTHREE; 52=2022-04-14-17:07:38; 55=GOOGL; 40=2; 11=algo20220414170738; 31=289.20; 150=0; 39=0; 54=2; 44=289.20; 32=0; 17=exec20220414170738; 38=32711; 60=2022-04-14-17:07:38; 6=0; 14=0; 37=algo20220414170738; 10=200;
8=FIX4.4; 35=F; 34=60; 49=MTHREE; 56=MS; 52=2022-04-14-17:07:38; 41=algo20220414170738; 55=GOOGL; 38=32711; 11=C_algo20220414170738; 60=2022-04-14-17:07:38; 10=060;
8=FIX4.4; 35=8; 34=74; 49=MS; 56=MTHREE; 52=2022-04-14-17:07:38; 55=GOOGL; 11=C_algo20220414170738; 31=0; 150=6; 39=6; 54=2; 44=289.20; 17=exec20220414170738; 32=0; 41=algo20220414170738; 38=32711; 60=2022-04-14-17:07:38; 6=0.0; 14=0; 37=algo20220414170738; 10=252;
8=FIX4.4; 35=8; 34=75; 49=MS; 56=MTHREE; 52=2022-04-14-17:07:38; 151=21808; 55=GOOGL; 11=C_algo20220414170738; 31=0; 150=4; 39=4; 54=2; 17=exec20220414170738; 32=0; 41=algo20220414170738; 38=32711; 60=2022-04-14-17:07:38; 6=0.0; 14=0; 37=algo20220414170738; 10=252;
8=FIX4.4; 35=D; 34=62; 49=MTHREE; 56=MS; 52=2022-04-14-17:07:40; 55=INTC; 40=2; 38=9938; 21=2; 11=algo20220414170740; 60=2022-04-14-17:07:40; 54=1; 44=339.13; 10=0252;
8=FIX4.4; 35=8; 34=77; 49=MS; 56=MTHREE; 52=2022-04-14-17:07:40; 55=INTC; 40=2; 11=algo20220414170740; 31=339.13; 150=0; 39=0; 54=1; 44=339.13; 32=0; 17=exec20220414170740; 38=9938; 60=2022-04-14-17:07:40; 6=0; 14=0; 37=algo20220414170740; 10=200;
8=FIX4.4; 35=8; 34=78; 49=MS; 56=MTHREE; 52=2022-04-14-17:07:40; 55=INTC; 40=2; 11=algo20220414170740; 31=339.13; 150=1; 39=1; 54=1; 44=339.13; 32=3312; 17=exec20220414170740; 38=9938; 60=2022-04-14-17:07:40; 6=339.13; 14=3312; 37=algo20220414170740; 10=240;
8=FIX4.4; 35=8; 34=79; 49=MS; 56=MTHREE; 52=2022-04-14-17:07:41; 55=INTC; 40=2; 11=algo20220414170740; 31=339.13; 150=1; 39=1; 54=1; 44=339.13; 32=3312; 17=exec20220414170741; 38=9938; 60=2022-04-14-17:07:41; 6=339.13; 14=6624; 37=algo20220414170740; 10=240;
8=FIX4.4; 35=8; 34=80; 49=MS; 56=MTHREE; 52=2022-04-14-17:07:44; 55=INTC; 40=2; 11=algo20220414170740; 31=339.13; 150=2; 39=2; 54=1; 44=339.13; 32=3314; 17=exec20220414170744; 38=9938; 60=2022-04-14-17:07:44; 6=339.13; 14=9938; 37=algo20220414170740; 10=246;
8=FIX4.4; 35=D; 34=63; 49=MTHREE; 56=MS; 52=2022-04-14-17:07:44; 55=PEP; 40=2; 38=8546; 21=2; 11=algo20220414170744; 60=2022-04-14-17:07:44; 54=1; 44=36.21; 10=0252;
8=FIX4.4; 35=8; 34=81; 49=MS; 56=MTHREE; 52=2022-04-14-17:07:44; 55=PEP; 40=2; 11=algo20220414170744; 31=36.21; 150=0; 39=0; 54=1; 44=36.21; 32=0; 17=exec20220414170744; 38=8546; 60=2022-04-14-17:07:44; 6=0; 14=0; 37=algo20220414170744; 10=200;
8=FIX4.4; 35=8; 34=82; 49=MS; 56=MTHREE; 52=2022-04-14-17:07:45; 55=PEP; 40=2; 11=algo20220414170744; 31=36.21; 150=2; 39=2; 54=1; 44=36.21; 32=8546; 17=exec20220414170745; 38=8546; 60=2022-04-14-17:07:45; 6=36.21; 14=8546; 37=algo20220414170744; 10=246;
8=FIX4.4; 35=D; 34=64; 49=MTHREE; 56=MS; 52=2022-04-14-17:07:45; 55=NFLX; 40=2; 38=15815; 21=2; 11=algo20220414170745; 60=2022-04-14-17:07:45; 54=2; 44=306.71; 10=0252;
8=FIX4.4; 35=8; 34=83; 49=MS; 56=MTHREE; 52=2022-04-14-17:07:45; 55=NFLX; 40=2; 11=algo20220414170745; 31=306.71; 150=0; 39=0; 54=2; 44=306.71; 32=0; 17=exec20220414170745; 38=15815; 60=2022-04-14-17:07:45; 6=0; 14=0; 37=algo20220414170745; 10=200;
8=FIX4.4; 35=F; 34=64; 49=MTHREE; 56=MS; 52=2022-04-14-17:07:45; 41=algo20220414170745; 55=NFLX; 38=15815; 11=C_algo20220414170745; 60=2022-04-14-17:07:45; 10=060;
8=FIX4.4; 35=8; 34=83; 49=MS; 56=MTHREE; 52=2022-04-14-17:07:45; 55=NFLX; 11=C_algo20220414170745; 31=0; 150=6; 39=6; 54=2; 44=306.71; 17=exec20220414170745; 32=0; 41=algo20220414170745; 38=15815; 60=2022-04-14-17:07:45; 6=0.0; 14=0; 37=algo20220414170745; 10=252;
8=FIX4.4; 35=8; 34=84; 49=MS; 56=MTHREE; 52=2022-04-14-17:07:45; 151=12652; 55=NFLX; 11=C_algo20220414170745; 31=0; 150=4; 39=4; 54=2; 17=exec20220414170745; 32=0; 41=algo20220414170745; 38=15815; 60=2022-04-14-17:07:45; 6=0.0; 14=0; 37=algo20220414170745; 10=252;
8=FIX4.4; 35=D; 34=66; 49=MTHREE; 56=MS; 52=2022-04-14-17:07:47; 55=CSCO; 40=2; 38=25810; 21=2; 11=algo20220414170747; 60=2022-04-14-17:07:47; 54=1; 44=233.73; 10=0252;
8=FIX4.4; 35=8; 34=86; 49=MS; 56=MTHREE; 52=2022-04-14-17:07:47; 55=CSCO; 40=2; 11=algo20220414170747; 31=233.73; 150=0; 39=0; 54=1; 44=233.73; 32=0; 17=exec20220414170747; 38=25810; 60=2022-04-14-17:07:47; 6=0; 14=0; 37=algo20220414170747; 10=200;
8=FIX4.4; 35=8; 34=87; 49=MS; 56=MTHREE; 52=2022-04-14-17:07:47; 55=CSCO; 40=2; 11=algo20220414170747; 31=233.73; 150=1; 39=1; 54=1; 44=233.73; 32=5162; 17=exec20220414170747; 38=25810; 60=2022-04-14-17:07:47; 6=233.73; 14=5162; 37=algo20220414170747; 10=240;
8=FIX4.4; 35=8; 34=88; 49=MS; 56=MTHREE; 52=2022-04-14-17:07:48; 55=CSCO; 40=2; 11=algo20220414170747; 31=233.73; 150=1; 39=1; 54=1; 44=233.73; 32=5162; 17=exec20220414170748; 38=25810; 60=2022-04-14-17:07:48; 6=233.73; 14=10324; 37=algo20220414170747; 10=240;
8=FIX4.4; 35=8; 34=89; 49=MS; 56=MTHREE; 52=2022-04-14-17:07:49; 55=CSCO; 40=2; 11=algo20220414170747; 31=233.73; 150=1; 39=1; 54=1; 44=233.73; 32=5162; 17=exec20220414170749; 38=25810; 60=2022-04-14-17:07:49; 6=233.73; 14=15486; 37=algo20220414170747; 10=240;
8=FIX4.4; 35=8; 34=90; 49=MS; 56=MTHREE; 52=2022-04-14-17:07:50; 55=CSCO; 40=2; 11=algo20220414170747; 31=233.73; 150=1; 39=1; 54=1; 44=233.73; 32=5162; 17=exec20220414170750; 38=25810; 60=2022-04-14-17:07:50; 6=233.73; 14=20648; 37=algo20220414170747; 10=240;
8=FIX4.4; 35=8; 34=91; 49=MS; 56=MTHREE; 52=2022-04-14-17:07:54; 55=CSCO; 40=2; 11=algo20220414170747; 31=233.73; 150=2; 39=2; 54=1; 44=233.73; 32=5162; 17=exec20220414170754; 38=25810; 60=2022-04-14-17:07:54; 6=233.73; 14=25810; 37=algo20220414170747; 10=246;
8=FIX4.4; 35=D; 34=67; 49=MTHREE; 56=MS; 52=2022-04-14-17:07:54; 55=AMGN; 40=2; 38=14849; 21=2; 11=algo20220414170754; 60=2022-04-14-17:07:54; 54=1; 44=116.62; 10=0252;
8=FIX4.4; 35=8; 34=92; 49=MS; 56=MTHREE; 52=2022-04-14-17:07:54; 55=AMGN; 40=2; 11=algo20220414170754; 31=116.62; 150=0; 39=0; 54=1; 44=116.62; 32=0; 17=exec20220414170755; 38=14849; 60=2022-04-14-17:07:54; 6=0; 14=0; 37=algo20220414170754; 10=200;
8=FIX4.4; 35=F; 34=67; 49=MTHREE; 56=MS; 52=2022-04-14-17:07:55; 41=algo20220414170754; 55=AMGN; 38=14849; 11=C_algo20220414170754; 60=2022-04-14-17:07:55; 10=060;
8=FIX4.4; 35=8; 34=92; 49=MS; 56=MTHREE; 52=2022-04-14-17:07:55; 55=AMGN; 11=C_algo20220414170754; 31=0; 150=6; 39=6; 54=1; 44=116.62; 17=exec20220414170755; 32=0; 41=algo20220414170754; 38=14849; 60=2022-04-14-17:07:55; 6=0.0; 14=0; 37=algo20220414170754; 10=252;
8=FIX4.4; 35=8; 34=93; 49=MS; 56=MTHREE; 52=2022-04-14-17:07:55; 151=9900; 55=AMGN; 11=C_algo20220414170754; 31=0; 150=4; 39=4; 54=1; 17=exec20220414170755; 32=0; 41=algo20220414170754; 38=14849; 60=2022-04-14-17:07:55; 6=0.0; 14=0; 37=algo20220414170754; 10=252;
8=FIX4.4; 35=D; 34=69; 49=MTHREE; 56=MS; 52=2022-04-14-17:07:57; 55=PYPL; 40=2; 38=24843; 21=2; 11=algo20220414170757; 60=2022-04-14-17:07:57; 54=2; 44=723.61; 10=0252;
8=FIX4.4; 35=8; 34=95; 49=MS; 56=MTHREE; 52=2022-04-14-17:07:57; 55=PYPL; 40=2; 11=algo20220414170757; 31=723.61; 150=0; 39=0; 54=2; 44=723.61; 32=0; 17=exec20220414170757; 38=24843; 60=2022-04-14-17:07:57; 6=0; 14=0; 37=algo20220414170757; 10=200;
8=FIX4.4; 35=F; 34=69; 49=MTHREE; 56=MS; 52=2022-04-14-17:07:57; 41=algo20220414170757; 55=PYPL; 38=24843; 11=C_algo20220414170757; 60=2022-04-14-17:07:57; 10=060;
8=FIX4.4; 35=8; 34=95; 49=MS; 56=MTHREE; 52=2022-04-14-17:07:57; 55=PYPL; 11=C_algo20220414170757; 31=0; 150=6; 39=6; 54=2; 44=723.61; 17=exec20220414170757; 32=0; 41=algo20220414170757; 38=24843; 60=2022-04-14-17:07:57; 6=0.0; 14=0; 37=algo20220414170757; 10=252;
8=FIX4.4; 35=8; 34=96; 49=MS; 56=MTHREE; 52=2022-04-14-17:07:57; 151=16562; 55=PYPL; 11=C_algo20220414170757; 31=0; 150=4; 39=4; 54=2; 17=exec20220414170757; 32=0; 41=algo20220414170757; 38=24843; 60=2022-04-14-17:07:57; 6=0.0; 14=0; 37=algo20220414170757; 10=252;
8=FIX4.4; 35=D; 34=71; 49=MTHREE; 56=MS; 52=2022-04-14-17:08:00; 55=TSLA; 40=2; 38=2979; 21=2; 11=algo20220414170801; 60=2022-04-14-17:08:00; 54=1; 44=503.77; 10=0252;
8=FIX4.4; 35=8; 34=98; 49=MS; 56=MTHREE; 52=2022-04-14-17:08:00; 55=TSLA; 40=2; 11=algo20220414170801; 31=503.77; 150=0; 39=0; 54=1; 44=503.77; 32=0; 17=exec20220414170801; 38=2979; 60=2022-04-14-17:08:00; 6=0; 14=0; 37=algo20220414170801; 10=200;
8=FIX4.4; 35=F; 34=71; 49=MTHREE; 56=MS; 52=2022-04-14-17:08:01; 41=algo20220414170801; 55=TSLA; 38=2979; 11=C_algo20220414170801; 60=2022-04-14-17:08:01; 10=060;
8=FIX4.4; 35=8; 34=98; 49=MS; 56=MTHREE; 52=2022-04-14-17:08:01; 55=TSLA; 11=C_algo20220414170801; 31=0; 150=6; 39=6; 54=1; 44=503.77; 17=exec20220414170801; 32=0; 41=algo20220414170801; 38=2979; 60=2022-04-14-17:08:01; 6=0.0; 14=0; 37=algo20220414170801; 10=252;
8=FIX4.4; 35=8; 34=99; 49=MS; 56=MTHREE; 52=2022-04-14-17:08:01; 151=1986; 55=TSLA; 11=C_algo20220414170801; 31=0; 150=4; 39=4; 54=1; 17=exec20220414170801; 32=0; 41=algo20220414170801; 38=2979; 60=2022-04-14-17:08:01; 6=0.0; 14=0; 37=algo20220414170801; 10=252;
8=FIX4.4; 35=D; 34=73; 49=MTHREE; 56=MS; 52=2022-04-14-17:08:03; 55=TXN; 40=2; 38=12974; 21=2; 11=algo20220414170803; 60=2022-04-14-17:08:03; 54=2; 44=112.46; 10=0252;
8=FIX4.4; 35=8; 34=101; 49=MS; 56=MTHREE; 52=2022-04-14-17:08:03; 55=TXN; 40=2; 11=algo20220414170803; 31=112.46; 150=0; 39=0; 54=2; 44=112.46; 32=0; 17=exec20220414170803; 38=12974; 60=2022-04-14-17:08:03; 6=0; 14=0; 37=algo20220414170803; 10=200;
8=FIX4.4; 35=F; 34=73; 49=MTHREE; 56=MS; 52=2022-04-14-17:08:03; 41=algo20220414170803; 55=TXN; 38=12974; 11=C_algo20220414170803; 60=2022-04-14-17:08:03; 10=060;
8=FIX4.4; 35=8; 34=101; 49=MS; 56=MTHREE; 52=2022-04-14-17:08:03; 55=TXN; 11=C_algo20220414170803; 31=0; 150=6; 39=6; 54=2; 44=112.46; 17=exec20220414170803; 32=0; 41=algo20220414170803; 38=12974; 60=2022-04-14-17:08:03; 6=0.0; 14=0; 37=algo20220414170803; 10=252;
8=FIX4.4; 35=8; 34=102; 49=MS; 56=MTHREE; 52=2022-04-14-17:08:03; 151=8650; 55=TXN; 11=C_algo20220414170803; 31=0; 150=4; 39=4; 54=2; 17=exec20220414170803; 32=0; 41=algo20220414170803; 38=12974; 60=2022-04-14-17:08:03; 6=0.0; 14=0; 37=algo20220414170803; 10=252;
8=FIX4.4; 35=D; 34=75; 49=MTHREE; 56=MS; 52=2022-04-14-17:08:05; 55=AVGO; 40=2; 38=9764; 21=2; 11=algo20220414170805; 60=2022-04-14-17:08:05; 54=1; 44=262.99; 10=0252;
8=FIX4.4; 35=8; 34=104; 49=MS; 56=MTHREE; 52=2022-04-14-17:08:05; 55=AVGO; 40=2; 11=algo20220414170805; 31=262.99; 150=0; 39=0; 54=1; 44=262.99; 32=0; 17=exec20220414170805; 38=9764; 60=2022-04-14-17:08:05; 6=0; 14=0; 37=algo20220414170805; 10=200;
8=FIX4.4; 35=8; 34=105; 49=MS; 56=MTHREE; 52=2022-04-14-17:08:05; 55=AVGO; 40=2; 11=algo20220414170805; 31=262.99; 150=1; 39=1; 54=1; 44=262.99; 32=2441; 17=exec20220414170805; 38=9764; 60=2022-04-14-17:08:05; 6=262.99; 14=2441; 37=algo20220414170805; 10=240;
8=FIX4.4; 35=8; 34=106; 49=MS; 56=MTHREE; 52=2022-04-14-17:08:06; 55=AVGO; 40=2; 11=algo20220414170805; 31=262.99; 150=1; 39=1; 54=1; 44=262.99; 32=2441; 17=exec20220414170806; 38=9764; 60=2022-04-14-17:08:06; 6=262.99; 14=4882; 37=algo20220414170805; 10=240;
8=FIX4.4; 35=8; 34=107; 49=MS; 56=MTHREE; 52=2022-04-14-17:08:07; 55=AVGO; 40=2; 11=algo20220414170805; 31=262.99; 150=1; 39=1; 54=1; 44=262.99; 32=2441; 17=exec20220414170807; 38=9764; 60=2022-04-14-17:08:07; 6=262.99; 14=7323; 37=algo20220414170805; 10=240;
8=FIX4.4; 35=8; 34=108; 49=MS; 56=MTHREE; 52=2022-04-14-17:08:09; 55=AVGO; 40=2; 11=algo20220414170805; 31=262.99; 150=2; 39=2; 54=1; 44=262.99; 32=2441; 17=exec20220414170809; 38=9764; 60=2022-04-14-17:08:09; 6=262.99; 14=9764; 37=algo20220414170805; 10=246;
8=FIX4.4; 35=D; 34=76; 49=MTHREE; 56=MS; 52=2022-04-14-17:08:09; 55=GILD; 40=2; 38=31571; 21=2; 11=algo20220414170809; 60=2022-04-14-17:08:09; 54=2; 44=82.91; 10=0252;
8=FIX4.4; 35=8; 34=109; 49=MS; 56=MTHREE; 52=2022-04-14-17:08:09; 55=GILD; 40=2; 11=algo20220414170809; 31=82.91; 150=0; 39=0; 54=2; 44=82.91; 32=0; 17=exec20220414170809; 38=31571; 60=2022-04-14-17:08:09; 6=0; 14=0; 37=algo20220414170809; 10=200;
8=FIX4.4; 35=8; 34=110; 49=MS; 56=MTHREE; 52=2022-04-14-17:08:10; 55=GILD; 40=2; 11=algo20220414170809; 31=82.91; 150=2; 39=2; 54=2; 44=82.91; 32=31571; 17=exec20220414170810; 38=31571; 60=2022-04-14-17:08:10; 6=82.91; 14=31571; 37=algo20220414170809; 10=246;
8=FIX4.4; 35=D; 34=77; 49=MTHREE; 56=MS; 52=2022-04-14-17:08:10; 55=SBUX; 40=2; 38=6072; 21=2; 11=algo20220414170810; 60=2022-04-14-17:08:10; 54=1; 44=75.71; 10=0252;
8=FIX4.4; 35=8; 34=111; 49=MS; 56=MTHREE; 52=2022-04-14-17:08:10; 55=SBUX; 40=2; 11=algo20220414170810; 31=75.71; 150=0; 39=0; 54=1; 44=75.71; 32=0; 17=exec20220414170810; 38=6072; 60=2022-04-14-17:08:10; 6=0; 14=0; 37=algo20220414170810; 10=200;
8=FIX4.4; 35=8; 34=112; 49=MS; 56=MTHREE; 52=2022-04-14-17:08:10; 55=SBUX; 40=2; 11=algo20220414170810; 31=75.71; 150=1; 39=1; 54=1; 44=75.71; 32=3036; 17=exec20220414170810; 38=6072; 60=2022-04-14-17:08:10; 6=75.71; 14=3036; 37=algo20220414170810; 10=240;
8=FIX4.4; 35=8; 34=113; 49=MS; 56=MTHREE; 52=2022-04-14-17:08:12; 55=SBUX; 40=2; 11=algo20220414170810; 31=75.71; 150=2; 39=2; 54=1; 44=75.71; 32=3036; 17=exec20220414170812; 38=6072; 60=2022-04-14-17:08:12; 6=75.71; 14=6072; 37=algo20220414170810; 10=246;
8=FIX4.4; 35=D; 34=78; 49=MTHREE; 56=MS; 52=2022-04-14-17:08:12; 55=QCOM; 40=2; 38=16975; 21=2; 11=algo20220414170812; 60=2022-04-14-17:08:12; 54=2; 44=75.47; 10=0252;
8=FIX4.4; 35=8; 34=114; 49=MS; 56=MTHREE; 52=2022-04-14-17:08:12; 55=QCOM; 40=2; 11=algo20220414170812; 31=75.47; 150=0; 39=0; 54=2; 44=75.47; 32=0; 17=exec20220414170812; 38=16975; 60=2022-04-14-17:08:12; 6=0; 14=0; 37=algo20220414170812; 10=200;
8=FIX4.4; 35=F; 34=78; 49=MTHREE; 56=MS; 52=2022-04-14-17:08:12; 41=algo20220414170812; 55=QCOM; 38=16975; 11=C_algo20220414170812; 60=2022-04-14-17:08:12; 10=060;
8=FIX4.4; 35=8; 34=114; 49=MS; 56=MTHREE; 52=2022-04-14-17:08:12; 55=QCOM; 11=C_algo20220414170812; 31=0; 150=6; 39=6; 54=2; 44=75.47; 17=exec20220414170812; 32=0; 41=algo20220414170812; 38=16975; 60=2022-04-14-17:08:12; 6=0.0; 14=0; 37=algo20220414170812; 10=252;
8=FIX4.4; 35=8; 34=115; 49=MS; 56=MTHREE; 52=2022-04-14-17:08:12; 151=13580; 55=QCOM; 11=C_algo20220414170812; 31=0; 150=4; 39=4; 54=2; 17=exec20220414170812; 32=0; 41=algo20220414170812; 38=16975; 60=2022-04-14-17:08:12; 6=0.0; 14=0; 37=algo20220414170812; 10=252;
8=FIX4.4; 35=D; 34=80; 49=MTHREE; 56=MS; 52=2022-04-14-17:08:14; 55=TMUS; 40=2; 38=11040; 21=2; 11=algo20220414170814; 60=2022-04-14-17:08:14; 54=1; 44=90.74; 10=0252;
8=FIX4.4; 35=8; 34=117; 49=MS; 56=MTHREE; 52=2022-04-14-17:08:14; 55=TMUS; 40=2; 11=algo20220414170814; 31=90.74; 150=0; 39=0; 54=1; 44=90.74; 32=0; 17=exec20220414170814; 38=11040; 60=2022-04-14-17:08:14; 6=0; 14=0; 37=algo20220414170814; 10=200;
8=FIX4.4; 35=8; 34=118; 49=MS; 56=MTHREE; 52=2022-04-14-17:08:14; 55=TMUS; 40=2; 11=algo20220414170814; 31=90.74; 150=1; 39=1; 54=1; 44=90.74; 32=2208; 17=exec20220414170814; 38=11040; 60=2022-04-14-17:08:14; 6=90.74; 14=2208; 37=algo20220414170814; 10=240;
8=FIX4.4; 35=8; 34=119; 49=MS; 56=MTHREE; 52=2022-04-14-17:08:15; 55=TMUS; 40=2; 11=algo20220414170814; 31=90.74; 150=1; 39=1; 54=1; 44=90.74; 32=2208; 17=exec20220414170815; 38=11040; 60=2022-04-14-17:08:15; 6=90.74; 14=4416; 37=algo20220414170814; 10=240;
8=FIX4.4; 35=F; 34=80; 49=MTHREE; 56=MS; 52=2022-04-14-17:08:16; 41=algo20220414170814; 55=TMUS; 38=11040; 11=C_algo20220414170814; 60=2022-04-14-17:08:16; 10=060;
8=FIX4.4; 35=8; 34=119; 49=MS; 56=MTHREE; 52=2022-04-14-17:08:16; 55=TMUS; 11=C_algo20220414170814; 31=0; 150=6; 39=6; 54=1; 44=90.74; 17=exec20220414170816; 32=0; 41=algo20220414170814; 38=11040; 60=2022-04-14-17:08:16; 6=0.0; 14=4416; 37=algo20220414170814; 10=252;
8=FIX4.4; 35=8; 34=120; 49=MS; 56=MTHREE; 52=2022-04-14-17:08:16; 151=4416; 55=TMUS; 11=C_algo20220414170814; 31=0; 150=4; 39=4; 54=1; 17=exec20220414170816; 32=0; 41=algo20220414170814; 38=11040; 60=2022-04-14-17:08:16; 6=0.0; 14=4416; 37=algo20220414170814; 10=252;
8=FIX4.4; 35=D; 34=82; 49=MTHREE; 56=MS; 52=2022-04-14-17:08:18; 55=MDLZ; 40=2; 38=27395; 21=2; 11=algo20220414170818; 60=2022-04-14-17:08:18; 54=2; 44=52.26; 10=0252;
8=FIX4.4; 35=8; 34=122; 49=MS; 56=MTHREE; 52=2022-04-14-17:08:18; 55=MDLZ; 40=2; 11=algo20220414170818; 31=52.26; 150=0; 39=0; 54=2; 44=52.26; 32=0; 17=exec20220414170818; 38=27395; 60=2022-04-14-17:08:18; 6=0; 14=0; 37=algo20220414170818; 10=200;
8=FIX4.4; 35=F; 34=82; 49=MTHREE; 56=MS; 52=2022-04-14-17:08:18; 41=algo20220414170818; 55=MDLZ; 38=27395; 11=C_algo20220414170818; 60=2022-04-14-17:08:18; 10=060;
8=FIX4.4; 35=8; 34=122; 49=MS; 56=MTHREE; 52=2022-04-14-17:08:18; 55=MDLZ; 11=C_algo20220414170818; 31=0; 150=6; 39=6; 54=2; 44=52.26; 17=exec20220414170818; 32=0; 41=algo20220414170818; 38=27395; 60=2022-04-14-17:08:18; 6=0.0; 14=0; 37=algo20220414170818; 10=252;
8=FIX4.4; 35=8; 34=123; 49=MS; 56=MTHREE; 52=2022-04-14-17:08:18; 151=21916; 55=MDLZ; 11=C_algo20220414170818; 31=0; 150=4; 39=4; 54=2; 17=exec20220414170818; 32=0; 41=algo20220414170818; 38=27395; 60=2022-04-14-17:08:18; 6=0.0; 14=0; 37=algo20220414170818; 10=252;
8=FIX4.4; 35=D; 34=84; 49=MTHREE; 56=MS; 52=2022-04-14-17:08:20; 55=BAC; 40=2; 38=4622; 21=2; 11=algo20220414170820; 60=2022-04-14-17:08:20; 54=1; 44=22.03; 10=0252;
8=FIX4.4; 35=8; 34=125; 49=MS; 56=MTHREE; 52=2022-04-14-17:08:20; 55=BAC; 40=2; 11=algo20220414170820; 31=22.03; 150=0; 39=0; 54=1; 44=22.03; 32=0; 17=exec20220414170820; 38=4622; 60=2022-04-14-17:08:20; 6=0; 14=0; 37=algo20220414170820; 10=200;
8=FIX4.4; 35=8; 34=126; 49=MS; 56=MTHREE; 52=2022-04-14-17:08:20; 55=BAC; 40=2; 11=algo20220414170820; 31=22.03; 150=1; 39=1; 54=1; 44=22.03; 32=2311; 17=exec20220414170820; 38=4622; 60=2022-04-14-17:08:20; 6=22.03; 14=2311; 37=algo20220414170820; 10=240;
8=FIX4.4; 35=8; 34=127; 49=MS; 56=MTHREE; 52=2022-04-14-17:08:22; 55=BAC; 40=2; 11=algo20220414170820; 31=22.03; 150=2; 39=2; 54=1; 44=22.03; 32=2311; 17=exec20220414170822; 38=4622; 60=2022-04-14-17:08:22; 6=22.03; 14=4622; 37=algo20220414170820; 10=246;
8=FIX4.4; 35=D; 34=85; 49=MTHREE; 56=MS; 52=2022-04-14-17:08:23; 55=DDD; 40=2; 38=15526; 21=2; 11=algo20220414170823; 60=2022-04-14-17:08:23; 54=2; 44=8.01; 10=0252;
8=FIX4.4; 35=8; 34=128; 49=MS; 56=MTHREE; 52=2022-04-14-17:08:23; 55=DDD; 40=2; 11=algo20220414170823; 31=8.01; 150=0; 39=0; 54=2; 44=8.01; 32=0; 17=exec20220414170823; 38=15526; 60=2022-04-14-17:08:23; 6=0; 14=0; 37=algo20220414170823; 10=200;
8=FIX4.4; 35=F; 34=85; 49=MTHREE; 56=MS; 52=2022-04-14-17:08:23; 41=algo20220414170823; 55=DDD; 38=15526; 11=C_algo20220414170823; 60=2022-04-14-17:08:23; 10=060;
8=FIX4.4; 35=8; 34=128; 49=MS; 56=MTHREE; 52=2022-04-14-17:08:23; 55=DDD; 11=C_algo20220414170823; 31=0; 150=6; 39=6; 54=2; 44=8.01; 17=exec20220414170823; 32=0; 41=algo20220414170823; 38=15526; 60=2022-04-14-17:08:23; 6=0.0; 14=0; 37=algo20220414170823; 10=252;
8=FIX4.4; 35=8; 34=129; 49=MS; 56=MTHREE; 52=2022-04-14-17:08:23; 151=12421; 55=DDD; 11=C_algo20220414170823; 31=0; 150=4; 39=4; 54=2; 17=exec20220414170823; 32=0; 41=algo20220414170823; 38=15526; 60=2022-04-14-17:08:23; 6=0.0; 14=0; 37=algo20220414170823; 10=252;
8=FIX4.4; 35=D; 34=87; 49=MTHREE; 56=MS; 52=2022-04-14-17:08:25; 55=MMM; 40=2; 38=25520; 21=2; 11=algo20220414170825; 60=2022-04-14-17:08:25; 54=1; 44=146.98; 10=0252;
8=FIX4.4; 35=8; 34=131; 49=MS; 56=MTHREE; 52=2022-04-14-17:08:25; 55=MMM; 40=2; 11=algo20220414170825; 31=146.98; 150=0; 39=0; 54=1; 44=146.98; 32=0; 17=exec20220414170825; 38=25520; 60=2022-04-14-17:08:25; 6=0; 14=0; 37=algo20220414170825; 10=200;
8=FIX4.4; 35=8; 34=132; 49=MS; 56=MTHREE; 52=2022-04-14-17:08:25; 55=MMM; 40=2; 11=algo20220414170825; 31=146.98; 150=1; 39=1; 54=1; 44=146.98; 32=5104; 17=exec20220414170825; 38=25520; 60=2022-04-14-17:08:25; 6=146.98; 14=5104; 37=algo20220414170825; 10=240;
8=FIX4.4; 35=8; 34=133; 49=MS; 56=MTHREE; 52=2022-04-14-17:08:26; 55=MMM; 40=2; 11=algo20220414170825; 31=146.98; 150=1; 39=1; 54=1; 44=146.98; 32=5104; 17=exec20220414170826; 38=25520; 60=2022-04-14-17:08:26; 6=146.98; 14=10208; 37=algo20220414170825; 10=240;
8=FIX4.4; 35=8; 34=134; 49=MS; 56=MTHREE; 52=2022-04-14-17:08:27; 55=MMM; 40=2; 11=algo20220414170825; 31=146.98; 150=1; 39=1; 54=1; 44=146.98; 32=5104; 17=exec20220414170827; 38=25520; 60=2022-04-14-17:08:27; 6=146.98; 14=15312; 37=algo20220414170825; 10=240;
8=FIX4.4; 35=F; 34=87; 49=MTHREE; 56=MS; 52=2022-04-14-17:08:28; 41=algo20220414170825; 55=MMM; 38=25520; 11=C_algo20220414170825; 60=2022-04-14-17:08:28; 10=060;
8=FIX4.4; 35=8; 34=134; 49=MS; 56=MTHREE; 52=2022-04-14-17:08:28; 55=MMM; 11=C_algo20220414170825; 31=0; 150=6; 39=6; 54=1; 44=146.98; 17=exec20220414170828; 32=0; 41=algo20220414170825; 38=25520; 60=2022-04-14-17:08:28; 6=0.0; 14=15312; 37=algo20220414170825; 10=252;
8=FIX4.4; 35=8; 34=135; 49=MS; 56=MTHREE; 52=2022-04-14-17:08:28; 151=5104; 55=MMM; 11=C_algo20220414170825; 31=0; 150=4; 39=4; 54=1; 17=exec20220414170828; 32=0; 41=algo20220414170825; 38=25520; 60=2022-04-14-17:08:28; 6=0.0; 14=15312; 37=algo20220414170825; 10=252;
8=FIX4.4; 35=D; 34=89; 49=MTHREE; 56=MS; 52=2022-04-14-17:08:30; 55=WBAI; 40=2; 38=28671; 21=2; 11=algo20220414170830; 60=2022-04-14-17:08:30; 54=2; 44=4.10; 10=0252;
8=FIX4.4; 35=8; 34=137; 49=MS; 56=MTHREE; 52=2022-04-14-17:08:30; 55=WBAI; 40=2; 11=algo20220414170830; 31=4.10; 150=0; 39=0; 54=2; 44=4.10; 32=0; 17=exec20220414170830; 38=28671; 60=2022-04-14-17:08:30; 6=0; 14=0; 37=algo20220414170830; 10=200;
8=FIX4.4; 35=8; 34=138; 49=MS; 56=MTHREE; 52=2022-04-14-17:08:31; 55=WBAI; 40=2; 11=algo20220414170830; 31=4.10; 150=2; 39=2; 54=2; 44=4.10; 32=28671; 17=exec20220414170831; 38=28671; 60=2022-04-14-17:08:31; 6=4.10; 14=28671; 37=algo20220414170830; 10=246;
8=FIX4.4; 35=D; 34=90; 49=MTHREE; 56=MS; 52=2022-04-14-17:08:31; 55=WUBA; 40=2; 38=3172; 21=2; 11=algo20220414170831; 60=2022-04-14-17:08:31; 54=1; 44=51.41; 10=0252;
8=FIX4.4; 35=8; 34=139; 49=MS; 56=MTHREE; 52=2022-04-14-17:08:31; 55=WUBA; 40=2; 11=algo20220414170831; 31=51.41; 150=0; 39=0; 54=1; 44=51.41; 32=0; 17=exec20220414170831; 38=3172; 60=2022-04-14-17:08:31; 6=0; 14=0; 37=algo20220414170831; 10=200;
8=FIX4.4; 35=8; 34=140; 49=MS; 56=MTHREE; 52=2022-04-14-17:08:31; 55=WUBA; 40=2; 11=algo20220414170831; 31=51.41; 150=1; 39=1; 54=1; 44=51.41; 32=1586; 17=exec20220414170831; 38=3172; 60=2022-04-14-17:08:31; 6=51.41; 14=1586; 37=algo20220414170831; 10=240;
8=FIX4.4; 35=8; 34=141; 49=MS; 56=MTHREE; 52=2022-04-14-17:08:33; 55=WUBA; 40=2; 11=algo20220414170831; 31=51.41; 150=2; 39=2; 54=1; 44=51.41; 32=1586; 17=exec20220414170833; 38=3172; 60=2022-04-14-17:08:33; 6=51.41; 14=3172; 37=algo20220414170831; 10=246;
8=FIX4.4; 35=D; 34=91; 49=MTHREE; 56=MS; 52=2022-04-14-17:08:33; 55=EGHT; 40=2; 38=30005; 21=2; 11=algo20220414170833; 60=2022-04-14-17:08:33; 54=2; 44=17.03; 10=0252;
8=FIX4.4; 35=8; 34=142; 49=MS; 56=MTHREE; 52=2022-04-14-17:08:33; 55=EGHT; 40=2; 11=algo20220414170833; 31=17.03; 150=0; 39=0; 54=2; 44=17.03; 32=0; 17=exec20220414170833; 38=30005; 60=2022-04-14-17:08:33; 6=0; 14=0; 37=algo20220414170833; 10=200;
8=FIX4.4; 35=F; 34=91; 49=MTHREE; 56=MS; 52=2022-04-14-17:08:33; 41=algo20220414170833; 55=EGHT; 38=30005; 11=C_algo20220414170833; 60=2022-04-14-17:08:33; 10=060;
8=FIX4.4; 35=8; 34=142; 49=MS; 56=MTHREE; 52=2022-04-14-17:08:33; 55=EGHT; 11=C_algo20220414170833; 31=0; 150=6; 39=6; 54=2; 44=17.03; 17=exec20220414170833; 32=0; 41=algo20220414170833; 38=30005; 60=2022-04-14-17:08:33; 6=0.0; 14=0; 37=algo20220414170833; 10=252;
8=FIX4.4; 35=8; 34=143; 49=MS; 56=MTHREE; 52=2022-04-14-17:08:33; 151=24004; 55=EGHT; 11=C_algo20220414170833; 31=0; 150=4; 39=4; 54=2; 17=exec20220414170833; 32=0; 41=algo20220414170833; 38=30005; 60=2022-04-14-17:08:33; 6=0.0; 14=0; 37=algo20220414170833; 10=252;
8=FIX4.4; 35=D; 34=93; 49=MTHREE; 56=MS; 52=2022-04-14-17:08:35; 55=AHC; 40=2; 38=7232; 21=2; 11=algo20220414170835; 60=2022-04-14-17:08:35; 54=1; 44=1.40; 10=0252;
8=FIX4.4; 35=8; 34=145; 49=MS; 56=MTHREE; 52=2022-04-14-17:08:35; 55=AHC; 40=2; 11=algo20220414170835; 31=1.40; 150=0; 39=0; 54=1; 44=1.40; 32=0; 17=exec20220414170835; 38=7232; 60=2022-04-14-17:08:35; 6=0; 14=0; 37=algo20220414170835; 10=200;
8=FIX4.4; 35=8; 34=146; 49=MS; 56=MTHREE; 52=2022-04-14-17:08:35; 55=AHC; 40=2; 11=algo20220414170835; 31=1.40; 150=1; 39=1; 54=1; 44=1.40; 32=3616; 17=exec20220414170835; 38=7232; 60=2022-04-14-17:08:35; 6=1.40; 14=3616; 37=algo20220414170835; 10=240;
8=FIX4.4; 35=8; 34=147; 49=MS; 56=MTHREE; 52=2022-04-14-17:08:37; 55=AHC; 40=2; 11=algo20220414170835; 31=1.40; 150=2; 39=2; 54=1; 44=1.40; 32=3616; 17=exec20220414170837; 38=7232; 60=2022-04-14-17:08:37; 6=1.40; 14=7232; 37=algo20220414170835; 10=246;
8=FIX4.4; 35=D; 34=94; 49=MTHREE; 56=MS; 52=2022-04-14-17:08:37; 55=AOS; 40=2; 38=1297; 21=2; 11=algo20220414170837; 60=2022-04-14-17:08:37; 54=2; 44=40.38; 10=0252;
8=FIX4.4; 35=8; 34=148; 49=MS; 56=MTHREE; 52=2022-04-14-17:08:37; 55=AOS; 40=2; 11=algo20220414170837; 31=40.38; 150=0; 39=0; 54=2; 44=40.38; 32=0; 17=exec20220414170837; 38=1297; 60=2022-04-14-17:08:37; 6=0; 14=0; 37=algo20220414170837; 10=200;
8=FIX4.4; 35=F; 34=94; 49=MTHREE; 56=MS; 52=2022-04-14-17:08:37; 41=algo20220414170837; 55=AOS; 38=1297; 11=C_algo20220414170837; 60=2022-04-14-17:08:37; 10=060;
8=FIX4.4; 35=8; 34=148; 49=MS; 56=MTHREE; 52=2022-04-14-17:08:37; 55=AOS; 11=C_algo20220414170837; 31=0; 150=6; 39=6; 54=2; 44=40.38; 17=exec20220414170837; 32=0; 41=algo20220414170837; 38=1297; 60=2022-04-14-17:08:37; 6=0.0; 14=0; 37=algo20220414170837; 10=252;
8=FIX4.4; 35=8; 34=149; 49=MS; 56=MTHREE; 52=2022-04-14-17:08:37; 151=649; 55=AOS; 11=C_algo20220414170837; 31=0; 150=4; 39=4; 54=2; 17=exec20220414170837; 32=0; 41=algo20220414170837; 38=1297; 60=2022-04-14-17:08:37; 6=0.0; 14=0; 37=algo20220414170837; 10=252;
8=FIX4.4; 35=D; 34=96; 49=MTHREE; 56=MS; 52=2022-04-14-17:08:39; 55=ATEN; 40=2; 38=11292; 21=2; 11=algo20220414170839; 60=2022-04-14-17:08:39; 54=1; 44=6.45; 10=0252;
8=FIX4.4; 35=8; 34=151; 49=MS; 56=MTHREE; 52=2022-04-14-17:08:39; 55=ATEN; 40=2; 11=algo20220414170839; 31=6.45; 150=0; 39=0; 54=1; 44=6.45; 32=0; 17=exec20220414170839; 38=11292; 60=2022-04-14-17:08:39; 6=0; 14=0; 37=algo20220414170839; 10=200;
8=FIX4.4; 35=8; 34=152; 49=MS; 56=MTHREE; 52=2022-04-14-17:08:39; 55=ATEN; 40=2; 11=algo20220414170839; 31=6.45; 150=1; 39=1; 54=1; 44=6.45; 32=5646; 17=exec20220414170839; 38=11292; 60=2022-04-14-17:08:39; 6=6.45; 14=5646; 37=algo20220414170839; 10=240;
8=FIX4.4; 35=8; 34=153; 49=MS; 56=MTHREE; 52=2022-04-14-17:08:41; 55=ATEN; 40=2; 11=algo20220414170839; 31=6.45; 150=2; 39=2; 54=1; 44=6.45; 32=5646; 17=exec20220414170841; 38=11292; 60=2022-04-14-17:08:41; 6=6.45; 14=11292; 37=algo20220414170839; 10=246;
8=FIX4.4; 35=D; 34=97; 49=MTHREE; 56=MS; 52=2022-04-14-17:08:41; 55=AIR; 40=2; 38=5357; 21=2; 11=algo20220414170841; 60=2022-04-14-17:08:41; 54=2; 44=16.31; 10=0252;
8=FIX4.4; 35=8; 34=154; 49=MS; 56=MTHREE; 52=2022-04-14-17:08:41; 55=AIR; 40=2; 11=algo20220414170841; 31=16.31; 150=0; 39=0; 54=2; 44=16.31; 32=0; 17=exec20220414170841; 38=5357; 60=2022-04-14-17:08:41; 6=0; 14=0; 37=algo20220414170841; 10=200;
8=FIX4.4; 35=F; 34=97; 49=MTHREE; 56=MS; 52=2022-04-14-17:08:41; 41=algo20220414170841; 55=AIR; 38=5357; 11=C_algo20220414170841; 60=2022-04-14-17:08:41; 10=060;
8=FIX4.4; 35=8; 34=154; 49=MS; 56=MTHREE; 52=2022-04-14-17:08:41; 55=AIR; 11=C_algo20220414170841; 31=0; 150=6; 39=6; 54=2; 44=16.31; 17=exec20220414170841; 32=0; 41=algo20220414170841; 38=5357; 60=2022-04-14-17:08:41; 6=0.0; 14=0; 37=algo20220414170841; 10=252;
8=FIX4.4; 35=8; 34=155; 49=MS; 56=MTHREE; 52=2022-04-14-17:08:41; 151=2679; 55=AIR; 11=C_algo20220414170841; 31=0; 150=4; 39=4; 54=2; 17=exec20220414170841; 32=0; 41=algo20220414170841; 38=5357; 60=2022-04-14-17:08:41; 6=0.0; 14=0; 37=algo20220414170841; 10=252;
8=FIX4.4; 35=D; 34=99; 49=MTHREE; 56=MS; 52=2022-04-14-17:08:43; 55=AAN; 40=2; 38=15352; 21=2; 11=algo20220414170843; 60=2022-04-14-17:08:43; 54=2; 44=25.68; 10=0252;
8=FIX4.4; 35=8; 34=157; 49=MS; 56=MTHREE; 52=2022-04-14-17:08:43; 55=AAN; 40=2; 11=algo20220414170843; 31=25.68; 150=0; 39=0; 54=2; 44=25.68; 32=0; 17=exec20220414170843; 38=15352; 60=2022-04-14-17:08:43; 6=0; 14=0; 37=algo20220414170843; 10=200;
8=FIX4.4; 35=8; 34=158; 49=MS; 56=MTHREE; 52=2022-04-14-17:08:44; 55=AAN; 40=2; 11=algo20220414170843; 31=25.68; 150=2; 39=2; 54=2; 44=25.68; 32=15352; 17=exec20220414170844; 38=15352; 60=2022-04-14-17:08:44; 6=25.68; 14=15352; 37=algo20220414170843; 10=246;
8=FIX4.4; 35=D; 34=100; 49=MTHREE; 56=MS; 52=2022-04-14-17:08:44; 55=ABB; 40=2; 38=22621; 21=2; 11=algo20220414170844; 60=2022-04-14-17:08:44; 54=1; 44=17.42; 10=0252;
8=FIX4.4; 35=8; 34=159; 49=MS; 56=MTHREE; 52=2022-04-14-17:08:44; 55=ABB; 40=2; 11=algo20220414170844; 31=17.42; 150=0; 39=0; 54=1; 44=17.42; 32=0; 17=exec20220414170844; 38=22621; 60=2022-04-14-17:08:44; 6=0; 14=0; 37=algo20220414170844; 10=200;
8=FIX4.4; 35=8; 34=160; 49=MS; 56=MTHREE; 52=2022-04-14-17:08:44; 55=ABB; 40=2; 11=algo20220414170844; 31=17.42; 150=1; 39=1; 54=1; 44=17.42; 32=4524; 17=exec20220414170844; 38=22621; 60=2022-04-14-17:08:44; 6=17.42; 14=4524; 37=algo20220414170844; 10=240;
8=FIX4.4; 35=F; 34=100; 49=MTHREE; 56=MS; 52=2022-04-14-17:08:45; 41=algo20220414170844; 55=ABB; 38=22621; 11=C_algo20220414170844; 60=2022-04-14-17:08:45; 10=060;
8=FIX4.4; 35=8; 34=160; 49=MS; 56=MTHREE; 52=2022-04-14-17:08:45; 55=ABB; 11=C_algo20220414170844; 31=0; 150=6; 39=6; 54=1; 44=17.42; 17=exec20220414170845; 32=0; 41=algo20220414170844; 38=22621; 60=2022-04-14-17:08:45; 6=0.0; 14=4524; 37=algo20220414170844; 10=252;
8=FIX4.4; 35=8; 34=161; 49=MS; 56=MTHREE; 52=2022-04-14-17:08:45; 151=13573; 55=ABB; 11=C_algo20220414170844; 31=0; 150=4; 39=4; 54=1; 17=exec20220414170845; 32=0; 41=algo20220414170844; 38=22621; 60=2022-04-14-17:08:45; 6=0.0; 14=4524; 37=algo20220414170844; 10=252;
8=FIX4.4; 35=D; 34=102; 49=MTHREE; 56=MS; 52=2022-04-14-17:08:47; 55=ABT; 40=2; 38=19411; 21=2; 11=algo20220414170847; 60=2022-04-14-17:08:47; 54=2; 44=94.04; 10=0252;
8=FIX4.4; 35=8; 34=163; 49=MS; 56=MTHREE; 52=2022-04-14-17:08:47; 55=ABT; 40=2; 11=algo20220414170847; 31=94.04; 150=0; 39=0; 54=2; 44=94.04; 32=0; 17=exec20220414170847; 38=19411; 60=2022-04-14-17:08:47; 6=0; 14=0; 37=algo20220414170847; 10=200;
8=FIX4.4; 35=8; 34=164; 49=MS; 56=MTHREE; 52=2022-04-14-17:08:48; 55=ABT; 40=2; 11=algo20220414170847; 31=94.04; 150=2; 39=2; 54=2; 44=94.04; 32=19411; 17=exec20220414170848; 38=19411; 60=2022-04-14-17:08:48; 6=94.04; 14=19411; 37=algo20220414170847; 10=246;
8=FIX4.4; 35=D; 34=103; 49=MTHREE; 56=MS; 52=2022-04-14-17:08:48; 55=ABBV; 40=2; 38=26680; 21=2; 11=algo20220414170848; 60=2022-04-14-17:08:48; 54=1; 44=83.60; 10=0252;
8=FIX4.4; 35=8; 34=165; 49=MS; 56=MTHREE; 52=2022-04-14-17:08:48; 55=ABBV; 40=2; 11=algo20220414170848; 31=83.60; 150=0; 39=0; 54=1; 44=83.60; 32=0; 17=exec20220414170848; 38=26680; 60=2022-04-14-17:08:48; 6=0; 14=0; 37=algo20220414170848; 10=200;
8=FIX4.4; 35=8; 34=166; 49=MS; 56=MTHREE; 52=2022-04-14-17:08:48; 55=ABBV; 40=2; 11=algo20220414170848; 31=83.60; 150=1; 39=1; 54=1; 44=83.60; 32=5336; 17=exec20220414170848; 38=26680; 60=2022-04-14-17:08:48; 6=83.60; 14=5336; 37=algo20220414170848; 10=240;
8=FIX4.4; 35=8; 34=167; 49=MS; 56=MTHREE; 52=2022-04-14-17:08:49; 55=ABBV; 40=2; 11=algo20220414170848; 31=83.60; 150=1; 39=1; 54=1; 44=83.60; 32=5336; 17=exec20220414170849; 38=26680; 60=2022-04-14-17:08:49; 6=83.60; 14=10672; 37=algo20220414170848; 10=240;
8=FIX4.4; 35=F; 34=103; 49=MTHREE; 56=MS; 52=2022-04-14-17:08:50; 41=algo20220414170848; 55=ABBV; 38=26680; 11=C_algo20220414170848; 60=2022-04-14-17:08:50; 10=060;
8=FIX4.4; 35=8; 34=167; 49=MS; 56=MTHREE; 52=2022-04-14-17:08:50; 55=ABBV; 11=C_algo20220414170848; 31=0; 150=6; 39=6; 54=1; 44=83.60; 17=exec20220414170850; 32=0; 41=algo20220414170848; 38=26680; 60=2022-04-14-17:08:50; 6=0.0; 14=10672; 37=algo20220414170848; 10=252;
8=FIX4.4; 35=8; 34=168; 49=MS; 56=MTHREE; 52=2022-04-14-17:08:50; 151=10672; 55=ABBV; 11=C_algo20220414170848; 31=0; 150=4; 39=4; 54=1; 17=exec20220414170850; 32=0; 41=algo20220414170848; 38=26680; 60=2022-04-14-17:08:50; 6=0.0; 14=10672; 37=algo20220414170848; 10=252;
8=FIX4.4; 35=D; 34=105; 49=MTHREE; 56=MS; 52=2022-04-14-17:08:52; 55=ANF; 40=2; 38=10267; 21=2; 11=algo20220414170852; 60=2022-04-14-17:08:52; 54=2; 44=9.10; 10=0252;
8=FIX4.4; 35=8; 34=170; 49=MS; 56=MTHREE; 52=2022-04-14-17:08:52; 55=ANF; 40=2; 11=algo20220414170852; 31=9.10; 150=0; 39=0; 54=2; 44=9.10; 32=0; 17=exec20220414170852; 38=10267; 60=2022-04-14-17:08:52; 6=0; 14=0; 37=algo20220414170852; 10=200;
8=FIX4.4; 35=F; 34=105; 49=MTHREE; 56=MS; 52=2022-04-14-17:08:52; 41=algo20220414170852; 55=ANF; 38=10267; 11=C_algo20220414170852; 60=2022-04-14-17:08:52; 10=060;
8=FIX4.4; 35=8; 34=170; 49=MS; 56=MTHREE; 52=2022-04-14-17:08:52; 55=ANF; 11=C_algo20220414170852; 31=0; 150=6; 39=6; 54=2; 44=9.10; 17=exec20220414170852; 32=0; 41=algo20220414170852; 38=10267; 60=2022-04-14-17:08:52; 6=0.0; 14=0; 37=algo20220414170852; 10=252;
8=FIX4.4; 35=8; 34=171; 49=MS; 56=MTHREE; 52=2022-04-14-17:08:52; 151=5134; 55=ANF; 11=C_algo20220414170852; 31=0; 150=4; 39=4; 54=2; 17=exec20220414170852; 32=0; 41=algo20220414170852; 38=10267; 60=2022-04-14-17:08:52; 6=0.0; 14=0; 37=algo20220414170852; 10=252;
8=FIX4.4; 35=D; 34=107; 49=MTHREE; 56=MS; 52=2022-04-14-17:08:55; 55=ABM; 40=2; 38=4332; 21=2; 11=algo20220414170855; 60=2022-04-14-17:08:55; 54=1; 44=31.64; 10=0252;
8=FIX4.4; 35=8; 34=173; 49=MS; 56=MTHREE; 52=2022-04-14-17:08:55; 55=ABM; 40=2; 11=algo20220414170855; 31=31.64; 150=0; 39=0; 54=1; 44=31.64; 32=0; 17=exec20220414170855; 38=4332; 60=2022-04-14-17:08:55; 6=0; 14=0; 37=algo20220414170855; 10=200;
8=FIX4.4; 35=8; 34=174; 49=MS; 56=MTHREE; 52=2022-04-14-17:08:55; 55=ABM; 40=2; 11=algo20220414170855; 31=31.64; 150=1; 39=1; 54=1; 44=31.64; 32=2166; 17=exec20220414170855; 38=4332; 60=2022-04-14-17:08:55; 6=31.64; 14=2166; 37=algo20220414170855; 10=240;
8=FIX4.4; 35=8; 34=175; 49=MS; 56=MTHREE; 52=2022-04-14-17:08:57; 55=ABM; 40=2; 11=algo20220414170855; 31=31.64; 150=2; 39=2; 54=1; 44=31.64; 32=2166; 17=exec20220414170857; 38=4332; 60=2022-04-14-17:08:57; 6=31.64; 14=4332; 37=algo20220414170855; 10=246;
8=FIX4.4; 35=D; 34=108; 49=MTHREE; 56=MS; 52=2022-04-14-17:08:57; 55=AAPL; 40=2; 38=31166; 21=2; 11=algo20220414170857; 60=2022-04-14-17:08:57; 54=2; 44=284.65; 10=0252;
8=FIX4.4; 35=8; 34=176; 49=MS; 56=MTHREE; 52=2022-04-14-17:08:57; 55=AAPL; 40=2; 11=algo20220414170857; 31=284.65; 150=0; 39=0; 54=2; 44=284.65; 32=0; 17=exec20220414170857; 38=31166; 60=2022-04-14-17:08:57; 6=0; 14=0; 37=algo20220414170857; 10=200;
8=FIX4.4; 35=F; 34=108; 49=MTHREE; 56=MS; 52=2022-04-14-17:08:57; 41=algo20220414170857; 55=AAPL; 38=31166; 11=C_algo20220414170857; 60=2022-04-14-17:08:57; 10=060;
8=FIX4.4; 35=8; 34=176; 49=MS; 56=MTHREE; 52=2022-04-14-17:08:57; 55=AAPL; 11=C_algo20220414170857; 31=0; 150=6; 39=6; 54=2; 44=284.65; 17=exec20220414170857; 32=0; 41=algo20220414170857; 38=31166; 60=2022-04-14-17:08:57; 6=0.0; 14=0; 37=algo20220414170857; 10=252;
8=FIX4.4; 35=8; 34=177; 49=MS; 56=MTHREE; 52=2022-04-14-17:08:57; 151=24933; 55=AAPL; 11=C_algo20220414170857; 31=0; 150=4; 39=4; 54=2; 17=exec20220414170857; 32=0; 41=algo20220414170857; 38=31166; 60=2022-04-14-17:08:57; 6=0.0; 14=0; 37=algo20220414170857; 10=252;
8=FIX4.4; 35=D; 34=110; 49=MTHREE; 56=MS; 52=2022-04-14-17:08:59; 55=PEP; 40=2; 38=8392; 21=2; 11=algo20220414170859; 60=2022-04-14-17:08:59; 54=1; 44=45.43; 10=0252;
8=FIX4.4; 35=8; 34=179; 49=MS; 56=MTHREE; 52=2022-04-14-17:08:59; 55=PEP; 40=2; 11=algo20220414170859; 31=45.43; 150=0; 39=0; 54=1; 44=45.43; 32=0; 17=exec20220414170859; 38=8392; 60=2022-04-14-17:08:59; 6=0; 14=0; 37=algo20220414170859; 10=200;
8=FIX4.4; 35=8; 34=180; 49=MS; 56=MTHREE; 52=2022-04-14-17:08:59; 55=PEP; 40=2; 11=algo20220414170859; 31=45.43; 150=1; 39=1; 54=1; 44=45.43; 32=4196; 17=exec20220414170859; 38=8392; 60=2022-04-14-17:08:59; 6=45.43; 14=4196; 37=algo20220414170859; 10=240;
8=FIX4.4; 35=8; 34=181; 49=MS; 56=MTHREE; 52=2022-04-14-17:09:01; 55=PEP; 40=2; 11=algo20220414170859; 31=45.43; 150=2; 39=2; 54=1; 44=45.43; 32=4196; 17=exec20220414170901; 38=8392; 60=2022-04-14-17:09:01; 6=45.43; 14=8392; 37=algo20220414170859; 10=246;
8=FIX4.4; 35=D; 34=111; 49=MTHREE; 56=MS; 52=2022-04-14-17:09:01; 55=; 40=2; 38=19296; 21=2; 11=algo20220414170901; 60=2022-04-14-17:09:01; 54=2; 44=; 10=0252;
8=FIX4.4; 35=8; 34=182; 49=MS; 56=MTHREE; 52=2022-04-14-17:09:01; 55=; 40=2; 11=algo20220414170901; 31=; 150=0; 39=0; 54=2; 44=; 32=0; 17=exec20220414170901; 38=19296; 60=2022-04-14-17:09:01; 6=0; 14=0; 37=algo20220414170901; 10=200;
8=FIX4.4; 35=F; 34=111; 49=MTHREE; 56=MS; 52=2022-04-14-17:09:01; 41=algo20220414170901; 55=; 38=19296; 11=C_algo20220414170901; 60=2022-04-14-17:09:01; 10=060;
8=FIX4.4; 35=8; 34=182; 49=MS; 56=MTHREE; 52=2022-04-14-17:09:01; 55=; 11=C_algo20220414170901; 31=0; 150=6; 39=6; 54=2; 44=; 17=exec20220414170901; 32=0; 41=algo20220414170901; 38=19296; 60=2022-04-14-17:09:01; 6=0.0; 14=0; 37=algo20220414170901; 10=252;
8=FIX4.4; 35=8; 34=183; 49=MS; 56=MTHREE; 52=2022-04-14-17:09:01; 151=15437; 55=; 11=C_algo20220414170901; 31=0; 150=4; 39=4; 54=2; 17=exec20220414170901; 32=0; 41=algo20220414170901; 38=19296; 60=2022-04-14-17:09:01; 6=0.0; 14=0; 37=algo20220414170901; 10=252;
