8=FIX4.4; 35=A; 34=1; 49=MTHREE; 56=MS; 52=2022-04-14-17:02:44; 108=30; 10=0015;
8=FIX4.4; 35=A; 34=1; 49=MS; 56=MTHREE; 52=2022-04-14-17:02:44; 108=30; 10=0016;
8=FIX4.4; 35=0; 34=2; 49=MTHREE; 56=MS; 52=2022-04-14-17:02:44; 108=30; 10=0015;
8=FIX4.4; 35=0; 34=2; 49=MS; 56=MTHREE; 52=2022-04-14-17:02:44; 108=30; 10=0015;
8=FIX4.4; 35=0; 34=3; 49=MTHREE; 56=MS; 52=2022-04-14-17:02:46; 108=30; 10=0015;
8=FIX4.4; 35=0; 34=3; 49=MS; 56=MTHREE; 52=2022-04-14-17:02:46; 108=30; 10=0015;
8=FIX4.4; 35=0; 34=4; 49=MTHREE; 56=MS; 52=2022-04-14-17:02:48; 108=30; 10=0015;
8=FIX4.4; 35=0; 34=4; 49=MS; 56=MTHREE; 52=2022-04-14-17:02:48; 108=30; 10=0015;
8=FIX4.4; 35=0; 34=5; 49=MTHREE; 56=MS; 52=2022-04-14-17:02:50; 108=30; 10=0015;
8=FIX4.4; 35=0; 34=5; 49=MS; 56=MTHREE; 52=2022-04-14-17:02:50; 108=30; 10=0015;
8=FIX4.4; 35=0; 34=6; 49=MTHREE; 56=MS; 52=2022-04-14-17:02:52; 108=30; 10=0015;
8=FIX4.4; 35=0; 34=6; 49=MS; 56=MTHREE; 52=2022-04-14-17:02:52; 108=30; 10=0015;
8=FIX4.4; 35=0; 34=7; 49=MTHREE; 56=MS; 52=2022-04-14-17:02:54; 108=30; 10=0015;
8=FIX4.4; 35=0; 34=7; 49=MS; 56=MTHREE; 52=2022-04-14-17:02:54; 108=30; 10=0015;
8=FIX4.4; 35=0; 34=8; 49=MTHREE; 56=MS; 52=2022-04-14-17:02:56; 108=30; 10=0015;
8=FIX4.4; 35=0; 34=8; 49=MS; 56=MTHREE; 52=2022-04-14-17:02:56; 108=30; 10=0015;
8=FIX4.4; 35=0; 34=9; 49=MTHREE; 56=MS; 52=2022-04-14-17:02:58; 108=30; 10=0015;
8=FIX4.4; 35=0; 34=9; 49=MS; 56=MTHREE; 52=2022-04-14-17:02:58; 108=30; 10=0015;
8=FIX4.4; 35=0; 34=10; 49=MTHREE; 56=MS; 52=2022-04-14-17:03:00; 108=30; 10=0015;
8=FIX4.4; 35=0; 34=10; 49=MS; 56=MTHREE; 52=2022-04-14-17:03:00; 108=30; 10=0015;
8=FIX4.4; 35=0; 34=11; 49=MTHREE; 56=MS; 52=2022-04-14-17:03:03; 108=30; 10=0015;
8=FIX4.4; 35=0; 34=11; 49=MS; 56=MTHREE; 52=2022-04-14-17:03:03; 108=30; 10=0015;
8=FIX4.4; 35=0; 34=12; 49=MTHREE; 56=MS; 52=2022-04-14-17:03:05; 108=30; 10=0015;
8=FIX4.4; 35=0; 34=12; 49=MS; 56=MTHREE; 52=2022-04-14-17:03:05; 108=30; 10=0015;
8=FIX4.4; 35=0; 34=13; 49=MTHREE; 56=MS; 52=2022-04-14-17:03:07; 108=30; 10=0015;
8=FIX4.4; 35=0; 34=13; 49=MS; 56=MTHREE; 52=2022-04-14-17:03:07; 108=30; 10=0015;
8=FIX4.4; 35=0; 34=14; 49=MTHREE; 56=MS; 52=2022-04-14-17:03:09; 108=30; 10=0015;
8=FIX4.4; 35=0; 34=14; 49=MS; 56=MTHREE; 52=2022-04-14-17:03:09; 108=30; 10=0015;
8=FIX4.4; 35=0; 34=15; 49=MTHREE; 56=MS; 52=2022-04-14-17:03:11; 108=30; 10=0015;
8=FIX4.4; 35=0; 34=15; 49=MS; 56=MTHREE; 52=2022-04-14-17:03:11; 108=30; 10=0015;
8=FIX4.4; 35=0; 34=16; 49=MTHREE; 56=MS; 52=2022-04-14-17:03:13; 108=30; 10=0015;
8=FIX4.4; 35=0; 34=16; 49=MS; 56=MTHREE; 52=2022-04-14-17:03:13; 108=30; 10=0015;
8=FIX4.4; 35=0; 34=17; 49=MTHREE; 56=MS; 52=2022-04-14-17:03:15; 108=30; 10=0015;
8=FIX4.4; 35=0; 34=17; 49=MS; 56=MTHREE; 52=2022-04-14-17:03:15; 108=30; 10=0015;
8=FIX4.4; 35=0; 34=18; 49=MTHREE; 56=MS; 52=2022-04-14-17:03:17; 108=30; 10=0015;
8=FIX4.4; 35=0; 34=18; 49=MS; 56=MTHREE; 52=2022-04-14-17:03:17; 108=30; 10=0015;
8=FIX4.4; 35=0; 34=19; 49=MTHREE; 56=MS; 52=2022-04-14-17:03:19; 108=30; 10=0015;
8=FIX4.4; 35=0; 34=19; 49=MS; 56=MTHREE; 52=2022-04-14-17:03:19; 108=30; 10=0015;
8=FIX4.4; 35=0; 34=20; 49=MTHREE; 56=MS; 52=2022-04-14-17:03:21; 108=30; 10=0015;
8=FIX4.4; 35=0; 34=20; 49=MS; 56=MTHREE; 52=2022-04-14-17:03:21; 108=30; 10=0015;
8=FIX4.4; 35=0; 34=21; 49=MTHREE; 56=MS; 52=2022-04-14-17:03:23; 108=30; 10=0015;
8=FIX4.4; 35=0; 34=21; 49=MS; 56=MTHREE; 52=2022-04-14-17:03:23; 108=30; 10=0015;
8=FIX4.4; 35=0; 34=22; 49=MTHREE; 56=MS; 52=2022-04-14-17:03:25; 108=30; 10=0015;
8=FIX4.4; 35=0; 34=22; 49=MS; 56=MTHREE; 52=2022-04-14-17:03:25; 108=30; 10=0015;
8=FIX4.4; 35=0; 34=23; 49=MTHREE; 56=MS; 52=2022-04-14-17:03:27; 108=30; 10=0015;
8=FIX4.4; 35=0; 34=23; 49=MS; 56=MTHREE; 52=2022-04-14-17:03:27; 108=30; 10=0015;
8=FIX4.4; 35=0; 34=24; 49=MTHREE; 56=MS; 52=2022-04-14-17:03:29; 108=30; 10=0015;
8=FIX4.4; 35=0; 34=24; 49=MS; 56=MTHREE; 52=2022-04-14-17:03:29; 108=30; 10=0015;
8=FIX4.4; 35=0; 34=25; 49=MTHREE; 56=MS; 52=2022-04-14-17:03:31; 108=30; 10=0015;
8=FIX4.4; 35=0; 34=25; 49=MS; 56=MTHREE; 52=2022-04-14-17:03:31; 108=30; 10=0015;
8=FIX4.4; 35=0; 34=26; 49=MTHREE; 56=MS; 52=2022-04-14-17:03:33; 108=30; 10=0015;
8=FIX4.4; 35=0; 34=26; 49=MS; 56=MTHREE; 52=2022-04-14-17:03:33; 108=30; 10=0015;
8=FIX4.4; 35=0; 34=27; 49=MTHREE; 56=MS; 52=2022-04-14-17:03:35; 108=30; 10=0015;
8=FIX4.4; 35=0; 34=27; 49=MS; 56=MTHREE; 52=2022-04-14-17:03:35; 108=30; 10=0015;
8=FIX4.4; 35=0; 34=28; 49=MTHREE; 56=MS; 52=2022-04-14-17:03:37; 108=30; 10=0015;
8=FIX4.4; 35=0; 34=28; 49=MS; 56=MTHREE; 52=2022-04-14-17:03:37; 108=30; 10=0015;
8=FIX4.4; 35=0; 34=29; 49=MTHREE; 56=MS; 52=2022-04-14-17:03:39; 108=30; 10=0015;
8=FIX4.4; 35=0; 34=29; 49=MS; 56=MTHREE; 52=2022-04-14-17:03:39; 108=30; 10=0015;
8=FIX4.4; 35=0; 34=30; 49=MTHREE; 56=MS; 52=2022-04-14-17:03:41; 108=30; 10=0015;
8=FIX4.4; 35=0; 34=30; 49=MS; 56=MTHREE; 52=2022-04-14-17:03:41; 108=30; 10=0015;
8=FIX4.4; 35=0; 34=31; 49=MTHREE; 56=MS; 52=2022-04-14-17:03:43; 108=30; 10=0015;
8=FIX4.4; 35=0; 34=31; 49=MS; 56=MTHREE; 52=2022-04-14-17:03:43; 108=30; 10=0015;
8=FIX4.4; 35=0; 34=32; 49=MTHREE; 56=MS; 52=2022-04-14-17:03:45; 108=30; 10=0015;
8=FIX4.4; 35=0; 34=32; 49=MS; 56=MTHREE; 52=2022-04-14-17:03:45; 108=30; 10=0015;
8=FIX4.4; 35=0; 34=33; 49=MTHREE; 56=MS; 52=2022-04-14-17:03:47; 108=30; 10=0015;
8=FIX4.4; 35=0; 34=33; 49=MS; 56=MTHREE; 52=2022-04-14-17:03:47; 108=30; 10=0015;
8=FIX4.4; 35=0; 34=34; 49=MTHREE; 56=MS; 52=2022-04-14-17:03:49; 108=30; 10=0015;
8=FIX4.4; 35=0; 34=34; 49=MS; 56=MTHREE; 52=2022-04-14-17:03:49; 108=30; 10=0015;
8=FIX4.4; 35=0; 34=35; 49=MTHREE; 56=MS; 52=2022-04-14-17:03:51; 108=30; 10=0015;
8=FIX4.4; 35=0; 34=35; 49=MS; 56=MTHREE; 52=2022-04-14-17:03:51; 108=30; 10=0015;
8=FIX4.4; 35=0; 34=36; 49=MTHREE; 56=MS; 52=2022-04-14-17:03:53; 108=30; 10=0015;
8=FIX4.4; 35=0; 34=36; 49=MS; 56=MTHREE; 52=2022-04-14-17:03:53; 108=30; 10=0015;
8=FIX4.4; 35=0; 34=37; 49=MTHREE; 56=MS; 52=2022-04-14-17:03:55; 108=30; 10=0015;
8=FIX4.4; 35=0; 34=37; 49=MS; 56=MTHREE; 52=2022-04-14-17:03:55; 108=30; 10=0015;
8=FIX4.4; 35=0; 34=38; 49=MTHREE; 56=MS; 52=2022-04-14-17:03:57; 108=30; 10=0015;
8=FIX4.4; 35=0; 34=38; 49=MS; 56=MTHREE; 52=2022-04-14-17:03:57; 108=30; 10=0015;
8=FIX4.4; 35=0; 34=39; 49=MTHREE; 56=MS; 52=2022-04-14-17:03:59; 108=30; 10=0015;
8=FIX4.4; 35=0; 34=39; 49=MS; 56=MTHREE; 52=2022-04-14-17:03:59; 108=30; 10=0015;
8=FIX4.4; 35=0; 34=40; 49=MTHREE; 56=MS; 52=2022-04-14-17:04:01; 108=30; 10=0015;
8=FIX4.4; 35=0; 34=40; 49=MS; 56=MTHREE; 52=2022-04-14-17:04:01; 108=30; 10=0015;
8=FIX4.4; 35=0; 34=41; 49=MTHREE; 56=MS; 52=2022-04-14-17:04:03; 108=30; 10=0015;
8=FIX4.4; 35=0; 34=41; 49=MS; 56=MTHREE; 52=2022-04-14-17:04:03; 108=30; 10=0015;
8=FIX4.4; 35=0; 34=42; 49=MTHREE; 56=MS; 52=2022-04-14-17:04:05; 108=30; 10=0015;
8=FIX4.4; 35=0; 34=42; 49=MS; 56=MTHREE; 52=2022-04-14-17:04:05; 108=30; 10=0015;
8=FIX4.4; 35=0; 34=43; 49=MTHREE; 56=MS; 52=2022-04-14-17:04:07; 108=30; 10=0015;
8=FIX4.4; 35=0; 34=43; 49=MS; 56=MTHREE; 52=2022-04-14-17:04:07; 108=30; 10=0015;
8=FIX4.4; 35=0; 34=44; 49=MTHREE; 56=MS; 52=2022-04-14-17:04:09; 108=30; 10=0015;
8=FIX4.4; 35=0; 34=44; 49=MS; 56=MTHREE; 52=2022-04-14-17:04:09; 108=30; 10=0015;
8=FIX4.4; 35=0; 34=45; 49=MTHREE; 56=MS; 52=2022-04-14-17:04:11; 108=30; 10=0015;
8=FIX4.4; 35=0; 34=45; 49=MS; 56=MTHREE; 52=2022-04-14-17:04:11; 108=30; 10=0015;
8=FIX4.4; 35=0; 34=46; 49=MTHREE; 56=MS; 52=2022-04-14-17:04:13; 108=30; 10=0015;
8=FIX4.4; 35=0; 34=46; 49=MS; 56=MTHREE; 52=2022-04-14-17:04:13; 108=30; 10=0015;
8=FIX4.4; 35=0; 34=47; 49=MTHREE; 56=MS; 52=2022-04-14-17:04:15; 108=30; 10=0015;
8=FIX4.4; 35=0; 34=47; 49=MS; 56=MTHREE; 52=2022-04-14-17:04:15; 108=30; 10=0015;
8=FIX4.4; 35=0; 34=48; 49=MTHREE; 56=MS; 52=2022-04-14-17:04:17; 108=30; 10=0015;
8=FIX4.4; 35=0; 34=48; 49=MS; 56=MTHREE; 52=2022-04-14-17:04:17; 108=30; 10=0015;
8=FIX4.4; 35=0; 34=49; 49=MTHREE; 56=MS; 52=2022-04-14-17:04:20; 108=30; 10=0015;
8=FIX4.4; 35=0; 34=49; 49=MS; 56=MTHREE; 52=2022-04-14-17:04:20; 108=30; 10=0015;
8=FIX4.4; 35=0; 34=50; 49=MTHREE; 56=MS; 52=2022-04-14-17:04:22; 108=30; 10=0015;
8=FIX4.4; 35=0; 34=50; 49=MS; 56=MTHREE; 52=2022-04-14-17:04:22; 108=30; 10=0015;
8=FIX4.4; 35=0; 34=51; 49=MTHREE; 56=MS; 52=2022-04-14-17:04:24; 108=30; 10=0015;
8=FIX4.4; 35=0; 34=51; 49=MS; 56=MTHREE; 52=2022-04-14-17:04:24; 108=30; 10=0015;
8=FIX4.4; 35=D; 34=52; 49=MTHREE; 56=MS; 52=2022-04-14-17:04:26; 55=AAPL; 40=2; 38=2900; 21=2; 11=algo20220414170426; 60=2022-04-14-17:04:26; 54=1; 44=1276.37; 10=0252;
8=FIX4.4; 35=8; 34=52; 49=MS; 56=MTHREE; 52=2022-04-14-17:04:26; 55=AAPL; 40=2; 11=algo20220414170426; 31=1276.37; 150=0; 39=0; 54=1; 44=1276.37; 32=0; 17=exec20220414170426; 38=2900; 60=2022-04-14-17:04:26; 6=0; 14=0; 37=algo20220414170426; 10=200;
8=FIX4.4; 35=8; 34=53; 49=MS; 56=MTHREE; 52=2022-04-14-17:04:26; 55=AAPL; 40=2; 11=algo20220414170426; 31=1276.37; 150=1; 39=1; 54=1; 44=1276.37; 32=725; 17=exec20220414170426; 38=2900; 60=2022-04-14-17:04:26; 6=1276.37; 14=725; 37=algo20220414170426; 10=240;
8=FIX4.4; 35=8; 34=54; 49=MS; 56=MTHREE; 52=2022-04-14-17:04:27; 55=AAPL; 40=2; 11=algo20220414170426; 31=1276.37; 150=1; 39=1; 54=1; 44=1276.37; 32=725; 17=exec20220414170427; 38=2900; 60=2022-04-14-17:04:27; 6=1276.37; 14=1450; 37=algo20220414170426; 10=240;
8=FIX4.4; 35=8; 34=55; 49=MS; 56=MTHREE; 52=2022-04-14-17:04:28; 55=AAPL; 40=2; 11=algo20220414170426; 31=1276.37; 150=1; 39=1; 54=1; 44=1276.37; 32=725; 17=exec20220414170428; 38=2900; 60=2022-04-14-17:04:28; 6=1276.37; 14=2175; 37=algo20220414170426; 10=240;
8=FIX4.4; 35=8; 34=56; 49=MS; 56=MTHREE; 52=2022-04-14-17:04:30; 55=AAPL; 40=2; 11=algo20220414170426; 31=1276.37; 150=2; 39=2; 54=1; 44=1276.37; 32=725; 17=exec20220414170430; 38=2900; 60=2022-04-14-17:04:30; 6=1276.37; 14=2900; 37=algo20220414170426; 10=246;
8=FIX4.4; 35=D; 34=53; 49=MTHREE; 56=MS; 52=2022-04-14-17:04:30; 55=MSFT; 40=2; 38=20163; 21=2; 11=algo20220414170430; 60=2022-04-14-17:04:30; 54=2; 44=59.89; 10=0252;
8=FIX4.4; 35=8; 34=57; 49=MS; 56=MTHREE; 52=2022-04-14-17:04:30; 55=MSFT; 40=2; 11=algo20220414170430; 31=59.89; 150=0; 39=0; 54=2; 44=59.89; 32=0; 17=exec20220414170430; 38=20163; 60=2022-04-14-17:04:30; 6=0; 14=0; 37=algo20220414170430; 10=200;
8=FIX4.4; 35=F; 34=53; 49=MTHREE; 56=MS; 52=2022-04-14-17:04:30; 41=algo20220414170430; 55=MSFT; 38=20163; 11=C_algo20220414170430; 60=2022-04-14-17:04:30; 10=060;
8=FIX4.4; 35=8; 34=57; 49=MS; 56=MTHREE; 52=2022-04-14-17:04:30; 55=MSFT; 11=C_algo20220414170430; 31=0; 150=6; 39=6; 54=2; 44=59.89; 17=exec20220414170430; 32=0; 41=algo20220414170430; 38=20163; 60=2022-04-14-17:04:30; 6=0.0; 14=0; 37=algo20220414170430; 10=252;
8=FIX4.4; 35=8; 34=58; 49=MS; 56=MTHREE; 52=2022-04-14-17:04:30; 151=13442; 55=MSFT; 11=C_algo20220414170430; 31=0; 150=4; 39=4; 54=2; 17=exec20220414170430; 32=0; 41=algo20220414170430; 38=20163; 60=2022-04-14-17:04:30; 6=0.0; 14=0; 37=algo20220414170430; 10=252;
8=FIX4.4; 35=D; 34=55; 49=MTHREE; 56=MS; 52=2022-04-14-17:04:32; 55=AMZN; 40=2; 38=30158; 21=2; 11=algo20220414170432; 60=2022-04-14-17:04:32; 54=1; 44=133.47; 10=0252;
8=FIX4.4; 35=8; 34=60; 49=MS; 56=MTHREE; 52=2022-04-14-17:04:32; 55=AMZN; 40=2; 11=algo20220414170432; 31=133.47; 150=0; 39=0; 54=1; 44=133.47; 32=0; 17=exec20220414170432; 38=30158; 60=2022-04-14-17:04:32; 6=0; 14=0; 37=algo20220414170432; 10=200;
8=FIX4.4; 35=8; 34=61; 49=MS; 56=MTHREE; 52=2022-04-14-17:04:32; 55=AMZN; 40=2; 11=algo20220414170432; 31=133.47; 150=1; 39=1; 54=1; 44=133.47; 32=10052; 17=exec20220414170432; 38=30158; 60=2022-04-14-17:04:32; 6=133.47; 14=10052; 37=algo20220414170432; 10=240;
8=FIX4.4; 35=8; 34=62; 49=MS; 56=MTHREE; 52=2022-04-14-17:04:33; 55=AMZN; 40=2; 11=algo20220414170432; 31=133.47; 150=1; 39=1; 54=1; 44=133.47; 32=10052; 17=exec20220414170433; 38=30158; 60=2022-04-14-17:04:33; 6=133.47; 14=20104; 37=algo20220414170432; 10=240;
8=FIX4.4; 35=8; 34=63; 49=MS; 56=MTHREE; 52=2022-04-14-17:04:35; 55=AMZN; 40=2; 11=algo20220414170432; 31=133.47; 150=2; 39=2; 54=1; 44=133.47; 32=10054; 17=exec20220414170435; 38=30158; 60=2022-04-14-17:04:35; 6=133.47; 14=30158; 37=algo20220414170432; 10=246;
8=FIX4.4; 35=D; 34=56; 49=MTHREE; 56=MS; 52=2022-04-14-17:04:35; 55=FB; 40=2; 38=11019; 21=2; 11=algo20220414170435; 60=2022-04-14-17:04:35; 54=2; 44=430.62; 10=0252;
8=FIX4.4; 35=8; 34=64; 49=MS; 56=MTHREE; 52=2022-04-14-17:04:35; 55=FB; 40=2; 11=algo20220414170435; 31=430.62; 150=0; 39=0; 54=2; 44=430.62; 32=0; 17=exec20220414170435; 38=11019; 60=2022-04-14-17:04:35; 6=0; 14=0; 37=algo20220414170435; 10=200;
8=FIX4.4; 35=F; 34=56; 49=MTHREE; 56=MS; 52=2022-04-14-17:04:35; 41=algo20220414170435; 55=FB; 38=11019; 11=C_algo20220414170435; 60=2022-04-14-17:04:35; 10=060;
8=FIX4.4; 35=8; 34=64; 49=MS; 56=MTHREE; 52=2022-04-14-17:04:35; 55=FB; 11=C_algo20220414170435; 31=0; 150=6; 39=6; 54=2; 44=430.62; 17=exec20220414170435; 32=0; 41=algo20220414170435; 38=11019; 60=2022-04-14-17:04:35; 6=0.0; 14=0; 37=algo20220414170435; 10=252;
8=FIX4.4; 35=8; 34=65; 49=MS; 56=MTHREE; 52=2022-04-14-17:04:35; 151=8265; 55=FB; 11=C_algo20220414170435; 31=0; 150=4; 39=4; 54=2; 17=exec20220414170435; 32=0; 41=algo20220414170435; 38=11019; 60=2022-04-14-17:04:35; 6=0.0; 14=0; 37=algo20220414170435; 10=252;
8=FIX4.4; 35=D; 34=58; 49=MTHREE; 56=MS; 52=2022-04-14-17:04:37; 55=GOOG; 40=2; 38=21014; 21=2; 11=algo20220414170437; 60=2022-04-14-17:04:37; 54=1; 44=42.05; 10=0252;
8=FIX4.4; 35=8; 34=67; 49=MS; 56=MTHREE; 52=2022-04-14-17:04:37; 55=GOOG; 40=2; 11=algo20220414170437; 31=42.05; 150=0; 39=0; 54=1; 44=42.05; 32=0; 17=exec20220414170437; 38=21014; 60=2022-04-14-17:04:37; 6=0; 14=0; 37=algo20220414170437; 10=200;
8=FIX4.4; 35=8; 34=68; 49=MS; 56=MTHREE; 52=2022-04-14-17:04:37; 55=GOOG; 40=2; 11=algo20220414170437; 31=42.05; 150=1; 39=1; 54=1; 44=42.05; 32=5253; 17=exec20220414170437; 38=21014; 60=2022-04-14-17:04:37; 6=42.05; 14=5253; 37=algo20220414170437; 10=240;
8=FIX4.4; 35=8; 34=69; 49=MS; 56=MTHREE; 52=2022-04-14-17:04:38; 55=GOOG; 40=2; 11=algo20220414170437; 31=42.05; 150=1; 39=1; 54=1; 44=42.05; 32=5253; 17=exec20220414170438; 38=21014; 60=2022-04-14-17:04:38; 6=42.05; 14=10506; 37=algo20220414170437; 10=240;
8=FIX4.4; 35=F; 34=58; 49=MTHREE; 56=MS; 52=2022-04-14-17:04:39; 41=algo20220414170437; 55=GOOG; 38=21014; 11=C_algo20220414170437; 60=2022-04-14-17:04:39; 10=060;
8=FIX4.4; 35=8; 34=69; 49=MS; 56=MTHREE; 52=2022-04-14-17:04:39; 55=GOOG; 11=C_algo20220414170437; 31=0; 150=6; 39=6; 54=1; 44=42.05; 17=exec20220414170439; 32=0; 41=algo20220414170437; 38=21014; 60=2022-04-14-17:04:39; 6=0.0; 14=10506; 37=algo20220414170437; 10=252;
8=FIX4.4; 35=8; 34=70; 49=MS; 56=MTHREE; 52=2022-04-14-17:04:39; 151=5255; 55=GOOG; 11=C_algo20220414170437; 31=0; 150=4; 39=4; 54=1; 17=exec20220414170439; 32=0; 41=algo20220414170437; 38=21014; 60=2022-04-14-17:04:39; 6=0.0; 14=10506; 37=algo20220414170437; 10=252;
8=FIX4.4; 35=D; 34=60; 49=MTHREE; 56=MS; 52=2022-04-14-17:04:41; 55=GOOGL; 40=2; 38=24165; 21=2; 11=algo20220414170441; 60=2022-04-14-17:04:41; 54=2; 44=289.20; 10=0252;
8=FIX4.4; 35=8; 34=72; 49=MS; 56=MTHREE; 52=2022-04-14-17:04:41; 55=GOOGL; 40=2; 11=algo20220414170441; 31=289.20; 150=0; 39=0; 54=2; 44=289.20; 32=0; 17=exec20220414170441; 38=24165; 60=2022-04-14-17:04:41; 6=0; 14=0; 37=algo20220414170441; 10=200;
8=FIX4.4; 35=F; 34=60; 49=MTHREE; 56=MS; 52=2022-04-14-17:04:41; 41=algo20220414170441; 55=GOOGL; 38=24165; 11=C_algo20220414170441; 60=2022-04-14-17:04:41; 10=060;
8=FIX4.4; 35=8; 34=72; 49=MS; 56=MTHREE; 52=2022-04-14-17:04:41; 55=GOOGL; 11=C_algo20220414170441; 31=0; 150=6; 39=6; 54=2; 44=289.20; 17=exec20220414170441; 32=0; 41=algo20220414170441; 38=24165; 60=2022-04-14-17:04:41; 6=0.0; 14=0; 37=algo20220414170441; 10=252;
8=FIX4.4; 35=8; 34=73; 49=MS; 56=MTHREE; 52=2022-04-14-17:04:41; 151=19332; 55=GOOGL; 11=C_algo20220414170441; 31=0; 150=4; 39=4; 54=2; 17=exec20220414170441; 32=0; 41=algo20220414170441; 38=24165; 60=2022-04-14-17:04:41; 6=0.0; 14=0; 37=algo20220414170441; 10=252;
8=FIX4.4; 35=D; 34=62; 49=MTHREE; 56=MS; 52=2022-04-14-17:04:43; 55=INTC; 40=2; 38=1392; 21=2; 11=algo20220414170443; 60=2022-04-14-17:04:43; 54=1; 44=339.13; 10=0252;
8=FIX4.4;; 34=75; 49=MS; 56=MTHREE; 52=2022-04-14-17:04:43; 55=INTC; 40=2; 11=algo20220414170443; 31=339.13; 150=0; 39=0; 54=1; 44=339.13; 32=0; 17=exec20220414170443; 38=1392; 60=2022-04-14-17:04:43; 6=0; 14=0; 37=algo20220414170443; 10=200;
8=FIX4.4; 35=8; 34=76; 49=MS; 56=MTHREE; 52=2022-04-14-17:04:43; 55=INTC; 40=2; 11=algo20220414170443; 31=339.13; 150=1; 39=1; 54=1; 44=339.13; 32=696; 17=exec20220414170443; 38=1392; 60=2022-04-14-17:04:43; 6=339.13; 14=696; 37=algo20220414170443; 10=240;
8=FIX4.4; 35=8; 34=77; 49=MS; 56=MTHREE; 52=2022-04-14-17:04:45; 55=INTC; 40=2; 11=algo20220414170443; 31=339.13; 150=2; 39=2; 54=1; 44=339.13; 32=696; 17=exec20220414170445; 38=1392; 60=2022-04-14-17:04:45; 6=339.13; 14=1392; 37=algo20220414170443; 10=246;
8=FIX4.4; 35=D; 34=63; 49=MTHREE; 56=MS; 52=2022-04-14-17:04:45; 55=PEP; 40=2; 38=28225; 21=2; 11=algo20220414170445; 60=2022-04-14-17:04:45; 54=2; 44=36.21; 10=0252;
8=FIX4.4; 35=8; 34=78; 49=MS; 56=MTHREE; 52=2022-04-14-17:04:45; 55=PEP; 40=2; 11=algo20220414170445; 31=36.21; 150=0; 39=0; 54=2; 44=36.21; 32=0; 17=exec20220414170445; 38=28225; 60=2022-04-14-17:04:45; 6=0; 14=0; 37=algo20220414170445; 10=200;
8=FIX4.4; 35=F; 34=63; 49=MTHREE; 56=MS; 52=2022-04-14-17:04:45; 41=algo20220414170445; 55=PEP; 38=28225; 11=C_algo20220414170445; 60=2022-04-14-17:04:45; 10=060;
8=FIX4.4; 35=8; 34=78; 49=MS; 56=MTHREE; 52=2022-04-14-17:04:45; 55=PEP; 11=C_algo20220414170445; 31=0; 150=6; 39=6; 54=2; 44=36.21; 17=exec20220414170445; 32=0; 41=algo20220414170445; 38=28225; 60=2022-04-14-17:04:45; 6=0.0; 14=0; 37=algo20220414170445; 10=252;
8=FIX4.4; 35=8; 34=79; 49=MS; 56=MTHREE; 52=2022-04-14-17:04:45; 151=22580; 55=PEP; 11=C_algo20220414170445; 31=0; 150=4; 39=4; 54=2; 17=exec20220414170445; 32=0; 41=algo20220414170445; 38=28225; 60=2022-04-14-17:04:45; 6=0.0; 14=0; 37=algo20220414170445; 10=252;
8=FIX4.4; 35=D; 34=65; 49=MTHREE; 56=MS; 52=2022-04-14-17:04:47; 55=NFLX; 40=2; 38=5452; 21=2; 11=algo20220414170447; 60=2022-04-14-17:04:47; 54=1; 44=306.71; 10=0252;
8=FIX4.4; 35=8; 34=81; 49=MS; 56=MTHREE; 52=2022-04-14-17:04:47; 55=NFLX; 40=2; 11=algo20220414170447; 31=306.71; 150=0; 39=0; 54=1; 44=306.71; 32=0; 17=exec20220414170447; 38=5452; 60=2022-04-14-17:04:47; 6=0; 14=0; 37=algo20220414170447; 10=200;
8=FIX4.4; 35=8; 34=82; 49=MS; 56=MTHREE; 52=2022-04-14-17:04:48; 55=NFLX; 40=2; 11=algo20220414170447; 31=306.71; 150=2; 39=2; 54=1; 44=306.71; 32=5452; 17=exec20220414170448; 38=5452; 60=2022-04-14-17:04:48; 6=306.71; 14=5452; 37=algo20220414170447; 10=246;
8=FIX4.4; 35=D; 34=66; 49=MTHREE; 56=MS; 52=2022-04-14-17:04:48; 55=CSCO; 40=2; 38=12721; 21=2; 11=algo20220414170448; 60=2022-04-14-17:04:48; 54=1; 44=233.73; 10=0252;
8=FIX4.4; 35=8; 34=83; 49=MS; 56=MTHREE; 52=2022-04-14-17:04:48; 55=CSCO; 40=2; 11=algo20220414170448; 31=233.73; 150=0; 39=0; 54=1; 44=233.73; 32=0; 17=exec20220414170448; 38=12721; 60=2022-04-14-17:04:48; 6=0; 14=0; 37=algo20220414170448; 10=200;
8=FIX4.4; 35=F; 34=66; 49=MTHREE; 56=MS; 52=2022-04-14-17:04:48; 41=algo20220414170448; 55=CSCO; 38=12721; 11=C_algo20220414170448; 60=2022-04-14-17:04:48; 10=060;
8=FIX4.4; 35=8; 34=83; 49=MS; 56=MTHREE; 52=2022-04-14-17:04:48; 55=CSCO; 11=C_algo20220414170448; 31=0; 150=6; 39=6; 54=1; 44=233.73; 17=exec20220414170448; 32=0; 41=algo20220414170448; 38=12721; 60=2022-04-14-17:04:48; 6=0.0; 14=0; 37=algo20220414170448; 10=252;
8=FIX4.4; 35=8; 34=84; 49=MS; 56=MTHREE; 52=2022-04-14-17:04:48; 151=10177; 55=CSCO; 11=C_algo20220414170448; 31=0; 150=4; 39=4; 54=1; 17=exec20220414170448; 32=0; 41=algo20220414170448; 38=12721; 60=2022-04-14-17:04:48; 6=0.0; 14=0; 37=algo20220414170448; 10=252;
8=FIX4.4; 35=D; 34=68; 49=MTHREE; 56=MS; 52=2022-04-14-17:04:50; 55=AMGN; 40=2; 38=22715; 21=2; 11=algo20220414170450; 60=2022-04-14-17:04:50; 54=2; 44=116.62; 10=0252;
8=FIX4.4; 35=8; 34=86; 49=MS; 56=MTHREE; 52=2022-04-14-17:04:50; 55=AMGN; 40=2; 11=algo20220414170450; 31=116.62; 150=0; 39=0; 54=2; 44=116.62; 32=0; 17=exec20220414170450; 38=22715; 60=2022-04-14-17:04:50; 6=0; 14=0; 37=algo20220414170450; 10=200;
8=FIX4.4; 35=F; 34=68; 49=MTHREE; 56=MS; 52=2022-04-14-17:04:50; 41=algo20220414170450; 55=AMGN; 38=22715; 11=C_algo20220414170450; 60=2022-04-14-17:04:50; 10=060;
8=FIX4.4; 35=8; 34=86; 49=MS; 56=MTHREE; 52=2022-04-14-17:04:50; 55=AMGN; 11=C_algo20220414170450; 31=0; 150=6; 39=6; 54=2; 44=116.62; 17=exec20220414170450; 32=0; 41=algo20220414170450; 38=22715; 60=2022-04-14-17:04:50; 6=0.0; 14=0; 37=algo20220414170450; 10=252;
8=FIX4.4; 35=8; 34=87; 49=MS; 56=MTHREE; 52=2022-04-14-17:04:50; 151=18172; 55=AMGN; 11=C_algo20220414170450; 31=0; 150=4; 39=4; 54=2; 17=exec20220414170450; 32=0; 41=algo20220414170450; 38=22715; 60=2022-04-14-17:04:50; 6=0.0; 14=0; 37=algo20220414170450; 10=252;
8=FIX4.4; 35=D; 34=70; 49=MTHREE; 56=MS; 52=2022-04-14-17:04:53; 55=PYPL; 40=2; 38=16781; 21=2; 11=algo20220414170453; 60=2022-04-14-17:04:53; 54=1; 44=723.61; 10=0252;
8=FIX4.4; 35=8; 34=89; 49=MS; 56=MTHREE; 52=2022-04-14-17:04:53; 55=PYPL; 40=2; 11=algo20220414170453; 31=723.61; 150=0; 39=0; 54=1; 44=723.61; 32=0; 17=exec20220414170453; 38=16781; 60=2022-04-14-17:04:53; 6=0; 14=0; 37=algo20220414170453; 10=200;
8=FIX4.4; 35=8; 34=90; 49=MS; 56=MTHREE; 52=2022-04-14-17:04:53; 55=PYPL; 40=2; 11=algo20220414170453; 31=723.61; 150=1; 39=1; 54=1; 44=723.61; 32=3356; 17=exec20220414170453; 38=16781; 60=2022-04-14-17:04:53; 6=723.61; 14=3356; 37=algo20220414170453; 10=240;
8=FIX4.4; 35=F; 34=70; 49=MTHREE; 56=MS; 52=2022-04-14-17:04:54; 41=algo20220414170453; 55=PYPL; 38=16781; 11=C_algo20220414170453; 60=2022-04-14-17:04:54; 10=060;
8=FIX4.4; 35=8; 34=90; 49=MS; 56=MTHREE; 52=2022-04-14-17:04:54; 55=PYPL; 11=C_algo20220414170453; 31=0; 150=6; 39=6; 54=1; 44=723.61; 17=exec20220414170454; 32=0; 41=algo20220414170453; 38=16781; 60=2022-04-14-17:04:54; 6=0.0; 14=3356; 37=algo20220414170453; 10=252;
8=FIX4.4; 35=8; 34=91; 49=MS; 56=MTHREE; 52=2022-04-14-17:04:54; 151=10069; 55=PYPL; 11=C_algo20220414170453; 31=0; 150=4; 39=4; 54=1; 17=exec20220414170454; 32=0; 41=algo20220414170453; 38=16781; 60=2022-04-14-17:04:54; 6=0.0; 14=3356; 37=algo20220414170453; 10=252;
8=FIX4.4; 35=D; 34=72; 49=MTHREE; 56=MS; 52=2022-04-14-17:04:56; 55=TSLA; 40=2; 38=13571; 21=2; 11=algo20220414170456; 60=2022-04-14-17:04:56; 54=2; 44=503.77; 10=0252;
8=FIX4.4; 35=8; 34=93; 49=MS; 56=MTHREE; 52=2022-04-14-17:04:56; 55=TSLA; 40=2; 11=algo20220414170456; 31=503.77; 150=0; 39=0; 54=2; 44=503.77; 32=0; 17=exec20220414170456; 38=13571; 60=2022-04-14-17:04:56; 6=0; 14=0; 37=algo20220414170456; 10=200;
8=FIX4.4; 35=8; 34=94; 49=MS; 56=MTHREE; 52=2022-04-14-17:04:57; 55=TSLA; 40=2; 11=algo20220414170456; 31=503.77; 150=2; 39=2; 54=2; 44=503.77; 32=13571; 17=exec20220414170457; 38=13571; 60=2022-04-14-17:04:57; 6=503.77; 14=13571; 37=algo20220414170456; 10=246;
8=FIX4.4; 35=D; 34=73; 49=MTHREE; 56=MS; 52=2022-04-14-17:04:57; 55=TXN; 40=2; 38=20840; 21=2; 11=algo20220414170457; 60=2022-04-14-17:04:57; 54=1; 44=112.46; 10=0252;
8=FIX4.4; 35=8; 34=95; 49=MS; 56=MTHREE; 52=2022-04-14-17:04:57; 55=TXN; 40=2; 11=algo20220414170457; 31=112.46; 150=0; 39=0; 54=1; 44=112.46; 32=0; 17=exec20220414170457; 38=20840; 60=2022-04-14-17:04:57; 6=0; 14=0; 37=algo20220414170457; 10=200;
8=FIX4.4; 35=8; 34=96; 49=MS; 56=MTHREE; 52=2022-04-14-17:04:57; 55=TXN; 40=2; 11=algo20220414170457; 31=112.46; 150=1; 39=1; 54=1; 44=112.46; 32=4168; 17=exec20220414170457; 38=20840; 60=2022-04-14-17:04:57; 6=112.46; 14=4168; 37=algo20220414170457; 10=240;
8=FIX4.4; 35=8; 34=97; 49=MS; 56=MTHREE; 52=2022-04-14-17:04:58; 55=TXN; 40=2; 11=algo20220414170457; 31=112.46; 150=1; 39=1; 54=1; 44=112.46; 32=4168; 17=exec20220414170458; 38=20840; 60=2022-04-14-17:04:58; 6=112.46; 14=8336; 37=algo20220414170457; 10=240;
8=FIX4.4; 35=8; 34=98; 49=MS; 56=MTHREE; 52=2022-04-14-17:04:59; 55=TXN; 40=2; 11=algo20220414170457; 31=112.46; 150=1; 39=1; 54=1; 44=112.46; 32=4168; 17=exec20220414170459; 38=20840; 60=2022-04-14-17:04:59; 6=112.46; 14=12504; 37=algo20220414170457; 10=240;
8=FIX4.4; 35=F; 34=73; 49=MTHREE; 56=MS; 52=2022-04-14-17:05:00; 41=algo20220414170457; 55=TXN; 38=20840; 11=C_algo20220414170457; 60=2022-04-14-17:05:00; 10=060;
8=FIX4.4; 35=8; 34=98; 49=MS; 56=MTHREE; 52=2022-04-14-17:05:00; 55=TXN; 11=C_algo20220414170457; 31=0; 150=6; 39=6; 54=1; 44=112.46; 17=exec20220414170500; 32=0; 41=algo20220414170457; 38=20840; 60=2022-04-14-17:05:00; 6=0.0; 14=12504; 37=algo20220414170457; 10=252;
8=FIX4.4; 35=8; 34=99; 49=MS; 56=MTHREE; 52=2022-04-14-17:05:00; 151=4168; 55=TXN; 11=C_algo20220414170457; 31=0; 150=4; 39=4; 54=1; 17=exec20220414170500; 32=0; 41=algo20220414170457; 38=20840; 60=2022-04-14-17:05:00; 6=0.0; 14=12504; 37=algo20220414170457; 10=252;
8=FIX4.4; 35=D; 34=75; 49=MTHREE; 56=MS; 52=2022-04-14-17:05:02; 55=AVGO; 40=2; 38=23991; 21=2; 11=algo20220414170502; 60=2022-04-14-17:05:02; 54=2; 44=262.99; 10=0252;
8=FIX4.4; 35=8; 34=101; 49=MS; 56=MTHREE; 52=2022-04-14-17:05:02; 55=AVGO; 40=2; 11=algo20220414170502; 31=262.99; 150=0; 39=0; 54=2; 44=262.99; 32=0; 17=exec20220414170502; 38=23991; 60=2022-04-14-17:05:02; 6=0; 14=0; 37=algo20220414170502; 10=200;
8=FIX4.4; 35=8; 34=102; 49=MS; 56=MTHREE; 52=2022-04-14-17:05:03; 55=AVGO; 40=2; 11=algo20220414170502; 31=262.99; 150=2; 39=2; 54=2; 44=262.99; 32=23991; 17=exec20220414170503; 38=23991; 60=2022-04-14-17:05:03; 6=262.99; 14=23991; 37=algo20220414170502; 10=246;
8=FIX4.4; 35=D; 34=76; 49=MTHREE; 56=MS; 52=2022-04-14-17:05:03; 55=GILD; 40=2; 38=31260; 21=2; 11=algo20220414170503; 60=2022-04-14-17:05:03; 54=1; 44=82.91; 10=0252;
8=FIX4.4; 35=8; 34=103; 49=MS; 56=MTHREE; 52=2022-04-14-17:05:03; 55=GILD; 40=2; 11=algo20220414170503; 31=82.91; 150=0; 39=0; 54=1; 44=82.91; 32=0; 17=exec20220414170503; 38=31260; 60=2022-04-14-17:05:03; 6=0; 14=0; 37=algo20220414170503; 10=200;
8=FIX4.4; 35=8; 34=104; 49=MS; 56=MTHREE; 52=2022-04-14-17:05:03; 55=GILD; 40=2; 11=algo20220414170503; 31=82.91; 150=1; 39=1; 54=1; 44=82.91; 32=6252; 17=exec20220414170503; 38=31260; 60=2022-04-14-17:05:03; 6=82.91; 14=6252; 37=algo20220414170503; 10=240;
8=FIX4.4; 35=8; 34=105; 49=MS; 56=MTHREE; 52=2022-04-14-17:05:04; 55=GILD; 40=2; 11=algo20220414170503; 31=82.91; 150=1; 39=1; 54=1; 44=82.91; 32=6252; 17=exec20220414170504; 38=31260; 60=2022-04-14-17:05:04; 6=82.91; 14=12504; 37=algo20220414170503; 10=240;
8=FIX4.4; 35=F; 34=76; 49=MTHREE; 56=MS; 52=2022-04-14-17:05:05; 41=algo20220414170503; 55=GILD; 38=31260; 11=C_algo20220414170503; 60=2022-04-14-17:05:05; 10=060;
8=FIX4.4; 35=8; 34=105; 49=MS; 56=MTHREE; 52=2022-04-14-17:05:05; 55=GILD; 11=C_algo20220414170503; 31=0; 150=6; 39=6; 54=1; 44=82.91; 17=exec20220414170505; 32=0; 41=algo20220414170503; 38=31260; 60=2022-04-14-17:05:05; 6=0.0; 14=12504; 37=algo20220414170503; 10=252;
8=FIX4.4; 35=8; 34=106; 49=MS; 56=MTHREE; 52=2022-04-14-17:05:05; 151=12504; 55=GILD; 11=C_algo20220414170503; 31=0; 150=4; 39=4; 54=1; 17=exec20220414170505; 32=0; 41=algo20220414170503; 38=31260; 60=2022-04-14-17:05:05; 6=0.0; 14=12504; 37=algo20220414170503; 10=252;
8=FIX4.4; 35=D; 34=78; 49=MTHREE; 56=MS; 52=2022-04-14-17:05:07; 55=SBUX; 40=2; 38=14847; 21=2; 11=algo20220414170507; 60=2022-04-14-17:05:07; 54=2; 44=75.71; 10=0252;
8=FIX4.4; 35=8; 34=108; 49=MS; 56=MTHREE; 52=2022-04-14-17:05:07; 55=SBUX; 40=2; 11=algo20220414170507; 31=75.71; 150=0; 39=0; 54=2; 44=75.71; 32=0; 17=exec20220414170507; 38=14847; 60=2022-04-14-17:05:07; 6=0; 14=0; 37=algo20220414170507; 10=200;
8=FIX4.4; 35=F; 34=78; 49=MTHREE; 56=MS; 52=2022-04-14-17:05:07; 41=algo20220414170507; 55=SBUX; 38=14847; 11=C_algo20220414170507; 60=2022-04-14-17:05:07; 10=060;
8=FIX4.4; 35=8; 34=108; 49=MS; 56=MTHREE; 52=2022-04-14-17:05:07; 55=SBUX; 11=C_algo20220414170507; 31=0; 150=6; 39=6; 54=2; 44=75.71; 17=exec20220414170507; 32=0; 41=algo20220414170507; 38=14847; 60=2022-04-14-17:05:07; 6=0.0; 14=0; 37=algo20220414170507; 10=252;
8=FIX4.4; 35=8; 34=109; 49=MS; 56=MTHREE; 52=2022-04-14-17:05:07; 151=7424; 55=SBUX; 11=C_algo20220414170507; 31=0; 150=4; 39=4; 54=2; 17=exec20220414170507; 32=0; 41=algo20220414170507; 38=14847; 60=2022-04-14-17:05:07; 6=0.0; 14=0; 37=algo20220414170507; 10=252;
8=FIX4.4; 35=D; 34=80; 49=MTHREE; 56=MS; 52=2022-04-14-17:05:09; 55=QCOM; 40=2; 38=24842; 21=2; 11=algo20220414170509; 60=2022-04-14-17:05:09; 54=1; 44=75.47; 10=0252;
8=FIX4.4; 35=8; 34=111; 49=MS; 56=MTHREE; 52=2022-04-14-17:05:09; 55=QCOM; 40=2; 11=algo20220414170509; 31=75.47; 150=0; 39=0; 54=1; 44=75.47; 32=0; 17=exec20220414170509; 38=24842; 60=2022-04-14-17:05:09; 6=0; 14=0; 37=algo20220414170509; 10=200;
75.47; 150=1; 39=1; 54=1; 44=75.47; 32=12421; 17=exec20220414170509; 38=24842; 60=2022-04-14-17:05:09; 6=75.47; 14=12421; 37=algo20220414170509; 10=240;
8=FIX4.4; 35=8; 34=113; 49=MS; 56=MTHREE; 52=2022-04-14-17:05:11; 55=QCOM; 40=2; 11=algo20220414170509; 31=75.47; 150=2; 39=2; 54=1; 44=75.47; 32=12421; 17=exec20220414170511; 38=24842; 60=2022-04-14-17:05:11; 6=75.47; 14=24842; 37=algo20220414170509; 10=246;
8=FIX4.4; 35=D; 34=81; 49=MTHREE; 56=MS; 52=2022-04-14-17:05:11; 55=TMUS; 40=2; 38=18907; 21=2; 11=algo20220414170511; 60=2022-04-14-17:05:11; 54=2; 44=90.74; 10=0252;
8=FIX4.4; 35=8; 34=114; 49=MS; 56=MTHREE; 52=2022-04-14-17:05:11; 55=TMUS; 40=2; 11=algo20220414170511; 31=90.74; 150=0; 39=0; 54=2; 44=90.74; 32=0; 17=exec20220414170511; 38=18907; 60=2022-04-14-17:05:11; 6=0; 14=0; 37=algo20220414170511; 10=200;
8=FIX4.4; 35=F; 34=81; 49=MTHREE; 56=MS; 52=2022-04-14-17:05:11; 41=algo20220414170511; 55=TMUS; 38=18907; 11=C_algo20220414170511; 60=2022-04-14-17:05:11; 10=060;
8=FIX4.4; 35=8; 34=114; 49=MS; 56=MTHREE; 52=2022-04-14-17:05:11; 55=TMUS; 11=C_algo20220414170511; 31=0; 150=6; 39=6; 54=2; 44=90.74; 17=exec20220414170511; 32=0; 41=algo20220414170511; 38=18907; 60=2022-04-14-17:05:11; 6=0.0; 14=0; 37=algo20220414170511; 10=252;
8=FIX4.4; 35=8; 34=115; 49=MS; 56=MTHREE; 52=2022-04-14-17:05:11; 151=9454; 55=TMUS; 11=C_algo20220414170511; 31=0; 150=4; 39=4; 54=2; 17=exec20220414170511; 32=0; 41=algo20220414170511; 38=18907; 60=2022-04-14-17:05:11; 6=0.0; 14=0; 37=algo20220414170511; 10=252;
8=FIX4.4; 35=D; 34=83; 49=MTHREE; 56=MS; 52=2022-04-14-17:05:13; 55=MDLZ; 40=2; 38=28902; 21=2; 11=algo20220414170513; 60=2022-04-14-17:05:13; 54=1; 44=52.26; 10=0252;
8=FIX4.4; 35=8; 34=117; 49=MS; 56=MTHREE; 52=2022-04-14-17:05:13; 55=MDLZ; 40=2; 11=algo20220414170513; 31=52.26; 150=0; 39=0; 54=1; 44=52.26; 32=0; 17=exec20220414170513; 38=28902; 60=2022-04-14-17:05:13; 6=0; 14=0; 37=algo20220414170513; 10=200;
8=FIX4.4; 35=8; 34=118; 49=MS; 56=MTHREE; 52=2022-04-14-17:05:13; 55=MDLZ; 40=2; 11=algo20220414170513; 31=52.26; 150=1; 39=1; 54=1; 44=52.26; 32=14451; 17=exec20220414170513; 38=28902; 60=2022-04-14-17:05:13; 6=52.26; 14=14451; 37=algo20220414170513; 10=240;
8=FIX4.4; 35=8; 34=119; 49=MS; 56=MTHREE; 52=2022-04-14-17:05:15; 55=MDLZ; 40=2; 11=algo20220414170513; 31=52.26; 150=2; 39=2; 54=1; 44=52.26; 32=14451; 17=exec20220414170515; 38=28902; 60=2022-04-14-17:05:15; 6=52.26; 14=28902; 37=algo20220414170513; 10=246;
8=FIX4.4; 35=D; 34=84; 49=MTHREE; 56=MS; 52=2022-04-14-17:05:15; 55=BAC; 40=2; 38=22967; 21=2; 11=algo20220414170515; 60=2022-04-14-17:05:15; 54=2; 44=22.03; 10=0252;
8=FIX4.4; 35=8; 34=120; 49=MS; 56=MTHREE; 52=2022-04-14-17:05:15; 55=BAC; 40=2; 11=algo20220414170515; 31=22.03; 150=0; 39=0; 54=2; 44=22.03; 32=0; 17=exec20220414170515; 38=22967; 60=2022-04-14-17:05:15; 6=0; 14=0; 37=algo20220414170515; 10=200;
8=FIX4.4; 35=F; 34=84; 49=MTHREE; 56=MS; 52=2022-04-14-17:05:15; 41=algo20220414170515; 55=BAC; 38=22967; 11=C_algo20220414170515; 60=2022-04-14-17:05:15; 10=060;
8=FIX4.4; 35=8; 34=120; 49=MS; 56=MTHREE; 52=2022-04-14-17:05:15; 55=BAC; 11=C_algo20220414170515; 31=0; 150=6; 39=6; 54=2; 44=22.03; 17=exec20220414170515; 32=0; 41=algo20220414170515; 38=22967; 60=2022-04-14-17:05:15; 6=0.0; 14=0; 37=algo20220414170515; 10=252;
8=FIX4.4; 35=8; 34=121; 49=MS; 56=MTHREE; 52=2022-04-14-17:05:15; 151=11484; 55=BAC; 11=C_algo20220414170515; 31=0; 150=4; 39=4; 54=2; 17=exec20220414170515; 32=0; 41=algo20220414170515; 38=22967; 60=2022-04-14-17:05:15; 6=0.0; 14=0; 37=algo20220414170515; 10=252;
8=FIX4.4; 35=D; 34=86; 49=MTHREE; 56=MS; 52=2022-04-14-17:05:17; 55=DDD; 40=2; 38=194; 21=2; 11=algo20220414170517; 60=2022-04-14-17:05:17; 54=2; 44=8.01; 10=0252;
8=FIX4.4; 35=8; 34=123; 49=MS; 56=MTHREE; 52=2022-04-14-17:05:17; 55=DDD; 40=2; 11=algo20220414170517; 31=8.01; 150=0; 39=0; 54=2; 44=8.01; 32=0; 17=exec20220414170517; 38=194; 60=2022-04-14-17:05:17; 6=0; 14=0; 37=algo20220414170517; 10=200;
8=FIX4.4; 35=8; 34=124; 49=MS; 56=MTHREE; 52=2022-04-14-17:05:17; 55=DDD; 40=2; 11=algo20220414170517; 31=8.01; 150=1; 39=1; 54=2; 44=8.01; 32=64; 17=exec20220414170517; 38=194; 60=2022-04-14-17:05:17; 6=8.01; 14=64; 37=algo20220414170517; 10=240;
8=FIX4.4; 35=8; 34=125; 49=MS; 56=MTHREE; 52=2022-04-14-17:05:18; 55=DDD; 40=2; 11=algo20220414170517; 31=8.01; 150=1; 39=1; 54=2; 44=8.01; 32=64; 17=exec20220414170518; 38=194; 60=2022-04-14-17:05:18; 6=8.01; 14=128; 37=algo20220414170517; 10=240;
8=FIX4.4; 35=8; 34=126; 49=MS; 56=MTHREE; 52=2022-04-14-17:05:20; 55=DDD; 40=2; 11=algo20220414170517; 31=8.01; 150=2; 39=2; 54=2; 44=8.01; 32=66; 17=exec20220414170520; 38=194; 60=2022-04-14-17:05:20; 6=8.01; 14=194; 37=algo20220414170517; 10=246;
8=FIX4.4; 35=D; 34=87; 49=MTHREE; 56=MS; 52=2022-04-14-17:05:20; 55=MMM; 40=2; 38=13823; 21=2; 11=algo20220414170520; 60=2022-04-14-17:05:20; 54=2; 44=146.98; 10=0252;
8=FIX4.4; 35=8; 34=127; 49=MS; 56=MTHREE; 52=2022-04-14-17:05:20; 55=MMM; 40=2; 11=algo20220414170520; 31=146.98; 150=0; 39=0; 54=2; 44=146.98; 32=0; 17=exec20220414170520; 38=13823; 60=2022-04-14-17:05:20; 6=0; 14=0; 37=algo20220414170520; 10=200;
8=FIX4.4; 35=F; 34=87; 49=MTHREE; 56=MS; 52=2022-04-14-17:05:20; 41=algo20220414170520; 55=MMM; 38=13823; 11=C_algo20220414170520; 60=2022-04-14-17:05:20; 10=060;
8=FIX4.4; 35=8; 34=127; 49=MS; 56=MTHREE; 52=2022-04-14-17:05:20; 55=MMM; 11=C_algo20220414170520; 31=0; 150=6; 39=6; 54=2; 44=146.98; 17=exec20220414170520; 32=0; 41=algo202204141705230; 38=13823; 60=2022-04-14-17:05:20; 6=0.0; 14=0; 37=algo20220414170520; 10=252;
8=FIX4.4; 35=8; 34=128; 49=MS; 56=MTHREE; 52=2022-04-14-17:05:20; 151=9216; 55=MMM; 11=C_algo20220414170520; 31=0; 150=4; 39=4; 54=2; 17=exec20220414170520; 32=0; 41=algo20220414170520; 38=13823; 60=2022-04-14-17:05:20; 6=0.0; 14=0; 37=algo20220414170520; 10=252;
8=FIX4.4; 35=D; 34=89; 49=MTHREE; 56=MS; 52=2022-04-14-17:05:22; 55=WBAI; 40=2; 38=7888; 21=2; 11=algo20220414170522; 60=2022-04-14-17:05:22; 54=1; 44=4.10; 10=0252;
8=FIX4.4; 35=8; 34=130; 49=MS; 56=MTHREE; 52=2022-04-14-17:05:22; 55=WBAI; 40=2; 11=algo20220414170522; 31=4.10; 150=0; 39=0; 54=1; 44=4.10; 32=0; 17=exec20220414170523; 38=7888; 60=2022-04-14-17:05:22; 6=0; 14=0; 37=algo20220414170522; 10=200;
8=FIX4.4; 35=8; 34=131; 49=MS; 56=MTHREE; 52=2022-04-14-17:05:24; 55=WBAI; 40=2; 11=algo20220414170522; 31=4.10; 150=2; 39=2; 54=1; 44=4.10; 32=7888; 17=exec20220414170524; 38=7888; 60=2022-04-14-17:05:24; 6=4.10; 14=7888; 37=algo20220414170522; 10=246;
8=FIX4.4; 35=D; 34=90; 49=MTHREE; 56=MS; 52=2022-04-14-17:05:24; 55=WUBA; 40=2; 38=31995; 21=2; 11=algo20220414170524; 60=2022-04-14-17:05:24; 54=2; 44=51.41; 10=0252;
8=FIX4.4; 35=8; 34=132; 49=MS; 56=MTHREE; 52=2022-04-14-17:05:24; 55=WUBA; 40=2; 11=algo20220414170524; 31=51.41; 150=0; 39=0; 54=2; 44=51.41; 32=0; 17=exec20220414170524; 38=31995; 60=2022-04-14-17:05:24; 6=0; 14=0; 37=algo20220414170524; 10=200;
8=FIX4.4; 35=F; 34=90; 49=MTHREE; 56=MS; 52=2022-04-14-17:05:24; 41=algo20220414170524; 55=WUBA; 38=31995; 11=C_algo20220414170524; 60=2022-04-14-17:05:24; 10=060;
8=FIX4.4; 35=8; 34=132; 49=MS; 56=MTHREE; 52=2022-04-14-17:05:24; 55=WUBA; 11=C_algo20220414170524; 31=0; 150=6; 39=6; 54=2; 44=51.41; 17=exec20220414170524; 32=0; 41=algo20220414170524; 38=31995; 60=2022-04-14-17:05:24; 6=0.0; 14=0; 37=algo20220414170524; 10=252;
8=FIX4.4; 35=8; 34=133; 49=MS; 56=MTHREE; 52=2022-04-14-17:05:24; 151=15998; 55=WUBA; 11=C_algo20220414170524; 31=0; 150=4; 39=4; 54=2; 17=exec20220414170524; 32=0; 41=algo20220414170524; 38=31995; 60=2022-04-14-17:05:24; 6=0.0; 14=0; 37=algo20220414170524; 10=252;
8=FIX4.4; 35=D; 34=92; 49=MTHREE; 56=MS; 52=2022-04-14-17:05:26; 55=EGHT; 40=2; 38=9222; 21=2; 11=algo20220414170526; 60=2022-04-14-17:05:26; 54=1; 44=17.03; 10=0252;
8=FIX4.4; 35=8; 34=135; 49=MS; 56=MTHREE; 52=2022-04-14-17:05:26; 55=EGHT; 40=2; 11=algo20220414170526; 31=17.03; 150=0; 39=0; 54=1; 44=17.03; 32=0; 17=exec20220414170526; 38=9222; 60=2022-04-14-17:05:26; 6=0; 14=0; 37=algo20220414170526; 10=200;
8=FIX4.4; 35=8; 34=136; 49=MS; 56=MTHREE; 52=2022-04-14-17:05:26; 55=EGHT; 40=2; 11=algo20220414170526; 31=17.03; 150=1; 39=1; 54=1; 44=17.03; 32=4611; 17=exec20220414170526; 38=9222; 60=2022-04-14-17:05:26; 6=17.03; 14=4611; 37=algo20220414170526; 10=240;
